<?xml version="1.0" encoding="utf-8"?>
<TestRun id="d3e35fce-b74a-406d-96d3-68ec6136bcf4" name="Ahmed.Ramadan@AHMED-RAMADAN 2026-01-30 16:14:22" runUser="TRANSFLO.COM\Ahmed.Ramadan" xmlns="http://microsoft.com/schemas/VisualStudio/TeamTest/2010">
  <Times creation="2026-01-30T16:14:22.0832375+02:00" queuing="2026-01-30T16:14:22.0832381+02:00" start="2026-01-30T16:14:20.4358336+02:00" finish="2026-01-30T16:14:27.9620601+02:00" />
  <TestSettings name="default" id="4ba403eb-480e-4467-bb95-26592e9d7214">
    <Deployment runDeploymentRoot="Ahmed.Ramadan_AHMED-RAMADAN_2026-01-30_16_14_22" />
  </TestSettings>
  <Results>
    <UnitTestResult executionId="bc38c69b-8ecf-430d-9f74-5d0bca594611" testId="ab846ba5-e3fe-7588-c464-dedc40291036" testName="ConstructionManagement.Tests.Integration.MediaUploadAndReviewIntegrationTests.UploadAndReviewMedia_WhenReviewNotRequired_AutoApproves" computerName="AHMED-RAMADAN" duration="00:00:00.0010000" startTime="2026-01-30T16:14:26.2310574+02:00" endTime="2026-01-30T16:14:26.2310578+02:00" testType="13cdc9d9-ddb5-4fa4-a97d-d965ccfc6d4b" outcome="Failed" testListId="8c84fa94-04c1-424b-9868-57a2d4851a1d" relativeResultsDirectory="bc38c69b-8ecf-430d-9f74-5d0bca594611">
      <Output>
        <ErrorInfo>
          <Message>Microsoft.Data.Sqlite.SqliteException : SQLite Error 19: 'FOREIGN KEY constraint failed'.</Message>
          <StackTrace>   at Microsoft.Data.Sqlite.SqliteException.ThrowExceptionForRC(Int32 rc, sqlite3 db)&#xD;
   at Microsoft.Data.Sqlite.SqliteDataReader.NextResult()&#xD;
   at Microsoft.Data.Sqlite.SqliteCommand.ExecuteReader(CommandBehavior behavior)&#xD;
   at Microsoft.Data.Sqlite.SqliteCommand.ExecuteReader()&#xD;
   at Microsoft.Data.Sqlite.SqliteCommand.ExecuteNonQuery()&#xD;
   at Microsoft.EntityFrameworkCore.Storage.RelationalCommand.ExecuteNonQuery(RelationalCommandParameterObject parameterObject)&#xD;
   at Microsoft.EntityFrameworkCore.Migrations.MigrationCommand.ExecuteNonQuery(IRelationalConnection connection, IReadOnlyDictionary`2 parameterValues)&#xD;
   at Microsoft.EntityFrameworkCore.Migrations.Internal.MigrationCommandExecutor.Execute(IReadOnlyList`1 migrationCommands, IRelationalConnection connection, MigrationExecutionState executionState, Boolean beginTransaction, Boolean commitTransaction, Nullable`1 isolationLevel)&#xD;
   at Microsoft.EntityFrameworkCore.Migrations.Internal.MigrationCommandExecutor.&lt;&gt;c.&lt;ExecuteNonQuery&gt;b__3_1(DbContext _, ValueTuple`6 s)&#xD;
   at Microsoft.EntityFrameworkCore.Storage.NonRetryingExecutionStrategy.Execute[TState,TResult](TState state, Func`3 operation, Func`3 verifySucceeded)&#xD;
   at Microsoft.EntityFrameworkCore.Migrations.Internal.MigrationCommandExecutor.ExecuteNonQuery(IReadOnlyList`1 migrationCommands, IRelationalConnection connection, MigrationExecutionState executionState, Boolean commitTransaction, Nullable`1 isolationLevel)&#xD;
   at Microsoft.EntityFrameworkCore.Storage.RelationalDatabaseCreator.CreateTables()&#xD;
   at Microsoft.EntityFrameworkCore.Storage.RelationalDatabaseCreator.EnsureCreated()&#xD;
   at Microsoft.EntityFrameworkCore.Infrastructure.DatabaseFacade.EnsureCreated()&#xD;
   at ConstructionManagement.Tests.Integration.IntegrationTestBase..ctor() in C:\Users\Ahmed.Ramadan\source\repos\Construction\tests\ConstructionManagement.Tests\Integration\IntegrationTestBase.cs:line 31&#xD;
   at ConstructionManagement.Tests.Integration.MediaUploadAndReviewIntegrationTests..ctor() in C:\Users\Ahmed.Ramadan\source\repos\Construction\tests\ConstructionManagement.Tests\Integration\MediaUploadAndReviewIntegrationTests.cs:line 19&#xD;
   at System.RuntimeType.CreateInstanceDefaultCtor(Boolean publicOnly, Boolean wrapExceptions)</StackTrace>
        </ErrorInfo>
      </Output>
    </UnitTestResult>
    <UnitTestResult executionId="53863961-158f-4409-9310-eb75c950e49e" testId="8ad5b2f4-c9cd-25d7-270d-820010fa721c" testName="ConstructionManagement.Tests.Unit.Domain.BOQMeasuredTests.RemainingQuantity_ShouldCalculateDifferenceCorrectly" computerName="AHMED-RAMADAN" duration="00:00:00.0003963" startTime="2026-01-30T16:14:22.2095643+02:00" endTime="2026-01-30T16:14:22.2095646+02:00" testType="13cdc9d9-ddb5-4fa4-a97d-d965ccfc6d4b" outcome="Passed" testListId="8c84fa94-04c1-424b-9868-57a2d4851a1d" relativeResultsDirectory="53863961-158f-4409-9310-eb75c950e49e" />
    <UnitTestResult executionId="669d0ead-d1a6-49c9-82f4-f28118fb291f" testId="7e24ea30-2b92-ec8e-d326-a66246dbf4bc" testName="ConstructionManagement.Tests.Unit.Services.ProjectTransactionServiceTests.GetProjectProfitabilityAsync_CalculatesTotalsCorrectly" computerName="AHMED-RAMADAN" duration="00:00:00.0110016" startTime="2026-01-30T16:14:23.3765605+02:00" endTime="2026-01-30T16:14:23.3765609+02:00" testType="13cdc9d9-ddb5-4fa4-a97d-d965ccfc6d4b" outcome="Passed" testListId="8c84fa94-04c1-424b-9868-57a2d4851a1d" relativeResultsDirectory="669d0ead-d1a6-49c9-82f4-f28118fb291f" />
    <UnitTestResult executionId="9f1a9c05-d7df-4262-b7ba-08588043e888" testId="f07a253f-6298-f114-f1da-44c416a9be47" testName="ConstructionManagement.Tests.Unit.Services.BOQItemServiceTests.GetBOQItemWithProgressAsync_WhenAgreedQuantityIsZero_ReturnsZeroProgress" computerName="AHMED-RAMADAN" duration="00:00:00.0031008" startTime="2026-01-30T16:14:22.0235984+02:00" endTime="2026-01-30T16:14:22.0235985+02:00" testType="13cdc9d9-ddb5-4fa4-a97d-d965ccfc6d4b" outcome="Passed" testListId="8c84fa94-04c1-424b-9868-57a2d4851a1d" relativeResultsDirectory="9f1a9c05-d7df-4262-b7ba-08588043e888" />
    <UnitTestResult executionId="387cf6cb-05a3-47fc-960a-c4ec08cf05fe" testId="036ff47d-e1a6-cd48-9dcc-2688ef9cbbc6" testName="ConstructionManagement.Tests.Integration.TransactionsReviewIntegrationTests.ReviewTransaction_WhenAlreadyReviewed_ShouldReturnFalse" computerName="AHMED-RAMADAN" duration="00:00:00.0010000" startTime="2026-01-30T16:14:25.5206282+02:00" endTime="2026-01-30T16:14:25.5206287+02:00" testType="13cdc9d9-ddb5-4fa4-a97d-d965ccfc6d4b" outcome="Failed" testListId="8c84fa94-04c1-424b-9868-57a2d4851a1d" relativeResultsDirectory="387cf6cb-05a3-47fc-960a-c4ec08cf05fe">
      <Output>
        <ErrorInfo>
          <Message>Microsoft.Data.Sqlite.SqliteException : SQLite Error 19: 'FOREIGN KEY constraint failed'.</Message>
          <StackTrace>   at Microsoft.Data.Sqlite.SqliteException.ThrowExceptionForRC(Int32 rc, sqlite3 db)&#xD;
   at Microsoft.Data.Sqlite.SqliteDataReader.NextResult()&#xD;
   at Microsoft.Data.Sqlite.SqliteCommand.ExecuteReader(CommandBehavior behavior)&#xD;
   at Microsoft.Data.Sqlite.SqliteCommand.ExecuteReader()&#xD;
   at Microsoft.Data.Sqlite.SqliteCommand.ExecuteNonQuery()&#xD;
   at Microsoft.EntityFrameworkCore.Storage.RelationalCommand.ExecuteNonQuery(RelationalCommandParameterObject parameterObject)&#xD;
   at Microsoft.EntityFrameworkCore.Migrations.MigrationCommand.ExecuteNonQuery(IRelationalConnection connection, IReadOnlyDictionary`2 parameterValues)&#xD;
   at Microsoft.EntityFrameworkCore.Migrations.Internal.MigrationCommandExecutor.Execute(IReadOnlyList`1 migrationCommands, IRelationalConnection connection, MigrationExecutionState executionState, Boolean beginTransaction, Boolean commitTransaction, Nullable`1 isolationLevel)&#xD;
   at Microsoft.EntityFrameworkCore.Migrations.Internal.MigrationCommandExecutor.&lt;&gt;c.&lt;ExecuteNonQuery&gt;b__3_1(DbContext _, ValueTuple`6 s)&#xD;
   at Microsoft.EntityFrameworkCore.Storage.NonRetryingExecutionStrategy.Execute[TState,TResult](TState state, Func`3 operation, Func`3 verifySucceeded)&#xD;
   at Microsoft.EntityFrameworkCore.Migrations.Internal.MigrationCommandExecutor.ExecuteNonQuery(IReadOnlyList`1 migrationCommands, IRelationalConnection connection, MigrationExecutionState executionState, Boolean commitTransaction, Nullable`1 isolationLevel)&#xD;
   at Microsoft.EntityFrameworkCore.Storage.RelationalDatabaseCreator.CreateTables()&#xD;
   at Microsoft.EntityFrameworkCore.Storage.RelationalDatabaseCreator.EnsureCreated()&#xD;
   at Microsoft.EntityFrameworkCore.Infrastructure.DatabaseFacade.EnsureCreated()&#xD;
   at ConstructionManagement.Tests.Integration.IntegrationTestBase..ctor() in C:\Users\Ahmed.Ramadan\source\repos\Construction\tests\ConstructionManagement.Tests\Integration\IntegrationTestBase.cs:line 31&#xD;
   at ConstructionManagement.Tests.Integration.TransactionsReviewIntegrationTests..ctor() in C:\Users\Ahmed.Ramadan\source\repos\Construction\tests\ConstructionManagement.Tests\Integration\TransactionsReviewIntegrationTests.cs:line 26&#xD;
   at System.RuntimeType.CreateInstanceDefaultCtor(Boolean publicOnly, Boolean wrapExceptions)</StackTrace>
        </ErrorInfo>
      </Output>
    </UnitTestResult>
    <UnitTestResult executionId="9986ddb1-cfc4-4956-be07-b7e80f997f42" testId="0344c0f5-a312-2e9e-23c5-ff75ed8d066d" testName="ConstructionManagement.Tests.Integration.EscalationIntegrationTests.CheckProjectAndItemDelaysAsync_ShouldCreateEscalationLog" computerName="AHMED-RAMADAN" duration="00:00:00.0010000" startTime="2026-01-30T16:14:24.6779014+02:00" endTime="2026-01-30T16:14:24.6779020+02:00" testType="13cdc9d9-ddb5-4fa4-a97d-d965ccfc6d4b" outcome="Failed" testListId="8c84fa94-04c1-424b-9868-57a2d4851a1d" relativeResultsDirectory="9986ddb1-cfc4-4956-be07-b7e80f997f42">
      <Output>
        <ErrorInfo>
          <Message>Microsoft.Data.Sqlite.SqliteException : SQLite Error 19: 'FOREIGN KEY constraint failed'.</Message>
          <StackTrace>   at Microsoft.Data.Sqlite.SqliteException.ThrowExceptionForRC(Int32 rc, sqlite3 db)&#xD;
   at Microsoft.Data.Sqlite.SqliteDataReader.NextResult()&#xD;
   at Microsoft.Data.Sqlite.SqliteCommand.ExecuteReader(CommandBehavior behavior)&#xD;
   at Microsoft.Data.Sqlite.SqliteCommand.ExecuteReader()&#xD;
   at Microsoft.Data.Sqlite.SqliteCommand.ExecuteNonQuery()&#xD;
   at Microsoft.EntityFrameworkCore.Storage.RelationalCommand.ExecuteNonQuery(RelationalCommandParameterObject parameterObject)&#xD;
   at Microsoft.EntityFrameworkCore.Migrations.MigrationCommand.ExecuteNonQuery(IRelationalConnection connection, IReadOnlyDictionary`2 parameterValues)&#xD;
   at Microsoft.EntityFrameworkCore.Migrations.Internal.MigrationCommandExecutor.Execute(IReadOnlyList`1 migrationCommands, IRelationalConnection connection, MigrationExecutionState executionState, Boolean beginTransaction, Boolean commitTransaction, Nullable`1 isolationLevel)&#xD;
   at Microsoft.EntityFrameworkCore.Migrations.Internal.MigrationCommandExecutor.&lt;&gt;c.&lt;ExecuteNonQuery&gt;b__3_1(DbContext _, ValueTuple`6 s)&#xD;
   at Microsoft.EntityFrameworkCore.Storage.NonRetryingExecutionStrategy.Execute[TState,TResult](TState state, Func`3 operation, Func`3 verifySucceeded)&#xD;
   at Microsoft.EntityFrameworkCore.Migrations.Internal.MigrationCommandExecutor.ExecuteNonQuery(IReadOnlyList`1 migrationCommands, IRelationalConnection connection, MigrationExecutionState executionState, Boolean commitTransaction, Nullable`1 isolationLevel)&#xD;
   at Microsoft.EntityFrameworkCore.Storage.RelationalDatabaseCreator.CreateTables()&#xD;
   at Microsoft.EntityFrameworkCore.Storage.RelationalDatabaseCreator.EnsureCreated()&#xD;
   at Microsoft.EntityFrameworkCore.Infrastructure.DatabaseFacade.EnsureCreated()&#xD;
   at ConstructionManagement.Tests.Integration.IntegrationTestBase..ctor() in C:\Users\Ahmed.Ramadan\source\repos\Construction\tests\ConstructionManagement.Tests\Integration\IntegrationTestBase.cs:line 31&#xD;
   at ConstructionManagement.Tests.Integration.EscalationIntegrationTests..ctor() in C:\Users\Ahmed.Ramadan\source\repos\Construction\tests\ConstructionManagement.Tests\Integration\EscalationIntegrationTests.cs:line 19&#xD;
   at System.RuntimeType.CreateInstanceDefaultCtor(Boolean publicOnly, Boolean wrapExceptions)</StackTrace>
        </ErrorInfo>
      </Output>
    </UnitTestResult>
    <UnitTestResult executionId="36b0554e-185d-40eb-acaa-39fd07dc1163" testId="6ba39f1e-a1b0-47cf-60e5-ebf92f79337f" testName="ConstructionManagement.Tests.Unit.Services.NotificationServiceTests.MarkAllAsReadAsync_WhenNoUnread_ShouldNotCallUpdate" computerName="AHMED-RAMADAN" duration="00:00:00.0041982" startTime="2026-01-30T16:14:22.0197938+02:00" endTime="2026-01-30T16:14:22.0197939+02:00" testType="13cdc9d9-ddb5-4fa4-a97d-d965ccfc6d4b" outcome="Passed" testListId="8c84fa94-04c1-424b-9868-57a2d4851a1d" relativeResultsDirectory="36b0554e-185d-40eb-acaa-39fd07dc1163" />
    <UnitTestResult executionId="6e1e8688-6052-40af-94d9-1ba76f4a4e46" testId="7edf6678-438f-8761-0ce3-503787d813d1" testName="ConstructionManagement.Tests.Integration.EscalationIntegrationTests.CheckProjectAndItemDelaysAsync_WhenNotificationsDisabled_DoesNothing" computerName="AHMED-RAMADAN" duration="00:00:00.0010000" startTime="2026-01-30T16:14:25.4437619+02:00" endTime="2026-01-30T16:14:25.4437624+02:00" testType="13cdc9d9-ddb5-4fa4-a97d-d965ccfc6d4b" outcome="Failed" testListId="8c84fa94-04c1-424b-9868-57a2d4851a1d" relativeResultsDirectory="6e1e8688-6052-40af-94d9-1ba76f4a4e46">
      <Output>
        <ErrorInfo>
          <Message>Microsoft.Data.Sqlite.SqliteException : SQLite Error 19: 'FOREIGN KEY constraint failed'.</Message>
          <StackTrace>   at Microsoft.Data.Sqlite.SqliteException.ThrowExceptionForRC(Int32 rc, sqlite3 db)&#xD;
   at Microsoft.Data.Sqlite.SqliteDataReader.NextResult()&#xD;
   at Microsoft.Data.Sqlite.SqliteCommand.ExecuteReader(CommandBehavior behavior)&#xD;
   at Microsoft.Data.Sqlite.SqliteCommand.ExecuteReader()&#xD;
   at Microsoft.Data.Sqlite.SqliteCommand.ExecuteNonQuery()&#xD;
   at Microsoft.EntityFrameworkCore.Storage.RelationalCommand.ExecuteNonQuery(RelationalCommandParameterObject parameterObject)&#xD;
   at Microsoft.EntityFrameworkCore.Migrations.MigrationCommand.ExecuteNonQuery(IRelationalConnection connection, IReadOnlyDictionary`2 parameterValues)&#xD;
   at Microsoft.EntityFrameworkCore.Migrations.Internal.MigrationCommandExecutor.Execute(IReadOnlyList`1 migrationCommands, IRelationalConnection connection, MigrationExecutionState executionState, Boolean beginTransaction, Boolean commitTransaction, Nullable`1 isolationLevel)&#xD;
   at Microsoft.EntityFrameworkCore.Migrations.Internal.MigrationCommandExecutor.&lt;&gt;c.&lt;ExecuteNonQuery&gt;b__3_1(DbContext _, ValueTuple`6 s)&#xD;
   at Microsoft.EntityFrameworkCore.Storage.NonRetryingExecutionStrategy.Execute[TState,TResult](TState state, Func`3 operation, Func`3 verifySucceeded)&#xD;
   at Microsoft.EntityFrameworkCore.Migrations.Internal.MigrationCommandExecutor.ExecuteNonQuery(IReadOnlyList`1 migrationCommands, IRelationalConnection connection, MigrationExecutionState executionState, Boolean commitTransaction, Nullable`1 isolationLevel)&#xD;
   at Microsoft.EntityFrameworkCore.Storage.RelationalDatabaseCreator.CreateTables()&#xD;
   at Microsoft.EntityFrameworkCore.Storage.RelationalDatabaseCreator.EnsureCreated()&#xD;
   at Microsoft.EntityFrameworkCore.Infrastructure.DatabaseFacade.EnsureCreated()&#xD;
   at ConstructionManagement.Tests.Integration.IntegrationTestBase..ctor() in C:\Users\Ahmed.Ramadan\source\repos\Construction\tests\ConstructionManagement.Tests\Integration\IntegrationTestBase.cs:line 31&#xD;
   at ConstructionManagement.Tests.Integration.EscalationIntegrationTests..ctor() in C:\Users\Ahmed.Ramadan\source\repos\Construction\tests\ConstructionManagement.Tests\Integration\EscalationIntegrationTests.cs:line 19&#xD;
   at System.RuntimeType.CreateInstanceDefaultCtor(Boolean publicOnly, Boolean wrapExceptions)</StackTrace>
        </ErrorInfo>
      </Output>
    </UnitTestResult>
    <UnitTestResult executionId="995773ae-32b2-4b2c-8de0-ac33444a856a" testId="b796699e-78ec-adee-5be3-441dceb657ae" testName="ConstructionManagement.Tests.Unit.Services.UserServiceTests.DeleteUserAsync_WhenValid_ShouldCallSaveChangesAsync" computerName="AHMED-RAMADAN" duration="00:00:00.0069702" startTime="2026-01-30T16:14:22.9853359+02:00" endTime="2026-01-30T16:14:22.9853362+02:00" testType="13cdc9d9-ddb5-4fa4-a97d-d965ccfc6d4b" outcome="Passed" testListId="8c84fa94-04c1-424b-9868-57a2d4851a1d" relativeResultsDirectory="995773ae-32b2-4b2c-8de0-ac33444a856a" />
    <UnitTestResult executionId="f23a495d-41e9-4edf-bd26-baa2c1474d26" testId="658f4c61-11bf-b0ff-b876-3026c2aacddc" testName="ConstructionManagement.Tests.Unit.Services.InvoiceServiceTests.GetInvoiceByIdAsync_ShouldMapAllFieldsCorrectly" computerName="AHMED-RAMADAN" duration="00:00:00.0079497" startTime="2026-01-30T16:14:25.1652719+02:00" endTime="2026-01-30T16:14:25.1652720+02:00" testType="13cdc9d9-ddb5-4fa4-a97d-d965ccfc6d4b" outcome="Passed" testListId="8c84fa94-04c1-424b-9868-57a2d4851a1d" relativeResultsDirectory="f23a495d-41e9-4edf-bd26-baa2c1474d26" />
    <UnitTestResult executionId="9e70b336-7871-498e-9b55-fb280d4e7e3e" testId="1c84a5ca-0b98-31d2-956d-de42336d668c" testName="ConstructionManagement.Tests.Unit.Services.EmailServiceTests.SendAsync_ShouldLogWarning_WhenInputArgumentsAreInvalid(to: &quot;&quot;, subject: &quot;Sub&quot;, body: &quot;Body&quot;)" computerName="AHMED-RAMADAN" duration="00:00:00.0025621" startTime="2026-01-30T16:14:22.0479648+02:00" endTime="2026-01-30T16:14:22.0479650+02:00" testType="13cdc9d9-ddb5-4fa4-a97d-d965ccfc6d4b" outcome="Passed" testListId="8c84fa94-04c1-424b-9868-57a2d4851a1d" relativeResultsDirectory="9e70b336-7871-498e-9b55-fb280d4e7e3e" />
    <UnitTestResult executionId="d8b40fb2-97c2-4aa0-a6e1-87080a76a795" testId="5caf9aef-e377-6426-2c52-54d115cde48b" testName="ConstructionManagement.Tests.Integration.MediaUploadAndReviewIntegrationTests.ReviewMedia_Approve_SetsApprovedStatus" computerName="AHMED-RAMADAN" duration="00:00:00.0010000" startTime="2026-01-30T16:14:25.9364018+02:00" endTime="2026-01-30T16:14:25.9364022+02:00" testType="13cdc9d9-ddb5-4fa4-a97d-d965ccfc6d4b" outcome="Failed" testListId="8c84fa94-04c1-424b-9868-57a2d4851a1d" relativeResultsDirectory="d8b40fb2-97c2-4aa0-a6e1-87080a76a795">
      <Output>
        <ErrorInfo>
          <Message>Microsoft.Data.Sqlite.SqliteException : SQLite Error 19: 'FOREIGN KEY constraint failed'.</Message>
          <StackTrace>   at Microsoft.Data.Sqlite.SqliteException.ThrowExceptionForRC(Int32 rc, sqlite3 db)&#xD;
   at Microsoft.Data.Sqlite.SqliteDataReader.NextResult()&#xD;
   at Microsoft.Data.Sqlite.SqliteCommand.ExecuteReader(CommandBehavior behavior)&#xD;
   at Microsoft.Data.Sqlite.SqliteCommand.ExecuteReader()&#xD;
   at Microsoft.Data.Sqlite.SqliteCommand.ExecuteNonQuery()&#xD;
   at Microsoft.EntityFrameworkCore.Storage.RelationalCommand.ExecuteNonQuery(RelationalCommandParameterObject parameterObject)&#xD;
   at Microsoft.EntityFrameworkCore.Migrations.MigrationCommand.ExecuteNonQuery(IRelationalConnection connection, IReadOnlyDictionary`2 parameterValues)&#xD;
   at Microsoft.EntityFrameworkCore.Migrations.Internal.MigrationCommandExecutor.Execute(IReadOnlyList`1 migrationCommands, IRelationalConnection connection, MigrationExecutionState executionState, Boolean beginTransaction, Boolean commitTransaction, Nullable`1 isolationLevel)&#xD;
   at Microsoft.EntityFrameworkCore.Migrations.Internal.MigrationCommandExecutor.&lt;&gt;c.&lt;ExecuteNonQuery&gt;b__3_1(DbContext _, ValueTuple`6 s)&#xD;
   at Microsoft.EntityFrameworkCore.Storage.NonRetryingExecutionStrategy.Execute[TState,TResult](TState state, Func`3 operation, Func`3 verifySucceeded)&#xD;
   at Microsoft.EntityFrameworkCore.Migrations.Internal.MigrationCommandExecutor.ExecuteNonQuery(IReadOnlyList`1 migrationCommands, IRelationalConnection connection, MigrationExecutionState executionState, Boolean commitTransaction, Nullable`1 isolationLevel)&#xD;
   at Microsoft.EntityFrameworkCore.Storage.RelationalDatabaseCreator.CreateTables()&#xD;
   at Microsoft.EntityFrameworkCore.Storage.RelationalDatabaseCreator.EnsureCreated()&#xD;
   at Microsoft.EntityFrameworkCore.Infrastructure.DatabaseFacade.EnsureCreated()&#xD;
   at ConstructionManagement.Tests.Integration.IntegrationTestBase..ctor() in C:\Users\Ahmed.Ramadan\source\repos\Construction\tests\ConstructionManagement.Tests\Integration\IntegrationTestBase.cs:line 31&#xD;
   at ConstructionManagement.Tests.Integration.MediaUploadAndReviewIntegrationTests..ctor() in C:\Users\Ahmed.Ramadan\source\repos\Construction\tests\ConstructionManagement.Tests\Integration\MediaUploadAndReviewIntegrationTests.cs:line 19&#xD;
   at System.RuntimeType.CreateInstanceDefaultCtor(Boolean publicOnly, Boolean wrapExceptions)</StackTrace>
        </ErrorInfo>
      </Output>
    </UnitTestResult>
    <UnitTestResult executionId="e343a6d6-1b49-48ab-b803-55c5b005b56b" testId="31e4024c-0d2e-85b0-acec-b93f4bf136a6" testName="ConstructionManagement.Tests.Integration.TransactionsReviewIntegrationTests.ReviewTransaction_Approve_ShouldUpdateFields" computerName="AHMED-RAMADAN" duration="00:00:00.0010000" startTime="2026-01-30T16:14:25.1135385+02:00" endTime="2026-01-30T16:14:25.1135389+02:00" testType="13cdc9d9-ddb5-4fa4-a97d-d965ccfc6d4b" outcome="Failed" testListId="8c84fa94-04c1-424b-9868-57a2d4851a1d" relativeResultsDirectory="e343a6d6-1b49-48ab-b803-55c5b005b56b">
      <Output>
        <ErrorInfo>
          <Message>Microsoft.Data.Sqlite.SqliteException : SQLite Error 19: 'FOREIGN KEY constraint failed'.</Message>
          <StackTrace>   at Microsoft.Data.Sqlite.SqliteException.ThrowExceptionForRC(Int32 rc, sqlite3 db)&#xD;
   at Microsoft.Data.Sqlite.SqliteDataReader.NextResult()&#xD;
   at Microsoft.Data.Sqlite.SqliteCommand.ExecuteReader(CommandBehavior behavior)&#xD;
   at Microsoft.Data.Sqlite.SqliteCommand.ExecuteReader()&#xD;
   at Microsoft.Data.Sqlite.SqliteCommand.ExecuteNonQuery()&#xD;
   at Microsoft.EntityFrameworkCore.Storage.RelationalCommand.ExecuteNonQuery(RelationalCommandParameterObject parameterObject)&#xD;
   at Microsoft.EntityFrameworkCore.Migrations.MigrationCommand.ExecuteNonQuery(IRelationalConnection connection, IReadOnlyDictionary`2 parameterValues)&#xD;
   at Microsoft.EntityFrameworkCore.Migrations.Internal.MigrationCommandExecutor.Execute(IReadOnlyList`1 migrationCommands, IRelationalConnection connection, MigrationExecutionState executionState, Boolean beginTransaction, Boolean commitTransaction, Nullable`1 isolationLevel)&#xD;
   at Microsoft.EntityFrameworkCore.Migrations.Internal.MigrationCommandExecutor.&lt;&gt;c.&lt;ExecuteNonQuery&gt;b__3_1(DbContext _, ValueTuple`6 s)&#xD;
   at Microsoft.EntityFrameworkCore.Storage.NonRetryingExecutionStrategy.Execute[TState,TResult](TState state, Func`3 operation, Func`3 verifySucceeded)&#xD;
   at Microsoft.EntityFrameworkCore.Migrations.Internal.MigrationCommandExecutor.ExecuteNonQuery(IReadOnlyList`1 migrationCommands, IRelationalConnection connection, MigrationExecutionState executionState, Boolean commitTransaction, Nullable`1 isolationLevel)&#xD;
   at Microsoft.EntityFrameworkCore.Storage.RelationalDatabaseCreator.CreateTables()&#xD;
   at Microsoft.EntityFrameworkCore.Storage.RelationalDatabaseCreator.EnsureCreated()&#xD;
   at Microsoft.EntityFrameworkCore.Infrastructure.DatabaseFacade.EnsureCreated()&#xD;
   at ConstructionManagement.Tests.Integration.IntegrationTestBase..ctor() in C:\Users\Ahmed.Ramadan\source\repos\Construction\tests\ConstructionManagement.Tests\Integration\IntegrationTestBase.cs:line 31&#xD;
   at ConstructionManagement.Tests.Integration.TransactionsReviewIntegrationTests..ctor() in C:\Users\Ahmed.Ramadan\source\repos\Construction\tests\ConstructionManagement.Tests\Integration\TransactionsReviewIntegrationTests.cs:line 26&#xD;
   at System.RuntimeType.CreateInstanceDefaultCtor(Boolean publicOnly, Boolean wrapExceptions)</StackTrace>
        </ErrorInfo>
      </Output>
    </UnitTestResult>
    <UnitTestResult executionId="41519985-6d79-4b97-a34d-e01d37d2a96c" testId="23e20834-e283-1525-dd23-375d078f0ca0" testName="ConstructionManagement.Tests.Unit.Domain.BOQMeasuredTests.ExecutedValue_ShouldReturnCorrectProduct" computerName="AHMED-RAMADAN" duration="00:00:00.0004926" startTime="2026-01-30T16:14:22.2090346+02:00" endTime="2026-01-30T16:14:22.2090347+02:00" testType="13cdc9d9-ddb5-4fa4-a97d-d965ccfc6d4b" outcome="Passed" testListId="8c84fa94-04c1-424b-9868-57a2d4851a1d" relativeResultsDirectory="41519985-6d79-4b97-a34d-e01d37d2a96c" />
    <UnitTestResult executionId="a0c849e7-57ac-4d94-bad3-d6d1b38d9c0e" testId="b27855f4-b213-bc36-8e57-4340474c4650" testName="ConstructionManagement.Tests.Unit.Services.ProjectSettingsServiceTests.UpdateSettingsAsync_WhenValidOwner_UpdatesSuccessfully" computerName="AHMED-RAMADAN" duration="00:00:00.0174309" startTime="2026-01-30T16:14:21.9482455+02:00" endTime="2026-01-30T16:14:21.9482460+02:00" testType="13cdc9d9-ddb5-4fa4-a97d-d965ccfc6d4b" outcome="Passed" testListId="8c84fa94-04c1-424b-9868-57a2d4851a1d" relativeResultsDirectory="a0c849e7-57ac-4d94-bad3-d6d1b38d9c0e" />
    <UnitTestResult executionId="1b4b8e68-c9ac-4a51-bcf2-8400e723cbe9" testId="e2d2eba0-a62d-01d0-5610-ee10e2217d2b" testName="ConstructionManagement.Tests.Unit.Services.EscalationServiceTests.CheckProjectAndItemDelaysAsync_WhenLogExistsForThisItemToday_ShouldSkip" computerName="AHMED-RAMADAN" duration="00:00:00.0548516" startTime="2026-01-30T16:14:22.1225955+02:00" endTime="2026-01-30T16:14:22.1225961+02:00" testType="13cdc9d9-ddb5-4fa4-a97d-d965ccfc6d4b" outcome="Passed" testListId="8c84fa94-04c1-424b-9868-57a2d4851a1d" relativeResultsDirectory="1b4b8e68-c9ac-4a51-bcf2-8400e723cbe9" />
    <UnitTestResult executionId="a9a798f8-c6e8-4d84-9b66-03b29e121ede" testId="baa9d16d-8d04-c0bd-9245-a50f56a49357" testName="ConstructionManagement.Tests.Unit.Services.NotificationServiceTests.GetUserNotificationsAsync_ShouldReturnOnlyUnread_WhenRequested" computerName="AHMED-RAMADAN" duration="00:00:00.0273184" startTime="2026-01-30T16:14:22.0233171+02:00" endTime="2026-01-30T16:14:22.0233172+02:00" testType="13cdc9d9-ddb5-4fa4-a97d-d965ccfc6d4b" outcome="Passed" testListId="8c84fa94-04c1-424b-9868-57a2d4851a1d" relativeResultsDirectory="a9a798f8-c6e8-4d84-9b66-03b29e121ede" />
    <UnitTestResult executionId="adbc8835-d89a-4a26-a6da-e5b86fc53e86" testId="36dd82e1-4cce-f54a-dfdd-38825058f5ab" testName="ConstructionManagement.Tests.Unit.Services.BOQItemServiceTests.CreateBOQItemAsync_WhenRequestIsNull_ThrowsArgumentNullException" computerName="AHMED-RAMADAN" duration="00:00:00.0074849" startTime="2026-01-30T16:14:22.0167889+02:00" endTime="2026-01-30T16:14:22.0167890+02:00" testType="13cdc9d9-ddb5-4fa4-a97d-d965ccfc6d4b" outcome="Passed" testListId="8c84fa94-04c1-424b-9868-57a2d4851a1d" relativeResultsDirectory="adbc8835-d89a-4a26-a6da-e5b86fc53e86" />
    <UnitTestResult executionId="ab9afbea-9f16-4692-9d56-6005f51f2b9f" testId="a10b640c-74ae-5ba6-0548-19afe69232ff" testName="ConstructionManagement.Tests.Integration.BOQAndTransactionIntegrationTests.Transaction_ShouldAffect_ProjectProfitability" computerName="AHMED-RAMADAN" duration="00:00:00.0010000" startTime="2026-01-30T16:14:25.4971507+02:00" endTime="2026-01-30T16:14:25.4971510+02:00" testType="13cdc9d9-ddb5-4fa4-a97d-d965ccfc6d4b" outcome="Failed" testListId="8c84fa94-04c1-424b-9868-57a2d4851a1d" relativeResultsDirectory="ab9afbea-9f16-4692-9d56-6005f51f2b9f">
      <Output>
        <ErrorInfo>
          <Message>Microsoft.Data.Sqlite.SqliteException : SQLite Error 19: 'FOREIGN KEY constraint failed'.</Message>
          <StackTrace>   at Microsoft.Data.Sqlite.SqliteException.ThrowExceptionForRC(Int32 rc, sqlite3 db)&#xD;
   at Microsoft.Data.Sqlite.SqliteDataReader.NextResult()&#xD;
   at Microsoft.Data.Sqlite.SqliteCommand.ExecuteReader(CommandBehavior behavior)&#xD;
   at Microsoft.Data.Sqlite.SqliteCommand.ExecuteReader()&#xD;
   at Microsoft.Data.Sqlite.SqliteCommand.ExecuteNonQuery()&#xD;
   at Microsoft.EntityFrameworkCore.Storage.RelationalCommand.ExecuteNonQuery(RelationalCommandParameterObject parameterObject)&#xD;
   at Microsoft.EntityFrameworkCore.Migrations.MigrationCommand.ExecuteNonQuery(IRelationalConnection connection, IReadOnlyDictionary`2 parameterValues)&#xD;
   at Microsoft.EntityFrameworkCore.Migrations.Internal.MigrationCommandExecutor.Execute(IReadOnlyList`1 migrationCommands, IRelationalConnection connection, MigrationExecutionState executionState, Boolean beginTransaction, Boolean commitTransaction, Nullable`1 isolationLevel)&#xD;
   at Microsoft.EntityFrameworkCore.Migrations.Internal.MigrationCommandExecutor.&lt;&gt;c.&lt;ExecuteNonQuery&gt;b__3_1(DbContext _, ValueTuple`6 s)&#xD;
   at Microsoft.EntityFrameworkCore.Storage.NonRetryingExecutionStrategy.Execute[TState,TResult](TState state, Func`3 operation, Func`3 verifySucceeded)&#xD;
   at Microsoft.EntityFrameworkCore.Migrations.Internal.MigrationCommandExecutor.ExecuteNonQuery(IReadOnlyList`1 migrationCommands, IRelationalConnection connection, MigrationExecutionState executionState, Boolean commitTransaction, Nullable`1 isolationLevel)&#xD;
   at Microsoft.EntityFrameworkCore.Storage.RelationalDatabaseCreator.CreateTables()&#xD;
   at Microsoft.EntityFrameworkCore.Storage.RelationalDatabaseCreator.EnsureCreated()&#xD;
   at Microsoft.EntityFrameworkCore.Infrastructure.DatabaseFacade.EnsureCreated()&#xD;
   at ConstructionManagement.Tests.Integration.IntegrationTestBase..ctor() in C:\Users\Ahmed.Ramadan\source\repos\Construction\tests\ConstructionManagement.Tests\Integration\IntegrationTestBase.cs:line 31&#xD;
   at ConstructionManagement.Tests.Integration.BOQAndTransactionIntegrationTests..ctor() in C:\Users\Ahmed.Ramadan\source\repos\Construction\tests\ConstructionManagement.Tests\Integration\BOQItemServiceIntegrationTests.cs:line 30&#xD;
   at System.RuntimeType.CreateInstanceDefaultCtor(Boolean publicOnly, Boolean wrapExceptions)</StackTrace>
        </ErrorInfo>
      </Output>
    </UnitTestResult>
    <UnitTestResult executionId="b99e4e72-ab94-4687-92c9-24aba9d27553" testId="828b2d57-9b50-d758-c0dc-324de269e4a5" testName="ConstructionManagement.Tests.Integration.EscalationIntegrationTests.CheckProjectAndItemDelaysAsync_ShouldDetectDelayedProjects" computerName="AHMED-RAMADAN" duration="00:00:00.0010000" startTime="2026-01-30T16:14:25.0535148+02:00" endTime="2026-01-30T16:14:25.0535150+02:00" testType="13cdc9d9-ddb5-4fa4-a97d-d965ccfc6d4b" outcome="Failed" testListId="8c84fa94-04c1-424b-9868-57a2d4851a1d" relativeResultsDirectory="b99e4e72-ab94-4687-92c9-24aba9d27553">
      <Output>
        <ErrorInfo>
          <Message>Microsoft.Data.Sqlite.SqliteException : SQLite Error 19: 'FOREIGN KEY constraint failed'.</Message>
          <StackTrace>   at Microsoft.Data.Sqlite.SqliteException.ThrowExceptionForRC(Int32 rc, sqlite3 db)&#xD;
   at Microsoft.Data.Sqlite.SqliteDataReader.NextResult()&#xD;
   at Microsoft.Data.Sqlite.SqliteCommand.ExecuteReader(CommandBehavior behavior)&#xD;
   at Microsoft.Data.Sqlite.SqliteCommand.ExecuteReader()&#xD;
   at Microsoft.Data.Sqlite.SqliteCommand.ExecuteNonQuery()&#xD;
   at Microsoft.EntityFrameworkCore.Storage.RelationalCommand.ExecuteNonQuery(RelationalCommandParameterObject parameterObject)&#xD;
   at Microsoft.EntityFrameworkCore.Migrations.MigrationCommand.ExecuteNonQuery(IRelationalConnection connection, IReadOnlyDictionary`2 parameterValues)&#xD;
   at Microsoft.EntityFrameworkCore.Migrations.Internal.MigrationCommandExecutor.Execute(IReadOnlyList`1 migrationCommands, IRelationalConnection connection, MigrationExecutionState executionState, Boolean beginTransaction, Boolean commitTransaction, Nullable`1 isolationLevel)&#xD;
   at Microsoft.EntityFrameworkCore.Migrations.Internal.MigrationCommandExecutor.&lt;&gt;c.&lt;ExecuteNonQuery&gt;b__3_1(DbContext _, ValueTuple`6 s)&#xD;
   at Microsoft.EntityFrameworkCore.Storage.NonRetryingExecutionStrategy.Execute[TState,TResult](TState state, Func`3 operation, Func`3 verifySucceeded)&#xD;
   at Microsoft.EntityFrameworkCore.Migrations.Internal.MigrationCommandExecutor.ExecuteNonQuery(IReadOnlyList`1 migrationCommands, IRelationalConnection connection, MigrationExecutionState executionState, Boolean commitTransaction, Nullable`1 isolationLevel)&#xD;
   at Microsoft.EntityFrameworkCore.Storage.RelationalDatabaseCreator.CreateTables()&#xD;
   at Microsoft.EntityFrameworkCore.Storage.RelationalDatabaseCreator.EnsureCreated()&#xD;
   at Microsoft.EntityFrameworkCore.Infrastructure.DatabaseFacade.EnsureCreated()&#xD;
   at ConstructionManagement.Tests.Integration.IntegrationTestBase..ctor() in C:\Users\Ahmed.Ramadan\source\repos\Construction\tests\ConstructionManagement.Tests\Integration\IntegrationTestBase.cs:line 31&#xD;
   at ConstructionManagement.Tests.Integration.EscalationIntegrationTests..ctor() in C:\Users\Ahmed.Ramadan\source\repos\Construction\tests\ConstructionManagement.Tests\Integration\EscalationIntegrationTests.cs:line 19&#xD;
   at System.RuntimeType.CreateInstanceDefaultCtor(Boolean publicOnly, Boolean wrapExceptions)</StackTrace>
        </ErrorInfo>
      </Output>
    </UnitTestResult>
    <UnitTestResult executionId="15bd4635-4cba-4157-8473-70ab2ef3f87f" testId="80664208-44a4-62b7-784c-ad4e51b4f471" testName="ConstructionManagement.Tests.Unit.Domain.BOQMeasuredTests.ProgressPercentage_WhenAgreedQuantityIsZero_ShouldReturnZeroToAvoidDivisionByZero" computerName="AHMED-RAMADAN" duration="00:00:00.0004861" startTime="2026-01-30T16:14:22.2084899+02:00" endTime="2026-01-30T16:14:22.2084902+02:00" testType="13cdc9d9-ddb5-4fa4-a97d-d965ccfc6d4b" outcome="Passed" testListId="8c84fa94-04c1-424b-9868-57a2d4851a1d" relativeResultsDirectory="15bd4635-4cba-4157-8473-70ab2ef3f87f" />
    <UnitTestResult executionId="7808b058-0c1c-43cc-a7c8-6f3577085986" testId="a2be4989-2b42-61d0-ecc5-f4d0a702b221" testName="ConstructionManagement.Tests.Integration.ProjectRolePermissionTests.Requirement_ShouldStorePermission" computerName="AHMED-RAMADAN" duration="00:00:00.0057036" startTime="2026-01-30T16:14:22.0321288+02:00" endTime="2026-01-30T16:14:22.0321291+02:00" testType="13cdc9d9-ddb5-4fa4-a97d-d965ccfc6d4b" outcome="Passed" testListId="8c84fa94-04c1-424b-9868-57a2d4851a1d" relativeResultsDirectory="7808b058-0c1c-43cc-a7c8-6f3577085986" />
    <UnitTestResult executionId="6e8e6132-8234-4a26-afd7-05acfc443e7c" testId="135ffd27-e00c-f40b-c385-10a597ebc1b0" testName="ConstructionManagement.Tests.Unit.Services.LocalFileStorageServiceTests.DeleteFileAsync_ShouldReturnTrue_WhenFileExists" computerName="AHMED-RAMADAN" duration="00:00:00.0329832" startTime="2026-01-30T16:14:23.2239508+02:00" endTime="2026-01-30T16:14:23.2239509+02:00" testType="13cdc9d9-ddb5-4fa4-a97d-d965ccfc6d4b" outcome="Passed" testListId="8c84fa94-04c1-424b-9868-57a2d4851a1d" relativeResultsDirectory="6e8e6132-8234-4a26-afd7-05acfc443e7c" />
    <UnitTestResult executionId="d98a2a4a-fdb7-4ea3-bddf-cadab581876f" testId="e9634539-76df-bb93-9b8d-15529467493e" testName="ConstructionManagement.Tests.Unit.Services.ProjectApprovalRuleServiceTests.CreateRuleAsync_ShouldThrowException_WhenProjectDoesNotExist" computerName="AHMED-RAMADAN" duration="00:00:00.0039764" startTime="2026-01-30T16:14:23.3075573+02:00" endTime="2026-01-30T16:14:23.3075576+02:00" testType="13cdc9d9-ddb5-4fa4-a97d-d965ccfc6d4b" outcome="Passed" testListId="8c84fa94-04c1-424b-9868-57a2d4851a1d" relativeResultsDirectory="d98a2a4a-fdb7-4ea3-bddf-cadab581876f" />
    <UnitTestResult executionId="0b5c838b-226b-4c3d-9e4d-cb3856e80663" testId="973376f7-7650-8eb9-3615-e37d9da03cd3" testName="ConstructionManagement.Tests.Unit.Services.ProjectApprovalRuleServiceTests.CreateRuleAsync_ShouldThrowException_WhenRolesAreMissing(uploader: &quot;&quot;, approver: &quot;PM&quot;)" computerName="AHMED-RAMADAN" duration="00:00:00.0107010" startTime="2026-01-30T16:14:23.2942179+02:00" endTime="2026-01-30T16:14:23.2942185+02:00" testType="13cdc9d9-ddb5-4fa4-a97d-d965ccfc6d4b" outcome="Passed" testListId="8c84fa94-04c1-424b-9868-57a2d4851a1d" relativeResultsDirectory="0b5c838b-226b-4c3d-9e4d-cb3856e80663" />
    <UnitTestResult executionId="16c58cba-8af8-42ad-8598-56a5b2670275" testId="42683b93-1dc5-17dc-53f9-73e82c4c26cc" testName="ConstructionManagement.Tests.Unit.Services.DailyLogServiceTests.GetDailyLogHistoryAsync_ShouldReturnMappedDtos" computerName="AHMED-RAMADAN" duration="00:00:00.0131645" startTime="2026-01-30T16:14:22.2028616+02:00" endTime="2026-01-30T16:14:22.2028622+02:00" testType="13cdc9d9-ddb5-4fa4-a97d-d965ccfc6d4b" outcome="Passed" testListId="8c84fa94-04c1-424b-9868-57a2d4851a1d" relativeResultsDirectory="16c58cba-8af8-42ad-8598-56a5b2670275" />
    <UnitTestResult executionId="19a13c26-1097-4981-819a-b9bf28e21eb2" testId="00d26d9a-1b79-2436-2543-82b8820cbbc1" testName="ConstructionManagement.Tests.Unit.Services.EmailServiceTests.SendAsync_ShouldLogWarning_WhenInputArgumentsAreInvalid(to: &quot;invalid-email&quot;, subject: &quot;Sub&quot;, body: &quot;Body&quot;)" computerName="AHMED-RAMADAN" duration="00:00:00.0041137" startTime="2026-01-30T16:14:22.0452966+02:00" endTime="2026-01-30T16:14:22.0452968+02:00" testType="13cdc9d9-ddb5-4fa4-a97d-d965ccfc6d4b" outcome="Passed" testListId="8c84fa94-04c1-424b-9868-57a2d4851a1d" relativeResultsDirectory="19a13c26-1097-4981-819a-b9bf28e21eb2" />
    <UnitTestResult executionId="6058df41-fc86-4bbc-a495-a07779a16e17" testId="2b859e28-774d-b8b9-cf97-0ab70a818e1b" testName="ConstructionManagement.Tests.Unit.Services.EmailServiceTests.SendAsync_ShouldLogWarning_WhenSenderEmailIsInvalid(invalidSender: null)" computerName="AHMED-RAMADAN" duration="00:00:00.0606487" startTime="2026-01-30T16:14:22.0349457+02:00" endTime="2026-01-30T16:14:22.0349461+02:00" testType="13cdc9d9-ddb5-4fa4-a97d-d965ccfc6d4b" outcome="Passed" testListId="8c84fa94-04c1-424b-9868-57a2d4851a1d" relativeResultsDirectory="6058df41-fc86-4bbc-a495-a07779a16e17" />
    <UnitTestResult executionId="81e537d1-433f-46b4-b28c-8eb5a754fb2a" testId="962cdcb7-8b6e-eda6-b113-c6d98dc57a87" testName="ConstructionManagement.Tests.Unit.Services.AuthServiceTests.RegisterAsync_WhenEmailAlreadyExists_ReturnsFailure" computerName="AHMED-RAMADAN" duration="00:00:00.0182755" startTime="2026-01-30T16:14:22.0506922+02:00" endTime="2026-01-30T16:14:22.0506924+02:00" testType="13cdc9d9-ddb5-4fa4-a97d-d965ccfc6d4b" outcome="Passed" testListId="8c84fa94-04c1-424b-9868-57a2d4851a1d" relativeResultsDirectory="81e537d1-433f-46b4-b28c-8eb5a754fb2a" />
    <UnitTestResult executionId="886bc230-e6da-40da-96f6-5163a057dbfb" testId="a07a1c27-2f31-ca7b-ff45-636ce12b5ecf" testName="ConstructionManagement.Tests.Unit.Services.ProjectApprovalRuleServiceTests.CreateRuleAsync_ShouldSaveAndReturnId_WhenDataIsValid" computerName="AHMED-RAMADAN" duration="00:00:00.0057579" startTime="2026-01-30T16:14:23.3221857+02:00" endTime="2026-01-30T16:14:23.3221859+02:00" testType="13cdc9d9-ddb5-4fa4-a97d-d965ccfc6d4b" outcome="Passed" testListId="8c84fa94-04c1-424b-9868-57a2d4851a1d" relativeResultsDirectory="886bc230-e6da-40da-96f6-5163a057dbfb" />
    <UnitTestResult executionId="055e39a0-41b0-4fb1-b35f-7abfc037a958" testId="c1e77579-cc42-e410-a89c-b3762ee4c2c7" testName="ConstructionManagement.Tests.Unit.Domain.BOQItemNoteTests.RelatedMedia_ShouldLinkCorrectId_WhenEvidenceIsAttached" computerName="AHMED-RAMADAN" duration="00:00:00.0009541" startTime="2026-01-30T16:14:22.2041994+02:00" endTime="2026-01-30T16:14:22.2041995+02:00" testType="13cdc9d9-ddb5-4fa4-a97d-d965ccfc6d4b" outcome="Passed" testListId="8c84fa94-04c1-424b-9868-57a2d4851a1d" relativeResultsDirectory="055e39a0-41b0-4fb1-b35f-7abfc037a958" />
    <UnitTestResult executionId="a01cdb2a-cc1f-4148-ab43-9946022e5633" testId="2824c8d7-49fe-3f7d-02e3-3a1cc7172b04" testName="ConstructionManagement.Tests.Integration.BOQAndTransactionIntegrationTests.CreateTransactionAsync_ShouldPersistTransaction" computerName="AHMED-RAMADAN" duration="00:00:00.0010000" startTime="2026-01-30T16:14:24.6712637+02:00" endTime="2026-01-30T16:14:24.6712640+02:00" testType="13cdc9d9-ddb5-4fa4-a97d-d965ccfc6d4b" outcome="Failed" testListId="8c84fa94-04c1-424b-9868-57a2d4851a1d" relativeResultsDirectory="a01cdb2a-cc1f-4148-ab43-9946022e5633">
      <Output>
        <ErrorInfo>
          <Message>Microsoft.Data.Sqlite.SqliteException : SQLite Error 19: 'FOREIGN KEY constraint failed'.</Message>
          <StackTrace>   at Microsoft.Data.Sqlite.SqliteException.ThrowExceptionForRC(Int32 rc, sqlite3 db)&#xD;
   at Microsoft.Data.Sqlite.SqliteDataReader.NextResult()&#xD;
   at Microsoft.Data.Sqlite.SqliteCommand.ExecuteReader(CommandBehavior behavior)&#xD;
   at Microsoft.Data.Sqlite.SqliteCommand.ExecuteReader()&#xD;
   at Microsoft.Data.Sqlite.SqliteCommand.ExecuteNonQuery()&#xD;
   at Microsoft.EntityFrameworkCore.Storage.RelationalCommand.ExecuteNonQuery(RelationalCommandParameterObject parameterObject)&#xD;
   at Microsoft.EntityFrameworkCore.Migrations.MigrationCommand.ExecuteNonQuery(IRelationalConnection connection, IReadOnlyDictionary`2 parameterValues)&#xD;
   at Microsoft.EntityFrameworkCore.Migrations.Internal.MigrationCommandExecutor.Execute(IReadOnlyList`1 migrationCommands, IRelationalConnection connection, MigrationExecutionState executionState, Boolean beginTransaction, Boolean commitTransaction, Nullable`1 isolationLevel)&#xD;
   at Microsoft.EntityFrameworkCore.Migrations.Internal.MigrationCommandExecutor.&lt;&gt;c.&lt;ExecuteNonQuery&gt;b__3_1(DbContext _, ValueTuple`6 s)&#xD;
   at Microsoft.EntityFrameworkCore.Storage.NonRetryingExecutionStrategy.Execute[TState,TResult](TState state, Func`3 operation, Func`3 verifySucceeded)&#xD;
   at Microsoft.EntityFrameworkCore.Migrations.Internal.MigrationCommandExecutor.ExecuteNonQuery(IReadOnlyList`1 migrationCommands, IRelationalConnection connection, MigrationExecutionState executionState, Boolean commitTransaction, Nullable`1 isolationLevel)&#xD;
   at Microsoft.EntityFrameworkCore.Storage.RelationalDatabaseCreator.CreateTables()&#xD;
   at Microsoft.EntityFrameworkCore.Storage.RelationalDatabaseCreator.EnsureCreated()&#xD;
   at Microsoft.EntityFrameworkCore.Infrastructure.DatabaseFacade.EnsureCreated()&#xD;
   at ConstructionManagement.Tests.Integration.IntegrationTestBase..ctor() in C:\Users\Ahmed.Ramadan\source\repos\Construction\tests\ConstructionManagement.Tests\Integration\IntegrationTestBase.cs:line 31&#xD;
   at ConstructionManagement.Tests.Integration.BOQAndTransactionIntegrationTests..ctor() in C:\Users\Ahmed.Ramadan\source\repos\Construction\tests\ConstructionManagement.Tests\Integration\BOQItemServiceIntegrationTests.cs:line 30&#xD;
   at System.RuntimeType.CreateInstanceDefaultCtor(Boolean publicOnly, Boolean wrapExceptions)</StackTrace>
        </ErrorInfo>
      </Output>
    </UnitTestResult>
    <UnitTestResult executionId="dfc3d061-1e59-422e-8b5e-3f22dda84940" testId="be1fcf7a-c2f3-431c-017b-6914350cf204" testName="ConstructionManagement.Tests.Unit.Services.DailyLogServiceTests.IsDayClosedForItemAsync_ShouldReturnTrue_WhenLogIsClosed" computerName="AHMED-RAMADAN" duration="00:00:00.0066216" startTime="2026-01-30T16:14:22.1897067+02:00" endTime="2026-01-30T16:14:22.1897071+02:00" testType="13cdc9d9-ddb5-4fa4-a97d-d965ccfc6d4b" outcome="Passed" testListId="8c84fa94-04c1-424b-9868-57a2d4851a1d" relativeResultsDirectory="dfc3d061-1e59-422e-8b5e-3f22dda84940" />
    <UnitTestResult executionId="556b5cde-5adb-43a9-ba6d-5c6e50632a67" testId="b00f92e2-7038-fe38-a2e7-a6872001e556" testName="ConstructionManagement.Tests.Integration.FullSystemIntegrationTests.BOQ_CreateAndProgress_ShouldPersistCorrectData" computerName="AHMED-RAMADAN" duration="00:00:00.0010000" startTime="2026-01-30T16:14:25.1398836+02:00" endTime="2026-01-30T16:14:25.1398843+02:00" testType="13cdc9d9-ddb5-4fa4-a97d-d965ccfc6d4b" outcome="Failed" testListId="8c84fa94-04c1-424b-9868-57a2d4851a1d" relativeResultsDirectory="556b5cde-5adb-43a9-ba6d-5c6e50632a67">
      <Output>
        <ErrorInfo>
          <Message>Microsoft.Data.Sqlite.SqliteException : SQLite Error 19: 'FOREIGN KEY constraint failed'.</Message>
          <StackTrace>   at Microsoft.Data.Sqlite.SqliteException.ThrowExceptionForRC(Int32 rc, sqlite3 db)&#xD;
   at Microsoft.Data.Sqlite.SqliteDataReader.NextResult()&#xD;
   at Microsoft.Data.Sqlite.SqliteCommand.ExecuteReader(CommandBehavior behavior)&#xD;
   at Microsoft.Data.Sqlite.SqliteCommand.ExecuteReader()&#xD;
   at Microsoft.Data.Sqlite.SqliteCommand.ExecuteNonQuery()&#xD;
   at Microsoft.EntityFrameworkCore.Storage.RelationalCommand.ExecuteNonQuery(RelationalCommandParameterObject parameterObject)&#xD;
   at Microsoft.EntityFrameworkCore.Migrations.MigrationCommand.ExecuteNonQuery(IRelationalConnection connection, IReadOnlyDictionary`2 parameterValues)&#xD;
   at Microsoft.EntityFrameworkCore.Migrations.Internal.MigrationCommandExecutor.Execute(IReadOnlyList`1 migrationCommands, IRelationalConnection connection, MigrationExecutionState executionState, Boolean beginTransaction, Boolean commitTransaction, Nullable`1 isolationLevel)&#xD;
   at Microsoft.EntityFrameworkCore.Migrations.Internal.MigrationCommandExecutor.&lt;&gt;c.&lt;ExecuteNonQuery&gt;b__3_1(DbContext _, ValueTuple`6 s)&#xD;
   at Microsoft.EntityFrameworkCore.Storage.NonRetryingExecutionStrategy.Execute[TState,TResult](TState state, Func`3 operation, Func`3 verifySucceeded)&#xD;
   at Microsoft.EntityFrameworkCore.Migrations.Internal.MigrationCommandExecutor.ExecuteNonQuery(IReadOnlyList`1 migrationCommands, IRelationalConnection connection, MigrationExecutionState executionState, Boolean commitTransaction, Nullable`1 isolationLevel)&#xD;
   at Microsoft.EntityFrameworkCore.Storage.RelationalDatabaseCreator.CreateTables()&#xD;
   at Microsoft.EntityFrameworkCore.Storage.RelationalDatabaseCreator.EnsureCreated()&#xD;
   at Microsoft.EntityFrameworkCore.Infrastructure.DatabaseFacade.EnsureCreated()&#xD;
   at ConstructionManagement.Tests.Integration.IntegrationTestBase..ctor() in C:\Users\Ahmed.Ramadan\source\repos\Construction\tests\ConstructionManagement.Tests\Integration\IntegrationTestBase.cs:line 31&#xD;
   at ConstructionManagement.Tests.Integration.FullSystemIntegrationTests..ctor() in C:\Users\Ahmed.Ramadan\source\repos\Construction\tests\ConstructionManagement.Tests\Integration\FullSystemIntegrationTests.cs:line 18&#xD;
   at System.RuntimeType.CreateInstanceDefaultCtor(Boolean publicOnly, Boolean wrapExceptions)</StackTrace>
        </ErrorInfo>
      </Output>
    </UnitTestResult>
    <UnitTestResult executionId="8a416b8a-806d-42a3-a09f-8b13836e4f84" testId="9821bebc-acbd-1c29-9bde-dcc55d04260d" testName="ConstructionManagement.Tests.Unit.Services.BOQItemServiceTests.CreateBOQItemAsync_ShouldThrowException_WhenProjectNotFound" computerName="AHMED-RAMADAN" duration="00:00:00.0061050" startTime="2026-01-30T16:14:22.0234458+02:00" endTime="2026-01-30T16:14:22.0234459+02:00" testType="13cdc9d9-ddb5-4fa4-a97d-d965ccfc6d4b" outcome="Passed" testListId="8c84fa94-04c1-424b-9868-57a2d4851a1d" relativeResultsDirectory="8a416b8a-806d-42a3-a09f-8b13836e4f84" />
    <UnitTestResult executionId="2432499e-7e79-4061-b705-abeebca9bee3" testId="1155aaca-c3c0-ec6f-62d0-abb4c4f495b5" testName="ConstructionManagement.Tests.Unit.Services.EmailServiceTests.SendAsync_ShouldLogWarning_WhenSmtpServerIsMissing" computerName="AHMED-RAMADAN" duration="00:00:00.0049668" startTime="2026-01-30T16:14:23.2324976+02:00" endTime="2026-01-30T16:14:23.2324982+02:00" testType="13cdc9d9-ddb5-4fa4-a97d-d965ccfc6d4b" outcome="Passed" testListId="8c84fa94-04c1-424b-9868-57a2d4851a1d" relativeResultsDirectory="2432499e-7e79-4061-b705-abeebca9bee3" />
    <UnitTestResult executionId="a0d84c9f-7be7-4218-8d23-c11d38747956" testId="929c3f5a-cc84-459c-8759-cb996984216a" testName="ConstructionManagement.Tests.Integration.FullSystemIntegrationTests.Auth_LoginFullProcess_ShouldSucceed" computerName="AHMED-RAMADAN" duration="00:00:00.0010000" startTime="2026-01-30T16:14:25.4831151+02:00" endTime="2026-01-30T16:14:25.4831154+02:00" testType="13cdc9d9-ddb5-4fa4-a97d-d965ccfc6d4b" outcome="Failed" testListId="8c84fa94-04c1-424b-9868-57a2d4851a1d" relativeResultsDirectory="a0d84c9f-7be7-4218-8d23-c11d38747956">
      <Output>
        <ErrorInfo>
          <Message>Microsoft.Data.Sqlite.SqliteException : SQLite Error 19: 'FOREIGN KEY constraint failed'.</Message>
          <StackTrace>   at Microsoft.Data.Sqlite.SqliteException.ThrowExceptionForRC(Int32 rc, sqlite3 db)&#xD;
   at Microsoft.Data.Sqlite.SqliteDataReader.NextResult()&#xD;
   at Microsoft.Data.Sqlite.SqliteCommand.ExecuteReader(CommandBehavior behavior)&#xD;
   at Microsoft.Data.Sqlite.SqliteCommand.ExecuteReader()&#xD;
   at Microsoft.Data.Sqlite.SqliteCommand.ExecuteNonQuery()&#xD;
   at Microsoft.EntityFrameworkCore.Storage.RelationalCommand.ExecuteNonQuery(RelationalCommandParameterObject parameterObject)&#xD;
   at Microsoft.EntityFrameworkCore.Migrations.MigrationCommand.ExecuteNonQuery(IRelationalConnection connection, IReadOnlyDictionary`2 parameterValues)&#xD;
   at Microsoft.EntityFrameworkCore.Migrations.Internal.MigrationCommandExecutor.Execute(IReadOnlyList`1 migrationCommands, IRelationalConnection connection, MigrationExecutionState executionState, Boolean beginTransaction, Boolean commitTransaction, Nullable`1 isolationLevel)&#xD;
   at Microsoft.EntityFrameworkCore.Migrations.Internal.MigrationCommandExecutor.&lt;&gt;c.&lt;ExecuteNonQuery&gt;b__3_1(DbContext _, ValueTuple`6 s)&#xD;
   at Microsoft.EntityFrameworkCore.Storage.NonRetryingExecutionStrategy.Execute[TState,TResult](TState state, Func`3 operation, Func`3 verifySucceeded)&#xD;
   at Microsoft.EntityFrameworkCore.Migrations.Internal.MigrationCommandExecutor.ExecuteNonQuery(IReadOnlyList`1 migrationCommands, IRelationalConnection connection, MigrationExecutionState executionState, Boolean commitTransaction, Nullable`1 isolationLevel)&#xD;
   at Microsoft.EntityFrameworkCore.Storage.RelationalDatabaseCreator.CreateTables()&#xD;
   at Microsoft.EntityFrameworkCore.Storage.RelationalDatabaseCreator.EnsureCreated()&#xD;
   at Microsoft.EntityFrameworkCore.Infrastructure.DatabaseFacade.EnsureCreated()&#xD;
   at ConstructionManagement.Tests.Integration.IntegrationTestBase..ctor() in C:\Users\Ahmed.Ramadan\source\repos\Construction\tests\ConstructionManagement.Tests\Integration\IntegrationTestBase.cs:line 31&#xD;
   at ConstructionManagement.Tests.Integration.FullSystemIntegrationTests..ctor() in C:\Users\Ahmed.Ramadan\source\repos\Construction\tests\ConstructionManagement.Tests\Integration\FullSystemIntegrationTests.cs:line 18&#xD;
   at System.RuntimeType.CreateInstanceDefaultCtor(Boolean publicOnly, Boolean wrapExceptions)</StackTrace>
        </ErrorInfo>
      </Output>
    </UnitTestResult>
    <UnitTestResult executionId="97c322dc-96d0-42fb-ac25-1d22e696e4f6" testId="4468b247-e469-b782-36ca-edda3dcde5f5" testName="ConstructionManagement.Tests.Unit.Services.EmailServiceTests.SendAsync_ShouldLogWarning_WhenSenderEmailIsInvalid(invalidSender: &quot;&quot;)" computerName="AHMED-RAMADAN" duration="00:00:00.0024807" startTime="2026-01-30T16:14:22.0407445+02:00" endTime="2026-01-30T16:14:22.0407448+02:00" testType="13cdc9d9-ddb5-4fa4-a97d-d965ccfc6d4b" outcome="Passed" testListId="8c84fa94-04c1-424b-9868-57a2d4851a1d" relativeResultsDirectory="97c322dc-96d0-42fb-ac25-1d22e696e4f6" />
    <UnitTestResult executionId="62307b26-357b-4913-94ad-34766cf3dd79" testId="b3bfb2a7-9668-30fc-78b1-e04d7be3e78f" testName="ConstructionManagement.Tests.Integration.FileStorageValidationIntegrationTests.DeleteFileAsync_ExistingFile_ShouldRemoveFile" computerName="AHMED-RAMADAN" duration="00:00:00.0311404" startTime="2026-01-30T16:14:23.4114584+02:00" endTime="2026-01-30T16:14:23.4114588+02:00" testType="13cdc9d9-ddb5-4fa4-a97d-d965ccfc6d4b" outcome="Passed" testListId="8c84fa94-04c1-424b-9868-57a2d4851a1d" relativeResultsDirectory="62307b26-357b-4913-94ad-34766cf3dd79" />
    <UnitTestResult executionId="9ff7f8c9-81dd-4c05-aab5-adee3d3d8ace" testId="cf6a693b-388e-c365-fcbd-46cc0a012831" testName="ConstructionManagement.Tests.Integration.MediaUploadAndReviewIntegrationTests.UploadAndReviewMedia_WithApprovalRule_CreatesAndProcessesApprovalRequest" computerName="AHMED-RAMADAN" duration="00:00:00.0010000" startTime="2026-01-30T16:14:25.5088616+02:00" endTime="2026-01-30T16:14:25.5088619+02:00" testType="13cdc9d9-ddb5-4fa4-a97d-d965ccfc6d4b" outcome="Failed" testListId="8c84fa94-04c1-424b-9868-57a2d4851a1d" relativeResultsDirectory="9ff7f8c9-81dd-4c05-aab5-adee3d3d8ace">
      <Output>
        <ErrorInfo>
          <Message>Microsoft.Data.Sqlite.SqliteException : SQLite Error 19: 'FOREIGN KEY constraint failed'.</Message>
          <StackTrace>   at Microsoft.Data.Sqlite.SqliteException.ThrowExceptionForRC(Int32 rc, sqlite3 db)&#xD;
   at Microsoft.Data.Sqlite.SqliteDataReader.NextResult()&#xD;
   at Microsoft.Data.Sqlite.SqliteCommand.ExecuteReader(CommandBehavior behavior)&#xD;
   at Microsoft.Data.Sqlite.SqliteCommand.ExecuteReader()&#xD;
   at Microsoft.Data.Sqlite.SqliteCommand.ExecuteNonQuery()&#xD;
   at Microsoft.EntityFrameworkCore.Storage.RelationalCommand.ExecuteNonQuery(RelationalCommandParameterObject parameterObject)&#xD;
   at Microsoft.EntityFrameworkCore.Migrations.MigrationCommand.ExecuteNonQuery(IRelationalConnection connection, IReadOnlyDictionary`2 parameterValues)&#xD;
   at Microsoft.EntityFrameworkCore.Migrations.Internal.MigrationCommandExecutor.Execute(IReadOnlyList`1 migrationCommands, IRelationalConnection connection, MigrationExecutionState executionState, Boolean beginTransaction, Boolean commitTransaction, Nullable`1 isolationLevel)&#xD;
   at Microsoft.EntityFrameworkCore.Migrations.Internal.MigrationCommandExecutor.&lt;&gt;c.&lt;ExecuteNonQuery&gt;b__3_1(DbContext _, ValueTuple`6 s)&#xD;
   at Microsoft.EntityFrameworkCore.Storage.NonRetryingExecutionStrategy.Execute[TState,TResult](TState state, Func`3 operation, Func`3 verifySucceeded)&#xD;
   at Microsoft.EntityFrameworkCore.Migrations.Internal.MigrationCommandExecutor.ExecuteNonQuery(IReadOnlyList`1 migrationCommands, IRelationalConnection connection, MigrationExecutionState executionState, Boolean commitTransaction, Nullable`1 isolationLevel)&#xD;
   at Microsoft.EntityFrameworkCore.Storage.RelationalDatabaseCreator.CreateTables()&#xD;
   at Microsoft.EntityFrameworkCore.Storage.RelationalDatabaseCreator.EnsureCreated()&#xD;
   at Microsoft.EntityFrameworkCore.Infrastructure.DatabaseFacade.EnsureCreated()&#xD;
   at ConstructionManagement.Tests.Integration.IntegrationTestBase..ctor() in C:\Users\Ahmed.Ramadan\source\repos\Construction\tests\ConstructionManagement.Tests\Integration\IntegrationTestBase.cs:line 31&#xD;
   at ConstructionManagement.Tests.Integration.MediaUploadAndReviewIntegrationTests..ctor() in C:\Users\Ahmed.Ramadan\source\repos\Construction\tests\ConstructionManagement.Tests\Integration\MediaUploadAndReviewIntegrationTests.cs:line 19&#xD;
   at System.RuntimeType.CreateInstanceDefaultCtor(Boolean publicOnly, Boolean wrapExceptions)</StackTrace>
        </ErrorInfo>
      </Output>
    </UnitTestResult>
    <UnitTestResult executionId="65199962-6b36-42f6-92cc-a42a15ed8773" testId="ebe62639-27f4-3c43-d327-a8c4a308f81a" testName="ConstructionManagement.Tests.Integration.MediaUploadAndReviewIntegrationTests.UploadMedia_WithApprovalRule_CreatesApprovalRequest" computerName="AHMED-RAMADAN" duration="00:00:00.0010000" startTime="2026-01-30T16:14:24.6450267+02:00" endTime="2026-01-30T16:14:24.6450272+02:00" testType="13cdc9d9-ddb5-4fa4-a97d-d965ccfc6d4b" outcome="Failed" testListId="8c84fa94-04c1-424b-9868-57a2d4851a1d" relativeResultsDirectory="65199962-6b36-42f6-92cc-a42a15ed8773">
      <Output>
        <ErrorInfo>
          <Message>Microsoft.Data.Sqlite.SqliteException : SQLite Error 19: 'FOREIGN KEY constraint failed'.</Message>
          <StackTrace>   at Microsoft.Data.Sqlite.SqliteException.ThrowExceptionForRC(Int32 rc, sqlite3 db)&#xD;
   at Microsoft.Data.Sqlite.SqliteDataReader.NextResult()&#xD;
   at Microsoft.Data.Sqlite.SqliteCommand.ExecuteReader(CommandBehavior behavior)&#xD;
   at Microsoft.Data.Sqlite.SqliteCommand.ExecuteReader()&#xD;
   at Microsoft.Data.Sqlite.SqliteCommand.ExecuteNonQuery()&#xD;
   at Microsoft.EntityFrameworkCore.Storage.RelationalCommand.ExecuteNonQuery(RelationalCommandParameterObject parameterObject)&#xD;
   at Microsoft.EntityFrameworkCore.Migrations.MigrationCommand.ExecuteNonQuery(IRelationalConnection connection, IReadOnlyDictionary`2 parameterValues)&#xD;
   at Microsoft.EntityFrameworkCore.Migrations.Internal.MigrationCommandExecutor.Execute(IReadOnlyList`1 migrationCommands, IRelationalConnection connection, MigrationExecutionState executionState, Boolean beginTransaction, Boolean commitTransaction, Nullable`1 isolationLevel)&#xD;
   at Microsoft.EntityFrameworkCore.Migrations.Internal.MigrationCommandExecutor.&lt;&gt;c.&lt;ExecuteNonQuery&gt;b__3_1(DbContext _, ValueTuple`6 s)&#xD;
   at Microsoft.EntityFrameworkCore.Storage.NonRetryingExecutionStrategy.Execute[TState,TResult](TState state, Func`3 operation, Func`3 verifySucceeded)&#xD;
   at Microsoft.EntityFrameworkCore.Migrations.Internal.MigrationCommandExecutor.ExecuteNonQuery(IReadOnlyList`1 migrationCommands, IRelationalConnection connection, MigrationExecutionState executionState, Boolean commitTransaction, Nullable`1 isolationLevel)&#xD;
   at Microsoft.EntityFrameworkCore.Storage.RelationalDatabaseCreator.CreateTables()&#xD;
   at Microsoft.EntityFrameworkCore.Storage.RelationalDatabaseCreator.EnsureCreated()&#xD;
   at Microsoft.EntityFrameworkCore.Infrastructure.DatabaseFacade.EnsureCreated()&#xD;
   at ConstructionManagement.Tests.Integration.IntegrationTestBase..ctor() in C:\Users\Ahmed.Ramadan\source\repos\Construction\tests\ConstructionManagement.Tests\Integration\IntegrationTestBase.cs:line 31&#xD;
   at ConstructionManagement.Tests.Integration.MediaUploadAndReviewIntegrationTests..ctor() in C:\Users\Ahmed.Ramadan\source\repos\Construction\tests\ConstructionManagement.Tests\Integration\MediaUploadAndReviewIntegrationTests.cs:line 19&#xD;
   at System.RuntimeType.CreateInstanceDefaultCtor(Boolean publicOnly, Boolean wrapExceptions)</StackTrace>
        </ErrorInfo>
      </Output>
    </UnitTestResult>
    <UnitTestResult executionId="a1cdf0e4-58cf-4472-865a-a937999adeb9" testId="e1584c35-21db-7b01-a362-113a34576735" testName="ConstructionManagement.Tests.Integration.AuthServiceIntegrationTests.LoginAsync_WithValidCredentials_ReturnsToken_RealDB" computerName="AHMED-RAMADAN" duration="00:00:00.0010000" startTime="2026-01-30T16:14:25.0948038+02:00" endTime="2026-01-30T16:14:25.0948043+02:00" testType="13cdc9d9-ddb5-4fa4-a97d-d965ccfc6d4b" outcome="Failed" testListId="8c84fa94-04c1-424b-9868-57a2d4851a1d" relativeResultsDirectory="a1cdf0e4-58cf-4472-865a-a937999adeb9">
      <Output>
        <ErrorInfo>
          <Message>Microsoft.Data.Sqlite.SqliteException : SQLite Error 19: 'FOREIGN KEY constraint failed'.</Message>
          <StackTrace>   at Microsoft.Data.Sqlite.SqliteException.ThrowExceptionForRC(Int32 rc, sqlite3 db)&#xD;
   at Microsoft.Data.Sqlite.SqliteDataReader.NextResult()&#xD;
   at Microsoft.Data.Sqlite.SqliteCommand.ExecuteReader(CommandBehavior behavior)&#xD;
   at Microsoft.Data.Sqlite.SqliteCommand.ExecuteReader()&#xD;
   at Microsoft.Data.Sqlite.SqliteCommand.ExecuteNonQuery()&#xD;
   at Microsoft.EntityFrameworkCore.Storage.RelationalCommand.ExecuteNonQuery(RelationalCommandParameterObject parameterObject)&#xD;
   at Microsoft.EntityFrameworkCore.Migrations.MigrationCommand.ExecuteNonQuery(IRelationalConnection connection, IReadOnlyDictionary`2 parameterValues)&#xD;
   at Microsoft.EntityFrameworkCore.Migrations.Internal.MigrationCommandExecutor.Execute(IReadOnlyList`1 migrationCommands, IRelationalConnection connection, MigrationExecutionState executionState, Boolean beginTransaction, Boolean commitTransaction, Nullable`1 isolationLevel)&#xD;
   at Microsoft.EntityFrameworkCore.Migrations.Internal.MigrationCommandExecutor.&lt;&gt;c.&lt;ExecuteNonQuery&gt;b__3_1(DbContext _, ValueTuple`6 s)&#xD;
   at Microsoft.EntityFrameworkCore.Storage.NonRetryingExecutionStrategy.Execute[TState,TResult](TState state, Func`3 operation, Func`3 verifySucceeded)&#xD;
   at Microsoft.EntityFrameworkCore.Migrations.Internal.MigrationCommandExecutor.ExecuteNonQuery(IReadOnlyList`1 migrationCommands, IRelationalConnection connection, MigrationExecutionState executionState, Boolean commitTransaction, Nullable`1 isolationLevel)&#xD;
   at Microsoft.EntityFrameworkCore.Storage.RelationalDatabaseCreator.CreateTables()&#xD;
   at Microsoft.EntityFrameworkCore.Storage.RelationalDatabaseCreator.EnsureCreated()&#xD;
   at Microsoft.EntityFrameworkCore.Infrastructure.DatabaseFacade.EnsureCreated()&#xD;
   at ConstructionManagement.Tests.Integration.IntegrationTestBase..ctor() in C:\Users\Ahmed.Ramadan\source\repos\Construction\tests\ConstructionManagement.Tests\Integration\IntegrationTestBase.cs:line 31&#xD;
   at ConstructionManagement.Tests.Integration.AuthServiceIntegrationTests..ctor() in C:\Users\Ahmed.Ramadan\source\repos\Construction\tests\ConstructionManagement.Tests\Integration\AuthServiceIntegrationTests.cs:line 19&#xD;
   at System.RuntimeType.CreateInstanceDefaultCtor(Boolean publicOnly, Boolean wrapExceptions)</StackTrace>
        </ErrorInfo>
      </Output>
    </UnitTestResult>
    <UnitTestResult executionId="1e25007e-1042-4b96-a727-4da5eb6e6f2c" testId="54ebb129-0653-ef1d-af53-1f972924c086" testName="ConstructionManagement.Tests.Unit.Services.BOQItemServiceTests.GetBOQItemWithProgressAsync_WhenItemDoesNotExist_ReturnsNull" computerName="AHMED-RAMADAN" duration="00:00:00.0029655" startTime="2026-01-30T16:14:22.0266092+02:00" endTime="2026-01-30T16:14:22.0266097+02:00" testType="13cdc9d9-ddb5-4fa4-a97d-d965ccfc6d4b" outcome="Passed" testListId="8c84fa94-04c1-424b-9868-57a2d4851a1d" relativeResultsDirectory="1e25007e-1042-4b96-a727-4da5eb6e6f2c" />
    <UnitTestResult executionId="a2772451-a9bb-4fa1-a63b-47b76183dbf1" testId="47c93344-ff88-5fc2-0e02-6a497111a378" testName="ConstructionManagement.Tests.Unit.Services.EmailServiceTests.SendAsync_ShouldLogWarning_WhenSenderEmailIsInvalid(invalidSender: &quot;   &quot;)" computerName="AHMED-RAMADAN" duration="00:00:00.0031377" startTime="2026-01-30T16:14:22.0381679+02:00" endTime="2026-01-30T16:14:22.0381683+02:00" testType="13cdc9d9-ddb5-4fa4-a97d-d965ccfc6d4b" outcome="Passed" testListId="8c84fa94-04c1-424b-9868-57a2d4851a1d" relativeResultsDirectory="a2772451-a9bb-4fa1-a63b-47b76183dbf1" />
    <UnitTestResult executionId="0485a200-d7fa-4a1f-bd3e-18044b65cc54" testId="ab69df4f-6fad-7528-a058-7b533a7a02df" testName="ConstructionManagement.Tests.Unit.Services.AuthServiceTests.LoginAsync_WhenCredentialsAreValid_ReturnsSuccessWithToken" computerName="AHMED-RAMADAN" duration="00:00:02.9211970" startTime="2026-01-30T16:14:25.7955275+02:00" endTime="2026-01-30T16:14:25.7955280+02:00" testType="13cdc9d9-ddb5-4fa4-a97d-d965ccfc6d4b" outcome="Passed" testListId="8c84fa94-04c1-424b-9868-57a2d4851a1d" relativeResultsDirectory="0485a200-d7fa-4a1f-bd3e-18044b65cc54" />
    <UnitTestResult executionId="0ad515cb-889b-42e5-9eea-7ef194d66704" testId="2853d161-6227-282e-f4d5-205ae5447041" testName="ConstructionManagement.Tests.Unit.Services.ProjectApprovalRuleServiceTests.GetApplicableRuleAsync_ShouldFallbackToDefaultRule_WhenSpecificRuleDoesNotExist" computerName="AHMED-RAMADAN" duration="00:00:00.0085789" startTime="2026-01-30T16:14:23.3162708+02:00" endTime="2026-01-30T16:14:23.3162713+02:00" testType="13cdc9d9-ddb5-4fa4-a97d-d965ccfc6d4b" outcome="Passed" testListId="8c84fa94-04c1-424b-9868-57a2d4851a1d" relativeResultsDirectory="0ad515cb-889b-42e5-9eea-7ef194d66704" />
    <UnitTestResult executionId="1fbb1e78-451a-44c0-bce6-f306412f6379" testId="76128b34-2895-5a90-43ff-53cb28908af3" testName="ConstructionManagement.Tests.Unit.Services.EmailServiceTests.SendAsync_ShouldLogWarning_WhenInputArgumentsAreInvalid(to: &quot;to@test.com&quot;, subject: &quot;&quot;, body: &quot;Body&quot;)" computerName="AHMED-RAMADAN" duration="00:00:00.0024361" startTime="2026-01-30T16:14:22.0504670+02:00" endTime="2026-01-30T16:14:22.0504672+02:00" testType="13cdc9d9-ddb5-4fa4-a97d-d965ccfc6d4b" outcome="Passed" testListId="8c84fa94-04c1-424b-9868-57a2d4851a1d" relativeResultsDirectory="1fbb1e78-451a-44c0-bce6-f306412f6379" />
    <UnitTestResult executionId="e8b43380-94d0-4448-a86b-8513c9655a0f" testId="aa9312b0-b7e5-d271-e823-74c0eeac1df2" testName="ConstructionManagement.Tests.Unit.Services.NotificationServiceTests.CreateAndSendAsync_ShouldSaveNotificationAndCallUnitOfWork" computerName="AHMED-RAMADAN" duration="00:00:00.1463862" startTime="2026-01-30T16:14:21.9316746+02:00" endTime="2026-01-30T16:14:21.9317233+02:00" testType="13cdc9d9-ddb5-4fa4-a97d-d965ccfc6d4b" outcome="Passed" testListId="8c84fa94-04c1-424b-9868-57a2d4851a1d" relativeResultsDirectory="e8b43380-94d0-4448-a86b-8513c9655a0f" />
    <UnitTestResult executionId="050210ab-918f-4712-8236-6f75dadc8909" testId="06956daf-2b1f-06f5-c682-5f6b638ae6bc" testName="ConstructionManagement.Tests.Unit.Services.BOQItemServiceTests.CreateBOQItemAsync_ShouldRollback_OnException" computerName="AHMED-RAMADAN" duration="00:00:00.0196135" startTime="2026-01-30T16:14:22.0200493+02:00" endTime="2026-01-30T16:14:22.0200494+02:00" testType="13cdc9d9-ddb5-4fa4-a97d-d965ccfc6d4b" outcome="Passed" testListId="8c84fa94-04c1-424b-9868-57a2d4851a1d" relativeResultsDirectory="050210ab-918f-4712-8236-6f75dadc8909" />
    <UnitTestResult executionId="ffd417bf-2401-4a49-b7df-5c0e114f7dd5" testId="62bbbb98-88c4-5cd2-2251-c2b51d68a697" testName="ConstructionManagement.Tests.Unit.Services.ProjectTransactionServiceTests.CreateTransactionAsync_ShouldCommit_WhenValidRequest" computerName="AHMED-RAMADAN" duration="00:00:00.0033998" startTime="2026-01-30T16:14:23.3800537+02:00" endTime="2026-01-30T16:14:23.3800540+02:00" testType="13cdc9d9-ddb5-4fa4-a97d-d965ccfc6d4b" outcome="Passed" testListId="8c84fa94-04c1-424b-9868-57a2d4851a1d" relativeResultsDirectory="ffd417bf-2401-4a49-b7df-5c0e114f7dd5" />
    <UnitTestResult executionId="8976f8ae-a8af-44a7-9049-6029bc1f5f6b" testId="ad9c1318-1ff6-4478-e087-97c333773ace" testName="ConstructionManagement.Tests.Unit.Domain.BOQItemNoteTests.BOQItemNote_ShouldHaveDefaultValues_UponInitialization" computerName="AHMED-RAMADAN" duration="00:00:00.0005539" startTime="2026-01-30T16:14:22.2064684+02:00" endTime="2026-01-30T16:14:22.2064685+02:00" testType="13cdc9d9-ddb5-4fa4-a97d-d965ccfc6d4b" outcome="Passed" testListId="8c84fa94-04c1-424b-9868-57a2d4851a1d" relativeResultsDirectory="8976f8ae-a8af-44a7-9049-6029bc1f5f6b" />
    <UnitTestResult executionId="37cbce66-616f-4eed-968a-dd6a7233ca03" testId="0519b757-fa25-bc19-a177-34d55bb74e7b" testName="ConstructionManagement.Tests.Unit.Services.NotificationServiceTests.MarkAsReadAsync_ShouldUpdateStatus_WhenNotificationExistsAndBelongsToUser" computerName="AHMED-RAMADAN" duration="00:00:00.0081613" startTime="2026-01-30T16:14:22.0197024+02:00" endTime="2026-01-30T16:14:22.0197025+02:00" testType="13cdc9d9-ddb5-4fa4-a97d-d965ccfc6d4b" outcome="Passed" testListId="8c84fa94-04c1-424b-9868-57a2d4851a1d" relativeResultsDirectory="37cbce66-616f-4eed-968a-dd6a7233ca03" />
    <UnitTestResult executionId="282b4993-18e1-4e3e-be41-2ba6ba5f9b59" testId="12b778d5-8ad9-2422-a026-517f2d230e1e" testName="ConstructionManagement.Tests.Unit.Services.InvoiceServiceTests.GetInvoiceByIdAsync_WhenReviewerIsNull_ShouldStillReturnDtoWithNullReviewerName" computerName="AHMED-RAMADAN" duration="00:00:00.0109579" startTime="2026-01-30T16:14:25.1651202+02:00" endTime="2026-01-30T16:14:25.1651202+02:00" testType="13cdc9d9-ddb5-4fa4-a97d-d965ccfc6d4b" outcome="Passed" testListId="8c84fa94-04c1-424b-9868-57a2d4851a1d" relativeResultsDirectory="282b4993-18e1-4e3e-be41-2ba6ba5f9b59" />
    <UnitTestResult executionId="7e4211bf-f5c4-4c48-aec3-8c803b9c9b07" testId="29d79f26-92f1-1b3e-82e2-ead0830da3c8" testName="ConstructionManagement.Tests.Unit.Services.UserServiceTests.AddUserAsync_ShouldHashPasswordAndSaveThroughUnitOfWork" computerName="AHMED-RAMADAN" duration="00:00:00.8002728" startTime="2026-01-30T16:14:22.9782626+02:00" endTime="2026-01-30T16:14:22.9782631+02:00" testType="13cdc9d9-ddb5-4fa4-a97d-d965ccfc6d4b" outcome="Passed" testListId="8c84fa94-04c1-424b-9868-57a2d4851a1d" relativeResultsDirectory="7e4211bf-f5c4-4c48-aec3-8c803b9c9b07" />
    <UnitTestResult executionId="4fd48a88-7d09-47ef-98d4-181a838b6d44" testId="b00b89b2-653f-6e09-ac29-4fde520ac7f7" testName="ConstructionManagement.Tests.Unit.Services.RoleServiceTests.AddRoleAsync_ShouldSaveCorrectlyAndCallUnitOfWork" computerName="AHMED-RAMADAN" duration="00:00:00.0201992" startTime="2026-01-30T16:14:23.2579291+02:00" endTime="2026-01-30T16:14:23.2579297+02:00" testType="13cdc9d9-ddb5-4fa4-a97d-d965ccfc6d4b" outcome="Passed" testListId="8c84fa94-04c1-424b-9868-57a2d4851a1d" relativeResultsDirectory="4fd48a88-7d09-47ef-98d4-181a838b6d44" />
    <UnitTestResult executionId="dbf476c8-1f73-4fb6-aa80-a17ee533a1b3" testId="7e13f458-7a85-edc8-ed8c-98bc4528686c" testName="ConstructionManagement.Tests.Unit.Services.NotificationServiceTests.MarkAsReadAsync_ShouldDoNothing_WhenNotificationBelongsToAnotherUser" computerName="AHMED-RAMADAN" duration="00:00:00.0265336" startTime="2026-01-30T16:14:22.0163730+02:00" endTime="2026-01-30T16:14:22.0163731+02:00" testType="13cdc9d9-ddb5-4fa4-a97d-d965ccfc6d4b" outcome="Passed" testListId="8c84fa94-04c1-424b-9868-57a2d4851a1d" relativeResultsDirectory="dbf476c8-1f73-4fb6-aa80-a17ee533a1b3" />
    <UnitTestResult executionId="9281aeb5-8c72-484b-a5c4-91279377b0df" testId="f8212655-d7d7-41c9-9b64-0a5ed2d31ed3" testName="ConstructionManagement.Tests.Unit.Domain.BOQMeasuredTests.ProgressPercentage_ShouldCalculateCorrectPercentage(agreed: 200, executed: 200, expected: 100)" computerName="AHMED-RAMADAN" duration="00:00:00.0006027" startTime="2026-01-30T16:14:22.2073376+02:00" endTime="2026-01-30T16:14:22.2073377+02:00" testType="13cdc9d9-ddb5-4fa4-a97d-d965ccfc6d4b" outcome="Passed" testListId="8c84fa94-04c1-424b-9868-57a2d4851a1d" relativeResultsDirectory="9281aeb5-8c72-484b-a5c4-91279377b0df" />
    <UnitTestResult executionId="ea5144fc-756d-4cfd-8bca-3486bf2a8f5c" testId="ee57c6e1-f6f7-6171-4d5e-bd83235944fe" testName="ConstructionManagement.Tests.Integration.TransactionsReviewIntegrationTests.ReviewTransaction_WhenAlreadyReviewed_ReturnsFalse" computerName="AHMED-RAMADAN" duration="00:00:00.0010000" startTime="2026-01-30T16:14:25.9177857+02:00" endTime="2026-01-30T16:14:25.9177862+02:00" testType="13cdc9d9-ddb5-4fa4-a97d-d965ccfc6d4b" outcome="Failed" testListId="8c84fa94-04c1-424b-9868-57a2d4851a1d" relativeResultsDirectory="ea5144fc-756d-4cfd-8bca-3486bf2a8f5c">
      <Output>
        <ErrorInfo>
          <Message>Microsoft.Data.Sqlite.SqliteException : SQLite Error 19: 'FOREIGN KEY constraint failed'.</Message>
          <StackTrace>   at Microsoft.Data.Sqlite.SqliteException.ThrowExceptionForRC(Int32 rc, sqlite3 db)&#xD;
   at Microsoft.Data.Sqlite.SqliteDataReader.NextResult()&#xD;
   at Microsoft.Data.Sqlite.SqliteCommand.ExecuteReader(CommandBehavior behavior)&#xD;
   at Microsoft.Data.Sqlite.SqliteCommand.ExecuteReader()&#xD;
   at Microsoft.Data.Sqlite.SqliteCommand.ExecuteNonQuery()&#xD;
   at Microsoft.EntityFrameworkCore.Storage.RelationalCommand.ExecuteNonQuery(RelationalCommandParameterObject parameterObject)&#xD;
   at Microsoft.EntityFrameworkCore.Migrations.MigrationCommand.ExecuteNonQuery(IRelationalConnection connection, IReadOnlyDictionary`2 parameterValues)&#xD;
   at Microsoft.EntityFrameworkCore.Migrations.Internal.MigrationCommandExecutor.Execute(IReadOnlyList`1 migrationCommands, IRelationalConnection connection, MigrationExecutionState executionState, Boolean beginTransaction, Boolean commitTransaction, Nullable`1 isolationLevel)&#xD;
   at Microsoft.EntityFrameworkCore.Migrations.Internal.MigrationCommandExecutor.&lt;&gt;c.&lt;ExecuteNonQuery&gt;b__3_1(DbContext _, ValueTuple`6 s)&#xD;
   at Microsoft.EntityFrameworkCore.Storage.NonRetryingExecutionStrategy.Execute[TState,TResult](TState state, Func`3 operation, Func`3 verifySucceeded)&#xD;
   at Microsoft.EntityFrameworkCore.Migrations.Internal.MigrationCommandExecutor.ExecuteNonQuery(IReadOnlyList`1 migrationCommands, IRelationalConnection connection, MigrationExecutionState executionState, Boolean commitTransaction, Nullable`1 isolationLevel)&#xD;
   at Microsoft.EntityFrameworkCore.Storage.RelationalDatabaseCreator.CreateTables()&#xD;
   at Microsoft.EntityFrameworkCore.Storage.RelationalDatabaseCreator.EnsureCreated()&#xD;
   at Microsoft.EntityFrameworkCore.Infrastructure.DatabaseFacade.EnsureCreated()&#xD;
   at ConstructionManagement.Tests.Integration.IntegrationTestBase..ctor() in C:\Users\Ahmed.Ramadan\source\repos\Construction\tests\ConstructionManagement.Tests\Integration\IntegrationTestBase.cs:line 31&#xD;
   at ConstructionManagement.Tests.Integration.TransactionsReviewIntegrationTests..ctor() in C:\Users\Ahmed.Ramadan\source\repos\Construction\tests\ConstructionManagement.Tests\Integration\TransactionsReviewIntegrationTests.cs:line 26&#xD;
   at System.RuntimeType.CreateInstanceDefaultCtor(Boolean publicOnly, Boolean wrapExceptions)</StackTrace>
        </ErrorInfo>
      </Output>
    </UnitTestResult>
    <UnitTestResult executionId="fb23fbcc-2db9-4bd7-b0ad-208a4e54f523" testId="684c7c31-fac8-07c3-6661-d1a26c85d6c8" testName="ConstructionManagement.Tests.Unit.Domain.BOQItemTests.HelperProperties_ShouldReturnCorrectStatus(type: &quot;Measured&quot;, expectedMeasured: True, expectedSupervision: False)" computerName="AHMED-RAMADAN" duration="00:00:00.0003354" startTime="2026-01-30T16:14:23.2372658+02:00" endTime="2026-01-30T16:14:23.2372660+02:00" testType="13cdc9d9-ddb5-4fa4-a97d-d965ccfc6d4b" outcome="Passed" testListId="8c84fa94-04c1-424b-9868-57a2d4851a1d" relativeResultsDirectory="fb23fbcc-2db9-4bd7-b0ad-208a4e54f523" />
    <UnitTestResult executionId="b0d91d3d-d6e8-414f-8b6b-fa61cb0a9324" testId="919e7289-67d3-470e-b018-4bd7cfeb3115" testName="ConstructionManagement.Tests.Unit.Services.DailyLogServiceTests.CloseDailyLogAsync_ShouldUpdateLogAndAddDelta_WhenValidRequest" computerName="AHMED-RAMADAN" duration="00:00:00.0129082" startTime="2026-01-30T16:14:22.1830976+02:00" endTime="2026-01-30T16:14:22.1830980+02:00" testType="13cdc9d9-ddb5-4fa4-a97d-d965ccfc6d4b" outcome="Passed" testListId="8c84fa94-04c1-424b-9868-57a2d4851a1d" relativeResultsDirectory="b0d91d3d-d6e8-414f-8b6b-fa61cb0a9324" />
    <UnitTestResult executionId="ac21153c-c270-4c9c-9709-6ee4dd9b02fa" testId="25f975e4-265c-33df-14ac-f105c863dd86" testName="ConstructionManagement.Tests.Unit.Services.ProjectServiceTests.CloseProjectAsync_WhenUserIsOwner_UpdatesStatus" computerName="AHMED-RAMADAN" duration="00:00:00.0096583" startTime="2026-01-30T16:14:22.0199692+02:00" endTime="2026-01-30T16:14:22.0199693+02:00" testType="13cdc9d9-ddb5-4fa4-a97d-d965ccfc6d4b" outcome="Passed" testListId="8c84fa94-04c1-424b-9868-57a2d4851a1d" relativeResultsDirectory="ac21153c-c270-4c9c-9709-6ee4dd9b02fa" />
    <UnitTestResult executionId="f4dc117b-7ee0-415f-87fe-aede97ee94d9" testId="3975f291-d64b-a903-3800-7bf4da57c1e5" testName="ConstructionManagement.Tests.Unit.Services.AuthServiceTests.LoginAsync_WhenUserDoesNotExist_ReturnsFailure" computerName="AHMED-RAMADAN" duration="00:00:00.8232072" startTime="2026-01-30T16:14:22.8742483+02:00" endTime="2026-01-30T16:14:22.8742495+02:00" testType="13cdc9d9-ddb5-4fa4-a97d-d965ccfc6d4b" outcome="Passed" testListId="8c84fa94-04c1-424b-9868-57a2d4851a1d" relativeResultsDirectory="f4dc117b-7ee0-415f-87fe-aede97ee94d9" />
    <UnitTestResult executionId="c5cd3e73-b27c-4ee0-b367-76535c73c503" testId="8f4c072b-217d-f568-5d44-924c41be968e" testName="ConstructionManagement.Tests.Unit.Services.LocalFileStorageServiceTests.UploadFileAsync_ShouldThrowException_WhenExtensionIsNotAllowed" computerName="AHMED-RAMADAN" duration="00:00:00.0822708" startTime="2026-01-30T16:14:23.1679247+02:00" endTime="2026-01-30T16:14:23.1679252+02:00" testType="13cdc9d9-ddb5-4fa4-a97d-d965ccfc6d4b" outcome="Passed" testListId="8c84fa94-04c1-424b-9868-57a2d4851a1d" relativeResultsDirectory="c5cd3e73-b27c-4ee0-b367-76535c73c503" />
    <UnitTestResult executionId="4ca0cf8b-952d-46da-bb7e-f00f4bd08312" testId="53d53d2d-64d1-4797-26f0-d0ca5b368d38" testName="ConstructionManagement.Tests.Integration.TransactionsReviewIntegrationTests.ReviewTransaction_ShouldUpdateReviewFields" computerName="AHMED-RAMADAN" duration="00:00:00.0010000" startTime="2026-01-30T16:14:24.6170373+02:00" endTime="2026-01-30T16:14:24.6170378+02:00" testType="13cdc9d9-ddb5-4fa4-a97d-d965ccfc6d4b" outcome="Failed" testListId="8c84fa94-04c1-424b-9868-57a2d4851a1d" relativeResultsDirectory="4ca0cf8b-952d-46da-bb7e-f00f4bd08312">
      <Output>
        <ErrorInfo>
          <Message>Microsoft.Data.Sqlite.SqliteException : SQLite Error 19: 'FOREIGN KEY constraint failed'.</Message>
          <StackTrace>   at Microsoft.Data.Sqlite.SqliteException.ThrowExceptionForRC(Int32 rc, sqlite3 db)&#xD;
   at Microsoft.Data.Sqlite.SqliteDataReader.NextResult()&#xD;
   at Microsoft.Data.Sqlite.SqliteCommand.ExecuteReader(CommandBehavior behavior)&#xD;
   at Microsoft.Data.Sqlite.SqliteCommand.ExecuteReader()&#xD;
   at Microsoft.Data.Sqlite.SqliteCommand.ExecuteNonQuery()&#xD;
   at Microsoft.EntityFrameworkCore.Storage.RelationalCommand.ExecuteNonQuery(RelationalCommandParameterObject parameterObject)&#xD;
   at Microsoft.EntityFrameworkCore.Migrations.MigrationCommand.ExecuteNonQuery(IRelationalConnection connection, IReadOnlyDictionary`2 parameterValues)&#xD;
   at Microsoft.EntityFrameworkCore.Migrations.Internal.MigrationCommandExecutor.Execute(IReadOnlyList`1 migrationCommands, IRelationalConnection connection, MigrationExecutionState executionState, Boolean beginTransaction, Boolean commitTransaction, Nullable`1 isolationLevel)&#xD;
   at Microsoft.EntityFrameworkCore.Migrations.Internal.MigrationCommandExecutor.&lt;&gt;c.&lt;ExecuteNonQuery&gt;b__3_1(DbContext _, ValueTuple`6 s)&#xD;
   at Microsoft.EntityFrameworkCore.Storage.NonRetryingExecutionStrategy.Execute[TState,TResult](TState state, Func`3 operation, Func`3 verifySucceeded)&#xD;
   at Microsoft.EntityFrameworkCore.Migrations.Internal.MigrationCommandExecutor.ExecuteNonQuery(IReadOnlyList`1 migrationCommands, IRelationalConnection connection, MigrationExecutionState executionState, Boolean commitTransaction, Nullable`1 isolationLevel)&#xD;
   at Microsoft.EntityFrameworkCore.Storage.RelationalDatabaseCreator.CreateTables()&#xD;
   at Microsoft.EntityFrameworkCore.Storage.RelationalDatabaseCreator.EnsureCreated()&#xD;
   at Microsoft.EntityFrameworkCore.Infrastructure.DatabaseFacade.EnsureCreated()&#xD;
   at ConstructionManagement.Tests.Integration.IntegrationTestBase..ctor() in C:\Users\Ahmed.Ramadan\source\repos\Construction\tests\ConstructionManagement.Tests\Integration\IntegrationTestBase.cs:line 31&#xD;
   at ConstructionManagement.Tests.Integration.TransactionsReviewIntegrationTests..ctor() in C:\Users\Ahmed.Ramadan\source\repos\Construction\tests\ConstructionManagement.Tests\Integration\TransactionsReviewIntegrationTests.cs:line 26&#xD;
   at System.RuntimeType.CreateInstanceDefaultCtor(Boolean publicOnly, Boolean wrapExceptions)</StackTrace>
        </ErrorInfo>
      </Output>
    </UnitTestResult>
    <UnitTestResult executionId="39fe4e94-30a3-45c1-a7cc-720368a87879" testId="24749552-81fa-f2d5-73a1-97445a6fd433" testName="ConstructionManagement.Tests.Unit.Services.LocalFileStorageServiceTests.UploadFileAsync_ShouldThrowException_WhenFileIsTooLarge" computerName="AHMED-RAMADAN" duration="00:00:00.0534846" startTime="2026-01-30T16:14:23.0515276+02:00" endTime="2026-01-30T16:14:23.0515280+02:00" testType="13cdc9d9-ddb5-4fa4-a97d-d965ccfc6d4b" outcome="Passed" testListId="8c84fa94-04c1-424b-9868-57a2d4851a1d" relativeResultsDirectory="39fe4e94-30a3-45c1-a7cc-720368a87879" />
[...]
[xUnit.net 00:00:04.03]            at Microsoft.EntityFrameworkCore.Migrations.Internal.MigrationCommandExecutor.ExecuteNonQuery(IReadOnlyList`1 migrationCommands, IRelationalConnection connection, MigrationExecutionState executionState, Boolean commitTransaction, Nullable`1 isolationLevel)&#xD;
[xUnit.net 00:00:04.03]            at Microsoft.EntityFrameworkCore.Storage.RelationalDatabaseCreator.CreateTables()&#xD;
[xUnit.net 00:00:04.03]            at Microsoft.EntityFrameworkCore.Storage.RelationalDatabaseCreator.EnsureCreated()&#xD;
[xUnit.net 00:00:04.03]            at Microsoft.EntityFrameworkCore.Infrastructure.DatabaseFacade.EnsureCreated()&#xD;
[xUnit.net 00:00:04.03]         C:\Users\Ahmed.Ramadan\source\repos\Construction\tests\ConstructionManagement.Tests\Integration\IntegrationTestBase.cs(31,0): at ConstructionManagement.Tests.Integration.IntegrationTestBase..ctor()&#xD;
[xUnit.net 00:00:04.03]         C:\Users\Ahmed.Ramadan\source\repos\Construction\tests\ConstructionManagement.Tests\Integration\MediaUploadAndReviewIntegrationTests.cs(19,0): at ConstructionManagement.Tests.Integration.MediaUploadAndReviewIntegrationTests..ctor()&#xD;
[xUnit.net 00:00:04.03]            at System.RuntimeType.CreateInstanceDefaultCtor(Boolean publicOnly, Boolean wrapExceptions)&#xD;
[xUnit.net 00:00:04.04]       Microsoft.Data.Sqlite.SqliteException : SQLite Error 19: 'FOREIGN KEY constraint failed'.&#xD;
[xUnit.net 00:00:04.04]       Stack Trace:&#xD;
[xUnit.net 00:00:04.04]            at Microsoft.Data.Sqlite.SqliteException.ThrowExceptionForRC(Int32 rc, sqlite3 db)&#xD;
[xUnit.net 00:00:04.04]            at Microsoft.Data.Sqlite.SqliteDataReader.NextResult()&#xD;
[xUnit.net 00:00:04.04]            at Microsoft.Data.Sqlite.SqliteCommand.ExecuteReader(CommandBehavior behavior)&#xD;
[xUnit.net 00:00:04.04]            at Microsoft.Data.Sqlite.SqliteCommand.ExecuteReader()&#xD;
[xUnit.net 00:00:04.04]            at Microsoft.Data.Sqlite.SqliteCommand.ExecuteNonQuery()&#xD;
[xUnit.net 00:00:04.04]            at Microsoft.EntityFrameworkCore.Storage.RelationalCommand.ExecuteNonQuery(RelationalCommandParameterObject parameterObject)&#xD;
[xUnit.net 00:00:04.04]            at Microsoft.EntityFrameworkCore.Migrations.MigrationCommand.ExecuteNonQuery(IRelationalConnection connection, IReadOnlyDictionary`2 parameterValues)&#xD;
[xUnit.net 00:00:04.04]            at Microsoft.EntityFrameworkCore.Migrations.Internal.MigrationCommandExecutor.Execute(IReadOnlyList`1 migrationCommands, IRelationalConnection connection, MigrationExecutionState executionState, Boolean beginTransaction, Boolean commitTransaction, Nullable`1 isolationLevel)&#xD;
[xUnit.net 00:00:04.04]            at Microsoft.EntityFrameworkCore.Migrations.Internal.MigrationCommandExecutor.&lt;&gt;c.&lt;ExecuteNonQuery&gt;b__3_1(DbContext _, ValueTuple`6 s)&#xD;
[xUnit.net 00:00:04.04]            at Microsoft.EntityFrameworkCore.Storage.NonRetryingExecutionStrategy.Execute[TState,TResult](TState state, Func`3 operation, Func`3 verifySucceeded)&#xD;
[xUnit.net 00:00:04.04]            at Microsoft.EntityFrameworkCore.Migrations.Internal.MigrationCommandExecutor.ExecuteNonQuery(IReadOnlyList`1 migrationCommands, IRelationalConnection connection, MigrationExecutionState executionState, Boolean commitTransaction, Nullable`1 isolationLevel)&#xD;
[xUnit.net 00:00:04.04]            at Microsoft.EntityFrameworkCore.Storage.RelationalDatabaseCreator.CreateTables()&#xD;
[xUnit.net 00:00:04.04]            at Microsoft.EntityFrameworkCore.Storage.RelationalDatabaseCreator.EnsureCreated()&#xD;
[xUnit.net 00:00:04.04]            at Microsoft.EntityFrameworkCore.Infrastructure.DatabaseFacade.EnsureCreated()&#xD;
[xUnit.net 00:00:04.04]         C:\Users\Ahmed.Ramadan\source\repos\Construction\tests\ConstructionManagement.Tests\Integration\IntegrationTestBase.cs(31,0): at ConstructionManagement.Tests.Integration.IntegrationTestBase..ctor()&#xD;
[xUnit.net 00:00:04.04]         C:\Users\Ahmed.Ramadan\source\repos\Construction\tests\ConstructionManagement.Tests\Integration\TransactionsReviewIntegrationTests.cs(26,0): at ConstructionManagement.Tests.Integration.TransactionsReviewIntegrationTests..ctor()&#xD;
[xUnit.net 00:00:04.04]            at System.RuntimeType.CreateInstanceDefaultCtor(Boolean publicOnly, Boolean wrapExceptions)&#xD;
[xUnit.net 00:00:04.43]       Microsoft.Data.Sqlite.SqliteException : SQLite Error 19: 'FOREIGN KEY constraint failed'.&#xD;
[xUnit.net 00:00:04.43]       Stack Trace:&#xD;
[xUnit.net 00:00:04.43]            at Microsoft.Data.Sqlite.SqliteException.ThrowExceptionForRC(Int32 rc, sqlite3 db)&#xD;
[xUnit.net 00:00:04.43]            at Microsoft.Data.Sqlite.SqliteDataReader.NextResult()&#xD;
[xUnit.net 00:00:04.43]            at Microsoft.Data.Sqlite.SqliteCommand.ExecuteReader(CommandBehavior behavior)&#xD;
[xUnit.net 00:00:04.44]            at Microsoft.Data.Sqlite.SqliteCommand.ExecuteReader()&#xD;
[xUnit.net 00:00:04.44]            at Microsoft.Data.Sqlite.SqliteCommand.ExecuteNonQuery()&#xD;
[xUnit.net 00:00:04.44]            at Microsoft.EntityFrameworkCore.Storage.RelationalCommand.ExecuteNonQuery(RelationalCommandParameterObject parameterObject)&#xD;
[xUnit.net 00:00:04.44]            at Microsoft.EntityFrameworkCore.Migrations.MigrationCommand.ExecuteNonQuery(IRelationalConnection connection, IReadOnlyDictionary`2 parameterValues)&#xD;
[xUnit.net 00:00:04.44]            at Microsoft.EntityFrameworkCore.Migrations.Internal.MigrationCommandExecutor.Execute(IReadOnlyList`1 migrationCommands, IRelationalConnection connection, MigrationExecutionState executionState, Boolean beginTransaction, Boolean commitTransaction, Nullable`1 isolationLevel)&#xD;
[xUnit.net 00:00:04.44]            at Microsoft.EntityFrameworkCore.Migrations.Internal.MigrationCommandExecutor.&lt;&gt;c.&lt;ExecuteNonQuery&gt;b__3_1(DbContext _, ValueTuple`6 s)&#xD;
[xUnit.net 00:00:04.44]            at Microsoft.EntityFrameworkCore.Storage.NonRetryingExecutionStrategy.Execute[TState,TResult](TState state, Func`3 operation, Func`3 verifySucceeded)&#xD;
[xUnit.net 00:00:04.44]            at Microsoft.EntityFrameworkCore.Migrations.Internal.MigrationCommandExecutor.ExecuteNonQuery(IReadOnlyList`1 migrationCommands, IRelationalConnection connection, MigrationExecutionState executionState, Boolean commitTransaction, Nullable`1 isolationLevel)&#xD;
[xUnit.net 00:00:04.44]            at Microsoft.EntityFrameworkCore.Storage.RelationalDatabaseCreator.CreateTables()&#xD;
[xUnit.net 00:00:04.44]            at Microsoft.EntityFrameworkCore.Storage.RelationalDatabaseCreator.EnsureCreated()&#xD;
[xUnit.net 00:00:04.44]            at Microsoft.EntityFrameworkCore.Infrastructure.DatabaseFacade.EnsureCreated()&#xD;
[xUnit.net 00:00:04.44]         C:\Users\Ahmed.Ramadan\source\repos\Construction\tests\ConstructionManagement.Tests\Integration\IntegrationTestBase.cs(31,0): at ConstructionManagement.Tests.Integration.IntegrationTestBase..ctor()&#xD;
[xUnit.net 00:00:04.44]         C:\Users\Ahmed.Ramadan\source\repos\Construction\tests\ConstructionManagement.Tests\Integration\TransactionsReviewIntegrationTests.cs(26,0): at ConstructionManagement.Tests.Integration.TransactionsReviewIntegrationTests..ctor()&#xD;
[xUnit.net 00:00:04.44]            at System.RuntimeType.CreateInstanceDefaultCtor(Boolean publicOnly, Boolean wrapExceptions)&#xD;
[xUnit.net 00:00:04.45]       Microsoft.Data.Sqlite.SqliteException : SQLite Error 19: 'FOREIGN KEY constraint failed'.&#xD;
[xUnit.net 00:00:04.45]       Stack Trace:&#xD;
[xUnit.net 00:00:04.45]            at Microsoft.Data.Sqlite.SqliteException.ThrowExceptionForRC(Int32 rc, sqlite3 db)&#xD;
[xUnit.net 00:00:04.45]            at Microsoft.Data.Sqlite.SqliteDataReader.NextResult()&#xD;
[xUnit.net 00:00:04.45]            at Microsoft.Data.Sqlite.SqliteCommand.ExecuteReader(CommandBehavior behavior)&#xD;
[xUnit.net 00:00:04.45]            at Microsoft.Data.Sqlite.SqliteCommand.ExecuteReader()&#xD;
[xUnit.net 00:00:04.45]            at Microsoft.Data.Sqlite.SqliteCommand.ExecuteNonQuery()&#xD;
[xUnit.net 00:00:04.45]            at Microsoft.EntityFrameworkCore.Storage.RelationalCommand.ExecuteNonQuery(RelationalCommandParameterObject parameterObject)&#xD;
[xUnit.net 00:00:04.45]            at Microsoft.EntityFrameworkCore.Migrations.MigrationCommand.ExecuteNonQuery(IRelationalConnection connection, IReadOnlyDictionary`2 parameterValues)&#xD;
[xUnit.net 00:00:04.45]            at Microsoft.EntityFrameworkCore.Migrations.Internal.MigrationCommandExecutor.Execute(IReadOnlyList`1 migrationCommands, IRelationalConnection connection, MigrationExecutionState executionState, Boolean beginTransaction, Boolean commitTransaction, Nullable`1 isolationLevel)&#xD;
[xUnit.net 00:00:04.45]            at Microsoft.EntityFrameworkCore.Migrations.Internal.MigrationCommandExecutor.&lt;&gt;c.&lt;ExecuteNonQuery&gt;b__3_1(DbContext _, ValueTuple`6 s)&#xD;
[xUnit.net 00:00:04.45]            at Microsoft.EntityFrameworkCore.Storage.NonRetryingExecutionStrategy.Execute[TState,TResult](TState state, Func`3 operation, Func`3 verifySucceeded)&#xD;
[xUnit.net 00:00:04.46]            at Microsoft.EntityFrameworkCore.Migrations.Internal.MigrationCommandExecutor.ExecuteNonQuery(IReadOnlyList`1 migrationCommands, IRelationalConnection connection, MigrationExecutionState executionState, Boolean commitTransaction, Nullable`1 isolationLevel)&#xD;
[xUnit.net 00:00:04.46]            at Microsoft.EntityFrameworkCore.Storage.RelationalDatabaseCreator.CreateTables()&#xD;
[xUnit.net 00:00:04.46]            at Microsoft.EntityFrameworkCore.Storage.RelationalDatabaseCreator.EnsureCreated()&#xD;
[xUnit.net 00:00:04.46]            at Microsoft.EntityFrameworkCore.Infrastructure.DatabaseFacade.EnsureCreated()&#xD;
[xUnit.net 00:00:04.46]         C:\Users\Ahmed.Ramadan\source\repos\Construction\tests\ConstructionManagement.Tests\Integration\IntegrationTestBase.cs(31,0): at ConstructionManagement.Tests.Integration.IntegrationTestBase..ctor()&#xD;
[xUnit.net 00:00:04.46]         C:\Users\Ahmed.Ramadan\source\repos\Construction\tests\ConstructionManagement.Tests\Integration\MediaUploadAndReviewIntegrationTests.cs(19,0): at ConstructionManagement.Tests.Integration.MediaUploadAndReviewIntegrationTests..ctor()&#xD;
[xUnit.net 00:00:04.46]            at System.RuntimeType.CreateInstanceDefaultCtor(Boolean publicOnly, Boolean wrapExceptions)&#xD;
[xUnit.net 00:00:04.75]       Microsoft.Data.Sqlite.SqliteException : SQLite Error 19: 'FOREIGN KEY constraint failed'.&#xD;
[xUnit.net 00:00:04.75]       Stack Trace:&#xD;
[xUnit.net 00:00:04.75]            at Microsoft.Data.Sqlite.SqliteException.ThrowExceptionForRC(Int32 rc, sqlite3 db)&#xD;
[xUnit.net 00:00:04.75]            at Microsoft.Data.Sqlite.SqliteDataReader.NextResult()&#xD;
[xUnit.net 00:00:04.75]            at Microsoft.Data.Sqlite.SqliteCommand.ExecuteReader(CommandBehavior behavior)&#xD;
[xUnit.net 00:00:04.75]            at Microsoft.Data.Sqlite.SqliteCommand.ExecuteReader()&#xD;
[xUnit.net 00:00:04.75]            at Microsoft.Data.Sqlite.SqliteCommand.ExecuteNonQuery()&#xD;
[xUnit.net 00:00:04.75]            at Microsoft.EntityFrameworkCore.Storage.RelationalCommand.ExecuteNonQuery(RelationalCommandParameterObject parameterObject)&#xD;
[xUnit.net 00:00:04.75]            at Microsoft.EntityFrameworkCore.Migrations.MigrationCommand.ExecuteNonQuery(IRelationalConnection connection, IReadOnlyDictionary`2 parameterValues)&#xD;
[xUnit.net 00:00:04.75]            at Microsoft.EntityFrameworkCore.Migrations.Internal.MigrationCommandExecutor.Execute(IReadOnlyList`1 migrationCommands, IRelationalConnection connection, MigrationExecutionState executionState, Boolean beginTransaction, Boolean commitTransaction, Nullable`1 isolationLevel)&#xD;
[xUnit.net 00:00:04.75]            at Microsoft.EntityFrameworkCore.Migrations.Internal.MigrationCommandExecutor.&lt;&gt;c.&lt;ExecuteNonQuery&gt;b__3_1(DbContext _, ValueTuple`6 s)&#xD;
[xUnit.net 00:00:04.75]            at Microsoft.EntityFrameworkCore.Storage.NonRetryingExecutionStrategy.Execute[TState,TResult](TState state, Func`3 operation, Func`3 verifySucceeded)&#xD;
[xUnit.net 00:00:04.75]            at Microsoft.EntityFrameworkCore.Migrations.Internal.MigrationCommandExecutor.ExecuteNonQuery(IReadOnlyList`1 migrationCommands, IRelationalConnection connection, MigrationExecutionState executionState, Boolean commitTransaction, Nullable`1 isolationLevel)&#xD;
[xUnit.net 00:00:04.75]            at Microsoft.EntityFrameworkCore.Storage.RelationalDatabaseCreator.CreateTables()&#xD;
[xUnit.net 00:00:04.75]            at Microsoft.EntityFrameworkCore.Storage.RelationalDatabaseCreator.EnsureCreated()&#xD;
[xUnit.net 00:00:04.75]            at Microsoft.EntityFrameworkCore.Infrastructure.DatabaseFacade.EnsureCreated()&#xD;
[xUnit.net 00:00:04.75]         C:\Users\Ahmed.Ramadan\source\repos\Construction\tests\ConstructionManagement.Tests\Integration\IntegrationTestBase.cs(31,0): at ConstructionManagement.Tests.Integration.IntegrationTestBase..ctor()&#xD;
[xUnit.net 00:00:04.75]         C:\Users\Ahmed.Ramadan\source\repos\Construction\tests\ConstructionManagement.Tests\Integration\MediaUploadAndReviewIntegrationTests.cs(19,0): at ConstructionManagement.Tests.Integration.MediaUploadAndReviewIntegrationTests..ctor()&#xD;
[xUnit.net 00:00:04.75]            at System.RuntimeType.CreateInstanceDefaultCtor(Boolean publicOnly, Boolean wrapExceptions)&#xD;
[xUnit.net 00:00:06.38]   Finished:    ConstructionManagement.Tests&#xD;
</StdOut>
    </Output>
    <RunInfos>
      <RunInfo computerName="AHMED-RAMADAN" outcome="Warning" timestamp="2026-01-30T16:14:22.0976786+02:00">
        <Text>[xUnit.net 00:00:00.55]     ConstructionManagement.Tests.Integration.ProjectRolePermissionTests.Placeholder [SKIP]</Text>
      </RunInfo>
      <RunInfo computerName="AHMED-RAMADAN" outcome="Error" timestamp="2026-01-30T16:14:24.6022271+02:00">
        <Text>[xUnit.net 00:00:03.12]     ConstructionManagement.Tests.Integration.TransactionsReviewIntegrationTests.ReviewTransaction_ShouldUpdateReviewFields [FAIL]</Text>
      </RunInfo>
      <RunInfo computerName="AHMED-RAMADAN" outcome="Error" timestamp="2026-01-30T16:14:24.6563389+02:00">
        <Text>[xUnit.net 00:00:03.14]     ConstructionManagement.Tests.Integration.FullSystemIntegrationTests.Auth_Project_BOQ_HappyPath_ShouldSucceed [FAIL]</Text>
      </RunInfo>
      <RunInfo computerName="AHMED-RAMADAN" outcome="Error" timestamp="2026-01-30T16:14:24.6574428+02:00">
        <Text>[xUnit.net 00:00:03.15]     ConstructionManagement.Tests.Integration.MediaUploadAndReviewIntegrationTests.UploadMedia_WithApprovalRule_CreatesApprovalRequest [FAIL]</Text>
      </RunInfo>
      <RunInfo computerName="AHMED-RAMADAN" outcome="Error" timestamp="2026-01-30T16:14:24.6586657+02:00">
        <Text>[xUnit.net 00:00:03.17]     ConstructionManagement.Tests.Integration.AuthServiceIntegrationTests.LoginAsync_WithValidCredentials_ReturnsToken [FAIL]</Text>
      </RunInfo>
      <RunInfo computerName="AHMED-RAMADAN" outcome="Error" timestamp="2026-01-30T16:14:24.6739296+02:00">
        <Text>[xUnit.net 00:00:03.19]     ConstructionManagement.Tests.Integration.BOQAndTransactionIntegrationTests.CreateTransactionAsync_ShouldPersistTransaction [FAIL]</Text>
      </RunInfo>
      <RunInfo computerName="AHMED-RAMADAN" outcome="Error" timestamp="2026-01-30T16:14:24.6788640+02:00">
        <Text>[xUnit.net 00:00:03.19]     ConstructionManagement.Tests.Integration.EscalationIntegrationTests.CheckProjectAndItemDelaysAsync_ShouldCreateEscalationLog [FAIL]</Text>
      </RunInfo>
      <RunInfo computerName="AHMED-RAMADAN" outcome="Error" timestamp="2026-01-30T16:14:25.0402759+02:00">
        <Text>[xUnit.net 00:00:03.56]     ConstructionManagement.Tests.Integration.EscalationIntegrationTests.CheckProjectAndItemDelaysAsync_ShouldDetectDelayedProjects [FAIL]</Text>
      </RunInfo>
      <RunInfo computerName="AHMED-RAMADAN" outcome="Error" timestamp="2026-01-30T16:14:25.0924768+02:00">
        <Text>[xUnit.net 00:00:03.61]     ConstructionManagement.Tests.Integration.AuthServiceIntegrationTests.LoginAsync_WithValidCredentials_ReturnsToken_RealDB [FAIL]</Text>
      </RunInfo>
      <RunInfo computerName="AHMED-RAMADAN" outcome="Error" timestamp="2026-01-30T16:14:25.1198374+02:00">
        <Text>[xUnit.net 00:00:03.62]     ConstructionManagement.Tests.Integration.BOQAndTransactionIntegrationTests.MultiStepProfitabilityScenario [FAIL]</Text>
      </RunInfo>
      <RunInfo computerName="AHMED-RAMADAN" outcome="Error" timestamp="2026-01-30T16:14:25.1210243+02:00">
        <Text>[xUnit.net 00:00:03.63]     ConstructionManagement.Tests.Integration.TransactionsReviewIntegrationTests.ReviewTransaction_Approve_ShouldUpdateFields [FAIL]</Text>
      </RunInfo>
      <RunInfo computerName="AHMED-RAMADAN" outcome="Error" timestamp="2026-01-30T16:14:25.1220727+02:00">
        <Text>[xUnit.net 00:00:03.64]     ConstructionManagement.Tests.Integration.FullSystemIntegrationTests.BOQ_CreateAndProgress_ShouldPersistCorrectData [FAIL]</Text>
      </RunInfo>
      <RunInfo computerName="AHMED-RAMADAN" outcome="Error" timestamp="2026-01-30T16:14:25.1440582+02:00">
        <Text>[xUnit.net 00:00:03.66]     ConstructionManagement.Tests.Integration.MediaUploadAndReviewIntegrationTests.UploadMedia_WhenReviewNotRequired_AutoApproves [FAIL]</Text>
      </RunInfo>
      <RunInfo computerName="AHMED-RAMADAN" outcome="Error" timestamp="2026-01-30T16:14:25.4379550+02:00">
        <Text>[xUnit.net 00:00:03.96]     ConstructionManagement.Tests.Integration.EscalationIntegrationTests.CheckProjectAndItemDelaysAsync_WhenNotificationsDisabled_DoesNothing [FAIL]</Text>
      </RunInfo>
      <RunInfo computerName="AHMED-RAMADAN" outcome="Error" timestamp="2026-01-30T16:14:25.4775731+02:00">
        <Text>[xUnit.net 00:00:04.00]     ConstructionManagement.Tests.Integration.FullSystemIntegrationTests.Auth_LoginFullProcess_ShouldSucceed [FAIL]</Text>
      </RunInfo>
      <RunInfo computerName="AHMED-RAMADAN" outcome="Error" timestamp="2026-01-30T16:14:25.4909455+02:00">
        <Text>[xUnit.net 00:00:04.01]     ConstructionManagement.Tests.Integration.BOQAndTransactionIntegrationTests.Transaction_ShouldAffect_ProjectProfitability [FAIL]</Text>
      </RunInfo>
      <RunInfo computerName="AHMED-RAMADAN" outcome="Error" timestamp="2026-01-30T16:14:25.4977936+02:00">
        <Text>[xUnit.net 00:00:04.02]     ConstructionManagement.Tests.Integration.MediaUploadAndReviewIntegrationTests.UploadAndReviewMedia_WithApprovalRule_CreatesAndProcessesApprovalRequest [FAIL]</Text>
      </RunInfo>
      <RunInfo computerName="AHMED-RAMADAN" outcome="Error" timestamp="2026-01-30T16:14:25.5146578+02:00">
        <Text>[xUnit.net 00:00:04.04]     ConstructionManagement.Tests.Integration.TransactionsReviewIntegrationTests.ReviewTransaction_WhenAlreadyReviewed_ShouldReturnFalse [FAIL]</Text>
      </RunInfo>
      <RunInfo computerName="AHMED-RAMADAN" outcome="Error" timestamp="2026-01-30T16:14:25.9125726+02:00">
        <Text>[xUnit.net 00:00:04.43]     ConstructionManagement.Tests.Integration.TransactionsReviewIntegrationTests.ReviewTransaction_WhenAlreadyReviewed_ReturnsFalse [FAIL]</Text>
      </RunInfo>
      <RunInfo computerName="AHMED-RAMADAN" outcome="Error" timestamp="2026-01-30T16:14:25.9301804+02:00">
        <Text>[xUnit.net 00:00:04.45]     ConstructionManagement.Tests.Integration.MediaUploadAndReviewIntegrationTests.ReviewMedia_Approve_SetsApprovedStatus [FAIL]</Text>
      </RunInfo>
      <RunInfo computerName="AHMED-RAMADAN" outcome="Error" timestamp="2026-01-30T16:14:26.2273969+02:00">
        <Text>[xUnit.net 00:00:04.75]     ConstructionManagement.Tests.Integration.MediaUploadAndReviewIntegrationTests.UploadAndReviewMedia_WhenReviewNotRequired_AutoApproves [FAIL]</Text>
      </RunInfo>
    </RunInfos>
  </ResultSummary>
</TestRun>