<?xml version="1.0" encoding="utf-8"?>
<TestRun id="97b716b0-1d82-4498-be9c-a73a7d8b2b0a" name="RePack@DESKTOP-P87JOPK 2026-01-25 17:14:49" runUser="DESKTOP-P87JOPK\RePack" xmlns="http://microsoft.com/schemas/VisualStudio/TeamTest/2010">
  <Times creation="2026-01-25T17:14:49.2086873+02:00" queuing="2026-01-25T17:14:49.2086877+02:00" start="2026-01-25T17:14:22.1649649+02:00" finish="2026-01-25T17:14:59.7306616+02:00" />
  <TestSettings name="default" id="83cd189d-8538-481f-aa6c-b0d11030f2f1">
    <Deployment runDeploymentRoot="RePack_DESKTOP-P87JOPK_2026-01-25_17_14_49" />
  </TestSettings>
  <Results>
    <UnitTestResult executionId="4231d224-2a60-4815-8f3d-7c059d4eb6dc" testId="e2d2eba0-a62d-01d0-5610-ee10e2217d2b" testName="ConstructionManagement.Tests.Unit.Services.EscalationServiceTests.CheckProjectAndItemDelaysAsync_WhenLogExistsForThisItemToday_ShouldSkip" computerName="DESKTOP-P87JOPK" duration="00:00:00.1045780" startTime="2026-01-25T17:14:49.4562481+02:00" endTime="2026-01-25T17:14:49.4562485+02:00" testType="13cdc9d9-ddb5-4fa4-a97d-d965ccfc6d4b" outcome="Passed" testListId="8c84fa94-04c1-424b-9868-57a2d4851a1d" relativeResultsDirectory="4231d224-2a60-4815-8f3d-7c059d4eb6dc" />
    <UnitTestResult executionId="67f2365d-50cb-45be-ab8a-ba1f00144ce0" testId="70bf519a-7b7b-36da-821d-b2e5c11c892b" testName="ConstructionManagement.Tests.Integration.AuthServiceIntegrationTests.LoginAsync_WithValidCredentials_ReturnsToken" computerName="DESKTOP-P87JOPK" duration="00:00:03.1128657" startTime="2026-01-25T17:14:55.1530586+02:00" endTime="2026-01-25T17:14:55.1530589+02:00" testType="13cdc9d9-ddb5-4fa4-a97d-d965ccfc6d4b" outcome="Passed" testListId="8c84fa94-04c1-424b-9868-57a2d4851a1d" relativeResultsDirectory="67f2365d-50cb-45be-ab8a-ba1f00144ce0" />
    <UnitTestResult executionId="e6ed54e2-874f-49b0-957c-bd73bc537f02" testId="c1e77579-cc42-e410-a89c-b3762ee4c2c7" testName="ConstructionManagement.Tests.Unit.Domain.BOQItemNoteTests.RelatedMedia_ShouldLinkCorrectId_WhenEvidenceIsAttached" computerName="DESKTOP-P87JOPK" duration="00:00:00.0011363" startTime="2026-01-25T17:14:49.4706831+02:00" endTime="2026-01-25T17:14:49.4706834+02:00" testType="13cdc9d9-ddb5-4fa4-a97d-d965ccfc6d4b" outcome="Passed" testListId="8c84fa94-04c1-424b-9868-57a2d4851a1d" relativeResultsDirectory="e6ed54e2-874f-49b0-957c-bd73bc537f02" />
    <UnitTestResult executionId="d0109b7b-e38a-46eb-abb2-551cf8a98a1f" testId="62bbbb98-88c4-5cd2-2251-c2b51d68a697" testName="ConstructionManagement.Tests.Unit.Services.ProjectTransactionServiceTests.CreateTransactionAsync_ShouldCommit_WhenValidRequest" computerName="DESKTOP-P87JOPK" duration="00:00:00.0040519" startTime="2026-01-25T17:14:49.1114701+02:00" endTime="2026-01-25T17:14:49.1114702+02:00" testType="13cdc9d9-ddb5-4fa4-a97d-d965ccfc6d4b" outcome="Passed" testListId="8c84fa94-04c1-424b-9868-57a2d4851a1d" relativeResultsDirectory="d0109b7b-e38a-46eb-abb2-551cf8a98a1f" />
    <UnitTestResult executionId="f87259a1-0b99-4ed3-b2b6-8b69d60452dd" testId="e9634539-76df-bb93-9b8d-15529467493e" testName="ConstructionManagement.Tests.Unit.Services.ProjectApprovalRuleServiceTests.CreateRuleAsync_ShouldThrowException_WhenProjectDoesNotExist" computerName="DESKTOP-P87JOPK" duration="00:00:00.0043359" startTime="2026-01-25T17:14:49.3360432+02:00" endTime="2026-01-25T17:14:49.3360436+02:00" testType="13cdc9d9-ddb5-4fa4-a97d-d965ccfc6d4b" outcome="Passed" testListId="8c84fa94-04c1-424b-9868-57a2d4851a1d" relativeResultsDirectory="f87259a1-0b99-4ed3-b2b6-8b69d60452dd" />
    <UnitTestResult executionId="e077af34-9ba2-4a6e-8da6-d081e8585880" testId="24749552-81fa-f2d5-73a1-97445a6fd433" testName="ConstructionManagement.Tests.Unit.Services.LocalFileStorageServiceTests.UploadFileAsync_ShouldThrowException_WhenFileIsTooLarge" computerName="DESKTOP-P87JOPK" duration="00:00:00.0436723" startTime="2026-01-25T17:14:51.9755368+02:00" endTime="2026-01-25T17:14:51.9755382+02:00" testType="13cdc9d9-ddb5-4fa4-a97d-d965ccfc6d4b" outcome="Passed" testListId="8c84fa94-04c1-424b-9868-57a2d4851a1d" relativeResultsDirectory="e077af34-9ba2-4a6e-8da6-d081e8585880" />
    <UnitTestResult executionId="e1e7659f-9396-41ae-8a5a-e623d0d9583b" testId="ae3a6bc5-b376-95e0-e0e3-580fb1a76677" testName="ConstructionManagement.Tests.Unit.Services.EscalationServiceTests.CheckProjectAndItemDelaysAsync_ShouldCreateCorrectLogEntry_WhenEscalated" computerName="DESKTOP-P87JOPK" duration="00:00:00.0240148" startTime="2026-01-25T17:14:49.4803289+02:00" endTime="2026-01-25T17:14:49.4803291+02:00" testType="13cdc9d9-ddb5-4fa4-a97d-d965ccfc6d4b" outcome="Passed" testListId="8c84fa94-04c1-424b-9868-57a2d4851a1d" relativeResultsDirectory="e1e7659f-9396-41ae-8a5a-e623d0d9583b" />
    <UnitTestResult executionId="74b2be8b-020f-416e-a719-9588649533c6" testId="ebe62639-27f4-3c43-d327-a8c4a308f81a" testName="ConstructionManagement.Tests.Integration.MediaUploadAndReviewIntegrationTests.UploadMedia_WithApprovalRule_CreatesApprovalRequest" computerName="DESKTOP-P87JOPK" duration="00:00:09.1072387" startTime="2026-01-25T17:14:57.1695612+02:00" endTime="2026-01-25T17:14:57.1695617+02:00" testType="13cdc9d9-ddb5-4fa4-a97d-d965ccfc6d4b" outcome="Passed" testListId="8c84fa94-04c1-424b-9868-57a2d4851a1d" relativeResultsDirectory="74b2be8b-020f-416e-a719-9588649533c6" />
    <UnitTestResult executionId="5f8ee475-77e9-45ed-b95a-da0000cb2216" testId="564e8773-8c67-d7f2-673d-5540287c8a32" testName="ConstructionManagement.Tests.Unit.Services.LocalFileStorageServiceTests.UploadFileAsync_ShouldSanitizeFolderName" computerName="DESKTOP-P87JOPK" duration="00:00:00.0070447" startTime="2026-01-25T17:14:51.9826599+02:00" endTime="2026-01-25T17:14:51.9826604+02:00" testType="13cdc9d9-ddb5-4fa4-a97d-d965ccfc6d4b" outcome="Passed" testListId="8c84fa94-04c1-424b-9868-57a2d4851a1d" relativeResultsDirectory="5f8ee475-77e9-45ed-b95a-da0000cb2216" />
    <UnitTestResult executionId="6c442b17-858a-4fbe-8654-95b2f6a42eef" testId="12b778d5-8ad9-2422-a026-517f2d230e1e" testName="ConstructionManagement.Tests.Unit.Services.InvoiceServiceTests.GetInvoiceByIdAsync_WhenReviewerIsNull_ShouldStillReturnDtoWithNullReviewerName" computerName="DESKTOP-P87JOPK" duration="00:00:00.0082621" startTime="2026-01-25T17:14:56.8770082+02:00" endTime="2026-01-25T17:14:56.8770087+02:00" testType="13cdc9d9-ddb5-4fa4-a97d-d965ccfc6d4b" outcome="Passed" testListId="8c84fa94-04c1-424b-9868-57a2d4851a1d" relativeResultsDirectory="6c442b17-858a-4fbe-8654-95b2f6a42eef" />
    <UnitTestResult executionId="996919fd-50fe-4090-b7c1-3698193436b5" testId="c9b67447-fdae-668a-0c96-77fd275b1514" testName="ConstructionManagement.Tests.Unit.Services.UserServiceTests.AssignRoleToUserAsync_WhenNewRole_ShouldSaveThroughUnitOfWork" computerName="DESKTOP-P87JOPK" duration="00:00:00.0096150" startTime="2026-01-25T17:14:51.9312207+02:00" endTime="2026-01-25T17:14:51.9312210+02:00" testType="13cdc9d9-ddb5-4fa4-a97d-d965ccfc6d4b" outcome="Passed" testListId="8c84fa94-04c1-424b-9868-57a2d4851a1d" relativeResultsDirectory="996919fd-50fe-4090-b7c1-3698193436b5" />
    <UnitTestResult executionId="b3b3dfe8-1d09-4c83-a36b-95792b519b90" testId="47c93344-ff88-5fc2-0e02-6a497111a378" testName="ConstructionManagement.Tests.Unit.Services.EmailServiceTests.SendAsync_ShouldLogWarning_WhenSenderEmailIsInvalid(invalidSender: &quot;   &quot;)" computerName="DESKTOP-P87JOPK" duration="00:00:00.0025882" startTime="2026-01-25T17:14:51.3054219+02:00" endTime="2026-01-25T17:14:51.3054223+02:00" testType="13cdc9d9-ddb5-4fa4-a97d-d965ccfc6d4b" outcome="Passed" testListId="8c84fa94-04c1-424b-9868-57a2d4851a1d" relativeResultsDirectory="b3b3dfe8-1d09-4c83-a36b-95792b519b90" />
    <UnitTestResult executionId="4a1f3f80-f880-4b32-becb-c2c72e76cc42" testId="f8eb2373-026d-ed87-cf1e-0626184e9235" testName="ConstructionManagement.Tests.Unit.Domain.BOQItemTests.HelperProperties_ShouldReturnCorrectStatus(type: &quot;Supervision&quot;, expectedMeasured: False, expectedSupervision: True)" computerName="DESKTOP-P87JOPK" duration="00:00:00.0008685" startTime="2026-01-25T17:14:49.4692484+02:00" endTime="2026-01-25T17:14:49.4692485+02:00" testType="13cdc9d9-ddb5-4fa4-a97d-d965ccfc6d4b" outcome="Passed" testListId="8c84fa94-04c1-424b-9868-57a2d4851a1d" relativeResultsDirectory="4a1f3f80-f880-4b32-becb-c2c72e76cc42" />
    <UnitTestResult executionId="44ec9d32-0f56-4c13-b37c-5e76c1a307e3" testId="ab69df4f-6fad-7528-a058-7b533a7a02df" testName="ConstructionManagement.Tests.Unit.Services.AuthServiceTests.LoginAsync_WhenCredentialsAreValid_ReturnsSuccessWithToken" computerName="DESKTOP-P87JOPK" duration="00:00:01.3487835" startTime="2026-01-25T17:14:50.4012262+02:00" endTime="2026-01-25T17:14:50.4012265+02:00" testType="13cdc9d9-ddb5-4fa4-a97d-d965ccfc6d4b" outcome="Passed" testListId="8c84fa94-04c1-424b-9868-57a2d4851a1d" relativeResultsDirectory="44ec9d32-0f56-4c13-b37c-5e76c1a307e3" />
    <UnitTestResult executionId="ac09bc55-c77b-410b-9fc0-768b43b20ba1" testId="3a60a5fb-4fbb-d413-e138-f52ffe2457be" testName="ConstructionManagement.Tests.Unit.Services.AuthServiceTests.RegisterAsync_WhenDataIsValid_ShouldSaveUserWithCorrectData" computerName="DESKTOP-P87JOPK" duration="00:00:00.3588439" startTime="2026-01-25T17:14:51.2098753+02:00" endTime="2026-01-25T17:14:51.2098760+02:00" testType="13cdc9d9-ddb5-4fa4-a97d-d965ccfc6d4b" outcome="Passed" testListId="8c84fa94-04c1-424b-9868-57a2d4851a1d" relativeResultsDirectory="ac09bc55-c77b-410b-9fc0-768b43b20ba1" />
    <UnitTestResult executionId="326a2a47-3829-4526-bb94-aceafbfeddd0" testId="36dd82e1-4cce-f54a-dfdd-38825058f5ab" testName="ConstructionManagement.Tests.Unit.Services.BOQItemServiceTests.CreateBOQItemAsync_WhenRequestIsNull_ThrowsArgumentNullException" computerName="DESKTOP-P87JOPK" duration="00:00:00.0199124" startTime="2026-01-25T17:14:49.5200652+02:00" endTime="2026-01-25T17:14:49.5200656+02:00" testType="13cdc9d9-ddb5-4fa4-a97d-d965ccfc6d4b" outcome="Passed" testListId="8c84fa94-04c1-424b-9868-57a2d4851a1d" relativeResultsDirectory="326a2a47-3829-4526-bb94-aceafbfeddd0" />
    <UnitTestResult executionId="212e6c5d-8514-416b-b9c1-d92db23420cb" testId="5caf9aef-e377-6426-2c52-54d115cde48b" testName="ConstructionManagement.Tests.Integration.MediaUploadAndReviewIntegrationTests.ReviewMedia_Approve_SetsApprovedStatus" computerName="DESKTOP-P87JOPK" duration="00:00:00.5264903" startTime="2026-01-25T17:14:57.6082975+02:00" endTime="2026-01-25T17:14:57.6082978+02:00" testType="13cdc9d9-ddb5-4fa4-a97d-d965ccfc6d4b" outcome="Passed" testListId="8c84fa94-04c1-424b-9868-57a2d4851a1d" relativeResultsDirectory="212e6c5d-8514-416b-b9c1-d92db23420cb" />
    <UnitTestResult executionId="7b2ee8dd-d6ac-4886-a64e-1738e518077c" testId="aa9312b0-b7e5-d271-e823-74c0eeac1df2" testName="ConstructionManagement.Tests.Unit.Services.NotificationServiceTests.CreateAndSendAsync_ShouldSaveNotificationAndCallUnitOfWork" computerName="DESKTOP-P87JOPK" duration="00:00:00.4195372" startTime="2026-01-25T17:14:48.4009607+02:00" endTime="2026-01-25T17:14:48.4009893+02:00" testType="13cdc9d9-ddb5-4fa4-a97d-d965ccfc6d4b" outcome="Passed" testListId="8c84fa94-04c1-424b-9868-57a2d4851a1d" relativeResultsDirectory="7b2ee8dd-d6ac-4886-a64e-1738e518077c" />
    <UnitTestResult executionId="c6430774-7cf9-4f56-8e29-68c615574456" testId="114ea961-bf1f-bc72-d633-b630ccf5545e" testName="ConstructionManagement.Tests.Unit.Services.SiteMediaServiceTests.UploadMediaAsync_WhenSettingsMissing_ThrowsAndRollsBack" computerName="DESKTOP-P87JOPK" duration="00:00:00.0234218" startTime="2026-01-25T17:14:49.5877891+02:00" endTime="2026-01-25T17:14:49.5877893+02:00" testType="13cdc9d9-ddb5-4fa4-a97d-d965ccfc6d4b" outcome="Passed" testListId="8c84fa94-04c1-424b-9868-57a2d4851a1d" relativeResultsDirectory="c6430774-7cf9-4f56-8e29-68c615574456" />
    <UnitTestResult executionId="3575a989-fb39-487c-8ba0-bd70662d8145" testId="0faa077a-155c-b7d8-dc8e-89ef56902aab" testName="ConstructionManagement.Tests.Integration.FileStorageValidationIntegrationTests.UploadFileAsync_InvalidExtension_ShouldThrow" computerName="DESKTOP-P87JOPK" duration="00:00:00.1236922" startTime="2026-01-25T17:14:49.3913652+02:00" endTime="2026-01-25T17:14:49.3913660+02:00" testType="13cdc9d9-ddb5-4fa4-a97d-d965ccfc6d4b" outcome="Passed" testListId="8c84fa94-04c1-424b-9868-57a2d4851a1d" relativeResultsDirectory="3575a989-fb39-487c-8ba0-bd70662d8145" />
    <UnitTestResult executionId="508acd26-b429-4791-8a5f-053eeaeb7672" testId="23e84b07-6b60-0ec6-43a0-b5cc9c5670e8" testName="ConstructionManagement.Tests.Unit.Services.RoleServiceTests.AddRoleAsync_WhenDuplicateName_ThrowsExceptionAndDoesNotSave" computerName="DESKTOP-P87JOPK" duration="00:00:00.0075493" startTime="2026-01-25T17:14:49.4443187+02:00" endTime="2026-01-25T17:14:49.4443190+02:00" testType="13cdc9d9-ddb5-4fa4-a97d-d965ccfc6d4b" outcome="Passed" testListId="8c84fa94-04c1-424b-9868-57a2d4851a1d" relativeResultsDirectory="508acd26-b429-4791-8a5f-053eeaeb7672" />
    <UnitTestResult executionId="dc449290-0bae-4395-bac9-14a533196bc1" testId="7e13f458-7a85-edc8-ed8c-98bc4528686c" testName="ConstructionManagement.Tests.Unit.Services.NotificationServiceTests.MarkAsReadAsync_ShouldDoNothing_WhenNotificationBelongsToAnotherUser" computerName="DESKTOP-P87JOPK" duration="00:00:00.6461623" startTime="2026-01-25T17:14:49.0464998+02:00" endTime="2026-01-25T17:14:49.0465002+02:00" testType="13cdc9d9-ddb5-4fa4-a97d-d965ccfc6d4b" outcome="Passed" testListId="8c84fa94-04c1-424b-9868-57a2d4851a1d" relativeResultsDirectory="dc449290-0bae-4395-bac9-14a533196bc1" />
    <UnitTestResult executionId="84c27659-a645-4ff5-a521-fd8c0066c6e0" testId="4bd221bf-937e-7391-2b13-d64f5e7721b9" testName="ConstructionManagement.Tests.Integration.FileStorageValidationIntegrationTests.UploadFileAsync_ValidFile_ShouldReturnRelativePath" computerName="DESKTOP-P87JOPK" duration="00:00:00.0262120" startTime="2026-01-25T17:14:49.4166240+02:00" endTime="2026-01-25T17:14:49.4166243+02:00" testType="13cdc9d9-ddb5-4fa4-a97d-d965ccfc6d4b" outcome="Passed" testListId="8c84fa94-04c1-424b-9868-57a2d4851a1d" relativeResultsDirectory="84c27659-a645-4ff5-a521-fd8c0066c6e0" />
    <UnitTestResult executionId="4062144a-cb90-468a-a507-592966b6f5c9" testId="be1fcf7a-c2f3-431c-017b-6914350cf204" testName="ConstructionManagement.Tests.Unit.Services.DailyLogServiceTests.IsDayClosedForItemAsync_ShouldReturnTrue_WhenLogIsClosed" computerName="DESKTOP-P87JOPK" duration="00:00:00.0042903" startTime="2026-01-25T17:14:49.5340498+02:00" endTime="2026-01-25T17:14:49.5340500+02:00" testType="13cdc9d9-ddb5-4fa4-a97d-d965ccfc6d4b" outcome="Passed" testListId="8c84fa94-04c1-424b-9868-57a2d4851a1d" relativeResultsDirectory="4062144a-cb90-468a-a507-592966b6f5c9" />
    <UnitTestResult executionId="6ea8333d-e793-454a-bb29-c5d22ab254ec" testId="e39eec21-d317-87b8-cd4e-0c18aa5ef5ed" testName="ConstructionManagement.Tests.Unit.Services.ProjectSettingsServiceTests.GetSettingsAsync_WhenSettingsNotFound_CreatesDefaultsAndSaves" computerName="DESKTOP-P87JOPK" duration="00:00:00.0602317" startTime="2026-01-25T17:14:55.2138601+02:00" endTime="2026-01-25T17:14:55.2138604+02:00" testType="13cdc9d9-ddb5-4fa4-a97d-d965ccfc6d4b" outcome="Passed" testListId="8c84fa94-04c1-424b-9868-57a2d4851a1d" relativeResultsDirectory="6ea8333d-e793-454a-bb29-c5d22ab254ec" />
    <UnitTestResult executionId="e3cc193f-d1ee-4dc9-b4d6-ed81aee80fb0" testId="b27855f4-b213-bc36-8e57-4340474c4650" testName="ConstructionManagement.Tests.Unit.Services.ProjectSettingsServiceTests.UpdateSettingsAsync_WhenValidOwner_UpdatesSuccessfully" computerName="DESKTOP-P87JOPK" duration="00:00:00.0084082" startTime="2026-01-25T17:14:55.2340507+02:00" endTime="2026-01-25T17:14:55.2340509+02:00" testType="13cdc9d9-ddb5-4fa4-a97d-d965ccfc6d4b" outcome="Passed" testListId="8c84fa94-04c1-424b-9868-57a2d4851a1d" relativeResultsDirectory="e3cc193f-d1ee-4dc9-b4d6-ed81aee80fb0" />
    <UnitTestResult executionId="701029a6-33c0-4874-8d25-c55f40bfdbe5" testId="b6fd6807-eb71-1f91-1aad-0d8bfb74e16a" testName="ConstructionManagement.Tests.Unit.Services.BOQItemServiceTests.CreateBOQItemAsync_ShouldCommit_WhenMeasuredTypeIsValid" computerName="DESKTOP-P87JOPK" duration="00:00:00.0103359" startTime="2026-01-25T17:14:49.5307971+02:00" endTime="2026-01-25T17:14:49.5307972+02:00" testType="13cdc9d9-ddb5-4fa4-a97d-d965ccfc6d4b" outcome="Passed" testListId="8c84fa94-04c1-424b-9868-57a2d4851a1d" relativeResultsDirectory="701029a6-33c0-4874-8d25-c55f40bfdbe5" />
    <UnitTestResult executionId="391cde9c-9101-4ed1-addc-2d5de0cb9323" testId="1155aaca-c3c0-ec6f-62d0-abb4c4f495b5" testName="ConstructionManagement.Tests.Unit.Services.EmailServiceTests.SendAsync_ShouldLogWarning_WhenSmtpServerIsMissing" computerName="DESKTOP-P87JOPK" duration="00:00:00.0027765" startTime="2026-01-25T17:14:51.5270822+02:00" endTime="2026-01-25T17:14:51.5270826+02:00" testType="13cdc9d9-ddb5-4fa4-a97d-d965ccfc6d4b" outcome="Passed" testListId="8c84fa94-04c1-424b-9868-57a2d4851a1d" relativeResultsDirectory="391cde9c-9101-4ed1-addc-2d5de0cb9323" />
    <UnitTestResult executionId="dc0026a3-7974-4f43-846b-dd82af7ed72b" testId="90cddf36-2c80-5db4-9a83-c89516bbdfb4" testName="ConstructionManagement.Tests.Unit.Services.ProjectTeamServiceTests.GetProjectTeamAsync_ReturnsCorrectDataWithRoles" computerName="DESKTOP-P87JOPK" duration="00:00:00.0733803" startTime="2026-01-25T17:14:56.8522332+02:00" endTime="2026-01-25T17:14:56.8522337+02:00" testType="13cdc9d9-ddb5-4fa4-a97d-d965ccfc6d4b" outcome="Passed" testListId="8c84fa94-04c1-424b-9868-57a2d4851a1d" relativeResultsDirectory="dc0026a3-7974-4f43-846b-dd82af7ed72b" />
    <UnitTestResult executionId="a4a1d245-1009-4523-be8b-75510be9f21e" testId="ad9c1318-1ff6-4478-e087-97c333773ace" testName="ConstructionManagement.Tests.Unit.Domain.BOQItemNoteTests.BOQItemNote_ShouldHaveDefaultValues_UponInitialization" computerName="DESKTOP-P87JOPK" duration="00:00:00.0006190" startTime="2026-01-25T17:14:49.4726702+02:00" endTime="2026-01-25T17:14:49.4726704+02:00" testType="13cdc9d9-ddb5-4fa4-a97d-d965ccfc6d4b" outcome="Passed" testListId="8c84fa94-04c1-424b-9868-57a2d4851a1d" relativeResultsDirectory="a4a1d245-1009-4523-be8b-75510be9f21e" />
    <UnitTestResult executionId="dc629db8-8b84-44a9-95b1-d5e3ea1335e5" testId="a07a1c27-2f31-ca7b-ff45-636ce12b5ecf" testName="ConstructionManagement.Tests.Unit.Services.ProjectApprovalRuleServiceTests.CreateRuleAsync_ShouldSaveAndReturnId_WhenDataIsValid" computerName="DESKTOP-P87JOPK" duration="00:00:00.0051727" startTime="2026-01-25T17:14:49.3464548+02:00" endTime="2026-01-25T17:14:49.3464549+02:00" testType="13cdc9d9-ddb5-4fa4-a97d-d965ccfc6d4b" outcome="Passed" testListId="8c84fa94-04c1-424b-9868-57a2d4851a1d" relativeResultsDirectory="dc629db8-8b84-44a9-95b1-d5e3ea1335e5" />
    <UnitTestResult executionId="d9ce537c-00a8-4560-9f2a-4d99d24354e1" testId="4468b247-e469-b782-36ca-edda3dcde5f5" testName="ConstructionManagement.Tests.Unit.Services.EmailServiceTests.SendAsync_ShouldLogWarning_WhenSenderEmailIsInvalid(invalidSender: &quot;&quot;)" computerName="DESKTOP-P87JOPK" duration="00:00:00.0033327" startTime="2026-01-25T17:14:51.3088710+02:00" endTime="2026-01-25T17:14:51.3088714+02:00" testType="13cdc9d9-ddb5-4fa4-a97d-d965ccfc6d4b" outcome="Passed" testListId="8c84fa94-04c1-424b-9868-57a2d4851a1d" relativeResultsDirectory="d9ce537c-00a8-4560-9f2a-4d99d24354e1" />
    <UnitTestResult executionId="fe271b52-953f-475b-9119-c649ae52bdd4" testId="b5b2a675-66ad-13ce-4493-74502ce4d6db" testName="ConstructionManagement.Tests.Unit.Services.BOQItemServiceTests.GetBOQItemWithProgressAsync_Measured_CalculatesCorrectly" computerName="DESKTOP-P87JOPK" duration="00:00:00.0049572" startTime="2026-01-25T17:14:49.5610017+02:00" endTime="2026-01-25T17:14:49.5610020+02:00" testType="13cdc9d9-ddb5-4fa4-a97d-d965ccfc6d4b" outcome="Passed" testListId="8c84fa94-04c1-424b-9868-57a2d4851a1d" relativeResultsDirectory="fe271b52-953f-475b-9119-c649ae52bdd4" />
    <UnitTestResult executionId="c8faf97e-9adc-4b8d-907c-a4503f0faa9b" testId="96744c73-8793-fb64-afb4-7d8866aff5b2" testName="ConstructionManagement.Tests.Unit.Domain.BOQMeasuredTests.ProgressPercentage_ShouldCalculateCorrectPercentage(agreed: 100, executed: 25, expected: 25)" computerName="DESKTOP-P87JOPK" duration="00:00:00.0003829" startTime="2026-01-25T17:14:49.5898234+02:00" endTime="2026-01-25T17:14:49.5898235+02:00" testType="13cdc9d9-ddb5-4fa4-a97d-d965ccfc6d4b" outcome="Passed" testListId="8c84fa94-04c1-424b-9868-57a2d4851a1d" relativeResultsDirectory="c8faf97e-9adc-4b8d-907c-a4503f0faa9b" />
    <UnitTestResult executionId="3429f408-77df-4985-9afa-581e3f72f73a" testId="e448f8bc-dee0-9153-0bdf-dcfc20600950" testName="ConstructionManagement.Tests.Unit.Services.AuthServiceTests.LoginAsync_ShouldThrowException_WhenJwtKeyIsMissing" computerName="DESKTOP-P87JOPK" duration="00:00:00.4495474" startTime="2026-01-25T17:14:50.8508771+02:00" endTime="2026-01-25T17:14:50.8508773+02:00" testType="13cdc9d9-ddb5-4fa4-a97d-d965ccfc6d4b" outcome="Passed" testListId="8c84fa94-04c1-424b-9868-57a2d4851a1d" relativeResultsDirectory="3429f408-77df-4985-9afa-581e3f72f73a" />
    <UnitTestResult executionId="d9801811-7749-47a7-891d-61216e372b75" testId="7e24ea30-2b92-ec8e-d326-a66246dbf4bc" testName="ConstructionManagement.Tests.Unit.Services.ProjectTransactionServiceTests.GetProjectProfitabilityAsync_CalculatesTotalsCorrectly" computerName="DESKTOP-P87JOPK" duration="00:00:00.2589685" startTime="2026-01-25T17:14:49.1098629+02:00" endTime="2026-01-25T17:14:49.1098631+02:00" testType="13cdc9d9-ddb5-4fa4-a97d-d965ccfc6d4b" outcome="Passed" testListId="8c84fa94-04c1-424b-9868-57a2d4851a1d" relativeResultsDirectory="d9801811-7749-47a7-891d-61216e372b75" />
    <UnitTestResult executionId="6981353a-8e74-4739-8c0c-e0c67e3c50e4" testId="ae5d045c-5fc9-cced-03f9-d2caa4f1a276" testName="ConstructionManagement.Tests.Unit.Services.InvoiceServiceTests.GetInvoicesForItemAsync_ShouldReturnOrderedListByDateDescending" computerName="DESKTOP-P87JOPK" duration="00:00:00.0161102" startTime="2026-01-25T17:14:56.8686263+02:00" endTime="2026-01-25T17:14:56.8686267+02:00" testType="13cdc9d9-ddb5-4fa4-a97d-d965ccfc6d4b" outcome="Passed" testListId="8c84fa94-04c1-424b-9868-57a2d4851a1d" relativeResultsDirectory="6981353a-8e74-4739-8c0c-e0c67e3c50e4" />
    <UnitTestResult executionId="b88be75d-957e-4cef-9650-e665de9eace1" testId="8f4c072b-217d-f568-5d44-924c41be968e" testName="ConstructionManagement.Tests.Unit.Services.LocalFileStorageServiceTests.UploadFileAsync_ShouldThrowException_WhenExtensionIsNotAllowed" computerName="DESKTOP-P87JOPK" duration="00:00:00.0205404" startTime="2026-01-25T17:14:52.0058883+02:00" endTime="2026-01-25T17:14:52.0058888+02:00" testType="13cdc9d9-ddb5-4fa4-a97d-d965ccfc6d4b" outcome="Passed" testListId="8c84fa94-04c1-424b-9868-57a2d4851a1d" relativeResultsDirectory="b88be75d-957e-4cef-9650-e665de9eace1" />
    <UnitTestResult executionId="afa25b19-776c-4b71-86bf-b4527e1d3f5f" testId="b00f92e2-7038-fe38-a2e7-a6872001e556" testName="ConstructionManagement.Tests.Integration.FullSystemIntegrationTests.BOQ_CreateAndProgress_ShouldPersistCorrectData" computerName="DESKTOP-P87JOPK" duration="00:00:01.0716170" startTime="2026-01-25T17:14:56.4023438+02:00" endTime="2026-01-25T17:14:56.4023443+02:00" testType="13cdc9d9-ddb5-4fa4-a97d-d965ccfc6d4b" outcome="Passed" testListId="8c84fa94-04c1-424b-9868-57a2d4851a1d" relativeResultsDirectory="afa25b19-776c-4b71-86bf-b4527e1d3f5f" />
    <UnitTestResult executionId="132e7661-3c5c-421b-879c-30ffa1cc8b1f" testId="973376f7-7650-8eb9-3615-e37d9da03cd3" testName="ConstructionManagement.Tests.Unit.Services.ProjectApprovalRuleServiceTests.CreateRuleAsync_ShouldThrowException_WhenRolesAreMissing(uploader: &quot;&quot;, approver: &quot;PM&quot;)" computerName="DESKTOP-P87JOPK" duration="00:00:00.2628314" startTime="2026-01-25T17:14:49.3194188+02:00" endTime="2026-01-25T17:14:49.3194192+02:00" testType="13cdc9d9-ddb5-4fa4-a97d-d965ccfc6d4b" outcome="Passed" testListId="8c84fa94-04c1-424b-9868-57a2d4851a1d" relativeResultsDirectory="132e7661-3c5c-421b-879c-30ffa1cc8b1f" />
    <UnitTestResult executionId="2f264823-24ca-4aa5-8821-9a136f606eae" testId="962cdcb7-8b6e-eda6-b113-c6d98dc57a87" testName="ConstructionManagement.Tests.Unit.Services.AuthServiceTests.RegisterAsync_WhenEmailAlreadyExists_ReturnsFailure" computerName="DESKTOP-P87JOPK" duration="00:00:00.4901420" startTime="2026-01-25T17:14:49.1107582+02:00" endTime="2026-01-25T17:14:49.1107583+02:00" testType="13cdc9d9-ddb5-4fa4-a97d-d965ccfc6d4b" outcome="Passed" testListId="8c84fa94-04c1-424b-9868-57a2d4851a1d" relativeResultsDirectory="2f264823-24ca-4aa5-8821-9a136f606eae" />
    <UnitTestResult executionId="65b4caa2-5503-4e30-b2ed-4c9a1be241ac" testId="6ba39f1e-a1b0-47cf-60e5-ebf92f79337f" testName="ConstructionManagement.Tests.Unit.Services.NotificationServiceTests.MarkAllAsReadAsync_WhenNoUnread_ShouldNotCallUpdate" computerName="DESKTOP-P87JOPK" duration="00:00:00.0039401" startTime="2026-01-25T17:14:49.1147100+02:00" endTime="2026-01-25T17:14:49.1147101+02:00" testType="13cdc9d9-ddb5-4fa4-a97d-d965ccfc6d4b" outcome="Passed" testListId="8c84fa94-04c1-424b-9868-57a2d4851a1d" relativeResultsDirectory="65b4caa2-5503-4e30-b2ed-4c9a1be241ac" />
    <UnitTestResult executionId="da3cf552-0ffa-45df-a35e-de550e840ffd" testId="19de9228-f5c7-c239-86aa-d6265a116748" testName="ConstructionManagement.Tests.Unit.Services.LocalFileStorageServiceTests.UploadFileAsync_ShouldSaveFileToDisk_WhenValid" computerName="DESKTOP-P87JOPK" duration="00:00:00.0066393" startTime="2026-01-25T17:14:52.0126628+02:00" endTime="2026-01-25T17:14:52.0126632+02:00" testType="13cdc9d9-ddb5-4fa4-a97d-d965ccfc6d4b" outcome="Passed" testListId="8c84fa94-04c1-424b-9868-57a2d4851a1d" relativeResultsDirectory="da3cf552-0ffa-45df-a35e-de550e840ffd" />
    <UnitTestResult executionId="f12f333a-6ab4-4409-8ca3-1236d40d7f64" testId="9a2a463b-c650-6ea0-dc45-2fc3ca053d3b" testName="ConstructionManagement.Tests.Unit.Services.EmailServiceTests.SendAsync_ShouldLogError_WhenUnexpectedExceptionOccurs" computerName="DESKTOP-P87JOPK" duration="00:00:00.2004624" startTime="2026-01-25T17:14:51.5223341+02:00" endTime="2026-01-25T17:14:51.5223345+02:00" testType="13cdc9d9-ddb5-4fa4-a97d-d965ccfc6d4b" outcome="Passed" testListId="8c84fa94-04c1-424b-9868-57a2d4851a1d" relativeResultsDirectory="f12f333a-6ab4-4409-8ca3-1236d40d7f64" />
    <UnitTestResult executionId="c2021827-c236-499f-b884-6be30a9782e6" testId="00d26d9a-1b79-2436-2543-82b8820cbbc1" testName="ConstructionManagement.Tests.Unit.Services.EmailServiceTests.SendAsync_ShouldLogWarning_WhenInputArgumentsAreInvalid(to: &quot;invalid-email&quot;, subject: &quot;Sub&quot;, body: &quot;Body&quot;)" computerName="DESKTOP-P87JOPK" duration="00:00:00.0044414" startTime="2026-01-25T17:14:51.3134674+02:00" endTime="2026-01-25T17:14:51.3134679+02:00" testType="13cdc9d9-ddb5-4fa4-a97d-d965ccfc6d4b" outcome="Passed" testListId="8c84fa94-04c1-424b-9868-57a2d4851a1d" relativeResultsDirectory="c2021827-c236-499f-b884-6be30a9782e6" />
    <UnitTestResult executionId="2da564cb-fb8d-4933-b853-75475d4a84e7" testId="322cb825-9b3b-6760-1f7c-177d403e5a1c" testName="ConstructionManagement.Tests.Integration.FileStorageValidationIntegrationTests.UploadFileAsync_TooLarge_ShouldThrow" computerName="DESKTOP-P87JOPK" duration="00:00:00.1567285" startTime="2026-01-25T17:14:49.2665157+02:00" endTime="2026-01-25T17:14:49.2665160+02:00" testType="13cdc9d9-ddb5-4fa4-a97d-d965ccfc6d4b" outcome="Passed" testListId="8c84fa94-04c1-424b-9868-57a2d4851a1d" relativeResultsDirectory="2da564cb-fb8d-4933-b853-75475d4a84e7" />
    <UnitTestResult executionId="b1c987d8-6b18-4dac-8879-6198902fd2f5" testId="be7899fe-11fa-8798-a7a1-7b59851a8181" testName="ConstructionManagement.Tests.Unit.Domain.BOQItemTests.EstimatedBudget_WhenAccountingTypeIsMeasured_ShouldReturnProductOfQuantityAndPrice" computerName="DESKTOP-P87JOPK" duration="00:00:00.0002885" startTime="2026-01-25T17:14:49.4685036+02:00" endTime="2026-01-25T17:14:49.4685038+02:00" testType="13cdc9d9-ddb5-4fa4-a97d-d965ccfc6d4b" outcome="Passed" testListId="8c84fa94-04c1-424b-9868-57a2d4851a1d" relativeResultsDirectory="b1c987d8-6b18-4dac-8879-6198902fd2f5" />
    <UnitTestResult executionId="7f1a776e-15ad-4e6e-a176-b095337a0c52" testId="8039185b-6c51-2bb7-0fb7-d1a8631f3491" testName="ConstructionManagement.Tests.Unit.Services.LocalFileStorageServiceTests.DeleteFileAsync_ShouldReturnFalse_WhenFileDoesNotExist" computerName="DESKTOP-P87JOPK" duration="00:00:00.0024094" startTime="2026-01-25T17:14:51.9852121+02:00" endTime="2026-01-25T17:14:51.9852125+02:00" testType="13cdc9d9-ddb5-4fa4-a97d-d965ccfc6d4b" outcome="Passed" testListId="8c84fa94-04c1-424b-9868-57a2d4851a1d" relativeResultsDirectory="7f1a776e-15ad-4e6e-a176-b095337a0c52" />
    <UnitTestResult executionId="6ae42913-355b-4b20-b8fc-038a36b16e48" testId="2824c8d7-49fe-3f7d-02e3-3a1cc7172b04" testName="ConstructionManagement.Tests.Integration.BOQAndTransactionIntegrationTests.CreateTransactionAsync_ShouldPersistTransaction" computerName="DESKTOP-P87JOPK" duration="00:00:07.1023498" startTime="2026-01-25T17:14:56.6951190+02:00" endTime="2026-01-25T17:14:56.6951193+02:00" testType="13cdc9d9-ddb5-4fa4-a97d-d965ccfc6d4b" outcome="Passed" testListId="8c84fa94-04c1-424b-9868-57a2d4851a1d" relativeResultsDirectory="6ae42913-355b-4b20-b8fc-038a36b16e48" />
    <UnitTestResult executionId="d316fd79-8256-466e-9e1c-09cad2753199" testId="e90fc49d-225c-bd51-675c-7d976d2caa43" testName="ConstructionManagement.Tests.Unit.Services.ProjectTeamServiceTests.AssignRoleToMemberAsync_WhenValid_ShouldCallSaveChangesAsync" computerName="DESKTOP-P87JOPK" duration="00:00:00.0544616" startTime="2026-01-25T17:14:56.7599240+02:00" endTime="2026-01-25T17:14:56.7599243+02:00" testType="13cdc9d9-ddb5-4fa4-a97d-d965ccfc6d4b" outcome="Passed" testListId="8c84fa94-04c1-424b-9868-57a2d4851a1d" relativeResultsDirectory="d316fd79-8256-466e-9e1c-09cad2753199" />
    <UnitTestResult executionId="78a80da9-61eb-4ef0-9333-cd87aa91d866" testId="f8212655-d7d7-41c9-9b64-0a5ed2d31ed3" testName="ConstructionManagement.Tests.Unit.Domain.BOQMeasuredTests.ProgressPercentage_ShouldCalculateCorrectPercentage(agreed: 200, executed: 200, expected: 100)" computerName="DESKTOP-P87JOPK" duration="00:00:00.0005738" startTime="2026-01-25T17:14:49.5891858+02:00" endTime="2026-01-25T17:14:49.5891859+02:00" testType="13cdc9d9-ddb5-4fa4-a97d-d965ccfc6d4b" outcome="Passed" testListId="8c84fa94-04c1-424b-9868-57a2d4851a1d" relativeResultsDirectory="78a80da9-61eb-4ef0-9333-cd87aa91d866" />
    <UnitTestResult executionId="d5de95f6-2f75-438f-a15b-8fa53ff7d125" testId="1c84a5ca-0b98-31d2-956d-de42336d668c" testName="ConstructionManagement.Tests.Unit.Services.EmailServiceTests.SendAsync_ShouldLogWarning_WhenInputArgumentsAreInvalid(to: &quot;&quot;, subject: &quot;Sub&quot;, body: &quot;Body&quot;)" computerName="DESKTOP-P87JOPK" duration="00:00:00.0033378" startTime="2026-01-25T17:14:51.3169184+02:00" endTime="2026-01-25T17:14:51.3169188+02:00" testType="13cdc9d9-ddb5-4fa4-a97d-d965ccfc6d4b" outcome="Passed" testListId="8c84fa94-04c1-424b-9868-57a2d4851a1d" relativeResultsDirectory="d5de95f6-2f75-438f-a15b-8fa53ff7d125" />
    <UnitTestResult executionId="9fd2ef55-4e04-4c66-b49d-5bb3734c9156" testId="a1f29375-d3f3-00fe-291a-9db3ee73f09b" testName="ConstructionManagement.Tests.Unit.Services.ProjectApprovalRuleServiceTests.GetApplicableRuleAsync_ShouldReturnSpecificRule_IfExits" computerName="DESKTOP-P87JOPK" duration="00:00:00.0094193" startTime="2026-01-25T17:14:49.3316013+02:00" endTime="2026-01-25T17:14:49.3316015+02:00" testType="13cdc9d9-ddb5-4fa4-a97d-d965ccfc6d4b" outcome="Passed" testListId="8c84fa94-04c1-424b-9868-57a2d4851a1d" relativeResultsDirectory="9fd2ef55-4e04-4c66-b49d-5bb3734c9156" />
    <UnitTestResult executionId="30eb493b-049a-41d4-b62b-f5b3174ade01" testId="06956daf-2b1f-06f5-c682-5f6b638ae6bc" testName="ConstructionManagement.Tests.Unit.Services.BOQItemServiceTests.CreateBOQItemAsync_ShouldRollback_OnException" computerName="DESKTOP-P87JOPK" duration="00:00:00.0062937" startTime="2026-01-25T17:14:49.5368448+02:00" endTime="2026-01-25T17:14:49.5368449+02:00" testType="13cdc9d9-ddb5-4fa4-a97d-d965ccfc6d4b" outcome="Passed" testListId="8c84fa94-04c1-424b-9868-57a2d4851a1d" relativeResultsDirectory="30eb493b-049a-41d4-b62b-f5b3174ade01" />
    <UnitTestResult executionId="45c2a66a-d6cd-4e26-a4b2-97e9206055b5" testId="828b2d57-9b50-d758-c0dc-324de269e4a5" testName="ConstructionManagement.Tests.Integration.EscalationIntegrationTests.CheckProjectAndItemDelaysAsync_ShouldDetectDelayedProjects" computerName="DESKTOP-P87JOPK" duration="00:00:00.9451407" startTime="2026-01-25T17:14:57.8411038+02:00" endTime="2026-01-25T17:14:57.8411041+02:00" testType="13cdc9d9-ddb5-4fa4-a97d-d965ccfc6d4b" outcome="Failed" testListId="8c84fa94-04c1-424b-9868-57a2d4851a1d" relativeResultsDirectory="45c2a66a-d6cd-4e26-a4b2-97e9206055b5">
      <Output>
        <ErrorInfo>
          <Message>Expected log not to be &lt;null&gt; because يجب تسجيل التصعيد في جدول EscalationLogs.</Message>
          <StackTrace>   at FluentAssertions.Execution.XUnit2TestFramework.Throw(String message)&#xD;
   at FluentAssertions.Execution.TestFrameworkProvider.Throw(String message)&#xD;
   at FluentAssertions.Execution.DefaultAssertionStrategy.HandleFailure(String message)&#xD;
   at FluentAssertions.Execution.AssertionScope.FailWith(Func`1 failReasonFunc)&#xD;
   at FluentAssertions.Execution.AssertionScope.FailWith(Func`1 failReasonFunc)&#xD;
   at FluentAssertions.Execution.AssertionScope.FailWith(String message)&#xD;
   at FluentAssertions.Primitives.ReferenceTypeAssertions`2.NotBeNull(String because, Object[] becauseArgs)&#xD;
   at ConstructionManagement.Tests.Integration.EscalationIntegrationTests.CheckProjectAndItemDelaysAsync_ShouldDetectDelayedProjects() in d:\Android\ConstructionManagement-main\ConstructionManagement\tests\ConstructionManagement.Tests\Integration\EscalationIntegrationTests.cs:line 73&#xD;
--- End of stack trace from previous location ---</StackTrace>
        </ErrorInfo>
      </Output>
    </UnitTestResult>
    <UnitTestResult executionId="f1df9f0a-0693-45a5-bb39-eb7b2e1e0b20" testId="3c44c027-b969-6dc5-0362-0f2e96847c4d" testName="ConstructionManagement.Tests.Unit.Domain.BOQItemTests.EstimatedBudget_WhenMeasuredDataIsNull_ShouldReturnZero" computerName="DESKTOP-P87JOPK" duration="00:00:00.0002564" startTime="2026-01-25T17:14:49.4677445+02:00" endTime="2026-01-25T17:14:49.4677446+02:00" testType="13cdc9d9-ddb5-4fa4-a97d-d965ccfc6d4b" outcome="Passed" testListId="8c84fa94-04c1-424b-9868-57a2d4851a1d" relativeResultsDirectory="f1df9f0a-0693-45a5-bb39-eb7b2e1e0b20" />
    <UnitTestResult executionId="20914e9c-76bb-4858-855e-3185613c96b5" testId="2e6ac51e-6633-98cb-b0be-1c6068a47eb8" testName="ConstructionManagement.Tests.Unit.Services.ProjectServiceTests.CreateProjectAsync_WhenExceptionOccursDuringSave_RollsBack" computerName="DESKTOP-P87JOPK" duration="00:00:00.0125912" startTime="2026-01-25T17:14:55.2401310+02:00" endTime="2026-01-25T17:14:55.2401317+02:00" testType="13cdc9d9-ddb5-4fa4-a97d-d965ccfc6d4b" outcome="Passed" testListId="8c84fa94-04c1-424b-9868-57a2d4851a1d" relativeResultsDirectory="20914e9c-76bb-4858-855e-3185613c96b5" />
    <UnitTestResult executionId="cde4cbd0-d263-4953-9759-c55c7e122f58" testId="86ce7f05-dab7-ec8c-43e9-01a8693486c3" testName="ConstructionManagement.Tests.Unit.Domain.BOQMeasuredTests.ProgressPercentage_ShouldCalculateCorrectPercentage(agreed: 50, executed: 0, expected: 0)" computerName="DESKTOP-P87JOPK" duration="00:00:00.0000120" startTime="2026-01-25T17:14:49.5906757+02:00" endTime="2026-01-25T17:14:49.5906759+02:00" testType="13cdc9d9-ddb5-4fa4-a97d-d965ccfc6d4b" outcome="Passed" testListId="8c84fa94-04c1-424b-9868-57a2d4851a1d" relativeResultsDirectory="cde4cbd0-d263-4953-9759-c55c7e122f58" />
    <UnitTestResult executionId="7782994c-f13a-4aa3-9584-9a020b35cc2b" testId="76128b34-2895-5a90-43ff-53cb28908af3" testName="ConstructionManagement.Tests.Unit.Services.EmailServiceTests.SendAsync_ShouldLogWarning_WhenInputArgumentsAreInvalid(to: &quot;to@test.com&quot;, subject: &quot;&quot;, body: &quot;Body&quot;)" computerName="DESKTOP-P87JOPK" duration="00:00:00.0016163" startTime="2026-01-25T17:14:51.3185818+02:00" endTime="2026-01-25T17:14:51.3185819+02:00" testType="13cdc9d9-ddb5-4fa4-a97d-d965ccfc6d4b" outcome="Passed" testListId="8c84fa94-04c1-424b-9868-57a2d4851a1d" relativeResultsDirectory="7782994c-f13a-4aa3-9584-9a020b35cc2b" />
    <UnitTestResult executionId="2606ae33-307b-4fe7-a027-5dc891d50b8c" testId="23e20834-e283-1525-dd23-375d078f0ca0" testName="ConstructionManagement.Tests.Unit.Domain.BOQMeasuredTests.ExecutedValue_ShouldReturnCorrectProduct" computerName="DESKTOP-P87JOPK" duration="00:00:00.0003997" startTime="2026-01-25T17:14:49.5921119+02:00" endTime="2026-01-25T17:14:49.5921120+02:00" testType="13cdc9d9-ddb5-4fa4-a97d-d965ccfc6d4b" outcome="Passed" testListId="8c84fa94-04c1-424b-9868-57a2d4851a1d" relativeResultsDirectory="2606ae33-307b-4fe7-a027-5dc891d50b8c" />
    <UnitTestResult executionId="4ac0c017-8bcc-4e1c-9a85-786b24bd861b" testId="54ebb129-0653-ef1d-af53-1f972924c086" testName="ConstructionManagement.Tests.Unit.Services.BOQItemServiceTests.GetBOQItemWithProgressAsync_WhenItemDoesNotExist_ReturnsNull" computerName="DESKTOP-P87JOPK" duration="00:00:00.0029852" startTime="2026-01-25T17:14:49.5640965+02:00" endTime="2026-01-25T17:14:49.5640970+02:00" testType="13cdc9d9-ddb5-4fa4-a97d-d965ccfc6d4b" outcome="Passed" testListId="8c84fa94-04c1-424b-9868-57a2d4851a1d" relativeResultsDirectory="4ac0c017-8bcc-4e1c-9a85-786b24bd861b" />
    <UnitTestResult executionId="2126831e-da7c-4e1c-9950-2b9c27e93e50" testId="9821bebc-acbd-1c29-9bde-dcc55d04260d" testName="ConstructionManagement.Tests.Unit.Services.BOQItemServiceTests.CreateBOQItemAsync_ShouldThrowException_WhenProjectNotFound" computerName="DESKTOP-P87JOPK" duration="00:00:00.0076687" startTime="2026-01-25T17:14:49.5446208+02:00" endTime="2026-01-25T17:14:49.5446213+02:00" testType="13cdc9d9-ddb5-4fa4-a97d-d965ccfc6d4b" outcome="Passed" testListId="8c84fa94-04c1-424b-9868-57a2d4851a1d" relativeResultsDirectory="2126831e-da7c-4e1c-9950-2b9c27e93e50" />
    <UnitTestResult executionId="ce6e7614-ccdf-43a1-9873-3b41376d4151" testId="929c3f5a-cc84-459c-8759-cb996984216a" testName="ConstructionManagement.Tests.Integration.FullSystemIntegrationTests.Auth_LoginFullProcess_ShouldSucceed" computerName="DESKTOP-P87JOPK" duration="00:00:00.9679918" startTime="2026-01-25T17:14:57.3694149+02:00" endTime="2026-01-25T17:14:57.3694150+02:00" testType="13cdc9d9-ddb5-4fa4-a97d-d965ccfc6d4b" outcome="Passed" testListId="8c84fa94-04c1-424b-9868-57a2d4851a1d" relativeResultsDirectory="ce6e7614-ccdf-43a1-9873-3b41376d4151" />
    <UnitTestResult executionId="19ddc528-b97a-468e-a4f8-588239328549" testId="b796699e-78ec-adee-5be3-441dceb657ae" testName="ConstructionManagement.Tests.Unit.Services.UserServiceTests.DeleteUserAsync_WhenValid_ShouldCallSaveChangesAsync" computerName="DESKTOP-P87JOPK" duration="00:00:00.0054449" startTime="2026-01-25T17:14:51.9214864+02:00" endTime="2026-01-25T17:14:51.9214866+02:00" testType="13cdc9d9-ddb5-4fa4-a97d-d965ccfc6d4b" outcome="Passed" testListId="8c84fa94-04c1-424b-9868-57a2d4851a1d" relativeResultsDirectory="19ddc528-b97a-468e-a4f8-588239328549" />
    <UnitTestResult executionId="6506658d-5c10-483c-9e0e-e52ab2b403f3" testId="919e7289-67d3-470e-b018-4bd7cfeb3115" testName="ConstructionManagement.Tests.Unit.Services.DailyLogServiceTests.CloseDailyLogAsync_ShouldUpdateLogAndAddDelta_WhenValidRequest" computerName="DESKTOP-P87JOPK" duration="00:00:00.0192688" startTime="2026-01-25T17:14:49.5293668+02:00" endTime="2026-01-25T17:14:49.5293672+02:00" testType="13cdc9d9-ddb5-4fa4-a97d-d965ccfc6d4b" outcome="Passed" testListId="8c84fa94-04c1-424b-9868-57a2d4851a1d" relativeResultsDirectory="6506658d-5c10-483c-9e0e-e52ab2b403f3" />
    <UnitTestResult executionId="b8eb5ac6-b645-4159-acc6-603f50a0b041" testId="07f321d7-0e3d-bbdd-1327-f73d3796e609" testName="ConstructionManagement.Tests.Unit.Domain.BOQItemNoteTests.BOQItemNote_ShouldAssignPropertiesCorrectly" computerName="DESKTOP-P87JOPK" duration="00:00:00.0007060" startTime="2026-01-25T17:14:49.4713562+02:00" endTime="2026-01-25T17:14:49.4713564+02:00" testType="13cdc9d9-ddb5-4fa4-a97d-d965ccfc6d4b" outcome="Passed" testListId="8c84fa94-04c1-424b-9868-57a2d4851a1d" relativeResultsDirectory="b8eb5ac6-b645-4159-acc6-603f50a0b041" />
    <UnitTestResult executionId="d63b1f87-fcaa-45be-818b-66049ec4d7ba" testId="80664208-44a4-62b7-784c-ad4e51b4f471" testName="ConstructionManagement.Tests.Unit.Domain.BOQMeasuredTests.ProgressPercentage_WhenAgreedQuantityIsZero_ShouldReturnZeroToAvoidDivisionByZero" computerName="DESKTOP-P87JOPK" duration="00:00:00.0002448" startTime="2026-01-25T17:14:49.5913952+02:00" endTime="2026-01-25T17:14:49.5913953+02:00" testType="13cdc9d9-ddb5-4fa4-a97d-d965ccfc6d4b" outcome="Passed" testListId="8c84fa94-04c1-424b-9868-57a2d4851a1d" relativeResultsDirectory="d63b1f87-fcaa-45be-818b-66049ec4d7ba" />
    <UnitTestResult executionId="7eb3328a-7ce7-4ebf-83f8-056a781d3a89" testId="d4cb6838-9d7c-5f51-b8ef-28695a108a1c" testName="ConstructionManagement.Tests.Unit.Services.ProjectSettingsServiceTests.GetSettingsAsync_WhenProjectDoesNotExist_ThrowsException" computerName="DESKTOP-P87JOPK" duration="00:00:00.0045728" startTime="2026-01-25T17:14:55.2350278+02:00" endTime="2026-01-25T17:14:55.2350279+02:00" testType="13cdc9d9-ddb5-4fa4-a97d-d965ccfc6d4b" outcome="Passed" testListId="8c84fa94-04c1-424b-9868-57a2d4851a1d" relativeResultsDirectory="7eb3328a-7ce7-4ebf-83f8-056a781d3a89" />
    <UnitTestResult executionId="ce183b77-43e4-4301-85b9-03bb8625a8f6" testId="8ad5b2f4-c9cd-25d7-270d-820010fa721c" testName="ConstructionManagement.Tests.Unit.Domain.BOQMeasuredTests.RemainingQuantity_ShouldCalculateDifferenceCorrectly" computerName="DESKTOP-P87JOPK" duration="00:00:00.0019622" startTime="2026-01-25T17:14:49.5928700+02:00" endTime="2026-01-25T17:14:49.5928702+02:00" testType="13cdc9d9-ddb5-4fa4-a97d-d965ccfc6d4b" outcome="Passed" testListId="8c84fa94-04c1-424b-9868-57a2d4851a1d" relativeResultsDirectory="ce183b77-43e4-4301-85b9-03bb8625a8f6" />
    <UnitTestResult executionId="98f94c85-3c5e-4f93-963d-817443b44b84" testId="2739ddab-19ed-d87a-f063-5f4a7440c3e7" testName="ConstructionManagement.Tests.Unit.Services.ProjectTeamServiceTests.AddTeamMemberAsync_WhenUserReportsToHimself_ThrowsException" computerName="DESKTOP-P87JOPK" duration="00:00:00.0078132" startTime="2026-01-25T17:14:56.7775376+02:00" endTime="2026-01-25T17:14:56.7775382+02:00" testType="13cdc9d9-ddb5-4fa4-a97d-d965ccfc6d4b" outcome="Passed" testListId="8c84fa94-04c1-424b-9868-57a2d4851a1d" relativeResultsDirectory="98f94c85-3c5e-4f93-963d-817443b44b84" />
    <UnitTestResult executionId="88a76740-172b-4ecf-a4b5-69a4618df7f7" testId="3975f291-d64b-a903-3800-7bf4da57c1e5" testName="ConstructionManagement.Tests.Unit.Services.AuthServiceTests.LoginAsync_WhenUserDoesNotExist_ReturnsFailure" computerName="DESKTOP-P87JOPK" duration="00:00:00.0028555" startTime="2026-01-25T17:14:49.1118597+02:00" endTime="2026-01-25T17:14:49.1118598+02:00" testType="13cdc9d9-ddb5-4fa4-a97d-d965ccfc6d4b" outcome="Passed" testListId="8c84fa94-04c1-424b-9868-57a2d4851a1d" relativeResultsDirectory="88a76740-172b-4ecf-a4b5-69a4618df7f7" />
    <UnitTestResult executionId="46277337-2d7a-4c57-99c4-06842af8eb85" testId="baa9d16d-8d04-c0bd-9245-a50f56a49357" testName="ConstructionManagement.Tests.Unit.Services.NotificationServiceTests.GetUserNotificationsAsync_ShouldReturnOnlyUnread_WhenRequested" computerName="DESKTOP-P87JOPK" duration="00:00:00.0136075" startTime="2026-01-25T17:14:49.1176451+02:00" endTime="2026-01-25T17:14:49.1176452+02:00" testType="13cdc9d9-ddb5-4fa4-a97d-d965ccfc6d4b" outcome="Passed" testListId="8c84fa94-04c1-424b-9868-57a2d4851a1d" relativeResultsDirectory="46277337-2d7a-4c57-99c4-06842af8eb85" />
    <UnitTestResult executionId="fb17316d-df41-4812-ae99-8c70b6f80bfe" testId="658f4c61-11bf-b0ff-b876-3026c2aacddc" testName="ConstructionManagement.Tests.Unit.Services.InvoiceServiceTests.GetInvoiceByIdAsync_ShouldMapAllFieldsCorrectly" computerName="DESKTOP-P87JOPK" duration="00:00:00.0063710" startTime="2026-01-25T17:14:56.8834830+02:00" endTime="2026-01-25T17:14:56.8834833+02:00" testType="13cdc9d9-ddb5-4fa4-a97d-d965ccfc6d4b" outcome="Passed" testListId="8c84fa94-04c1-424b-9868-57a2d4851a1d" relativeResultsDirectory="fb17316d-df41-4812-ae99-8c70b6f80bfe" />
    <UnitTestResult executionId="4e661c88-80cc-481f-82c1-9cc0f93c096b" testId="031ccc19-f8ad-891f-b80c-16a91df2881a" testName="ConstructionManagement.Tests.Unit.Services.ProjectApprovalRuleServiceTests.CreateRuleAsync_ShouldThrowException_WhenRolesAreMissing(uploader: &quot;Engineer&quot;, approver: &quot; &quot;)" computerName="DESKTOP-P87JOPK" duration="00:00:00.0025989" startTime="2026-01-25T17:14:49.3220726+02:00" endTime="2026-01-25T17:14:49.3220727+02:00" testType="13cdc9d9-ddb5-4fa4-a97d-d965ccfc6d4b" outcome="Passed" testListId="8c84fa94-04c1-424b-9868-57a2d4851a1d" relativeResultsDirectory="4e661c88-80cc-481f-82c1-9cc0f93c096b" />
    <UnitTestResult executionId="22303f2c-e7a6-40ca-82ec-d1857213eb84" testId="ae22f963-d601-7cf3-45f0-af99eb2001c6" testName="ConstructionManagement.Tests.Unit.Services.NotificationServiceTests.MarkAllAsReadAsync_ShouldUpdateOnlyUnreadNotifications" computerName="DESKTOP-P87JOPK" duration="00:00:00.0071361" startTime="2026-01-25T17:14:49.1126770+02:00" endTime="2026-01-25T17:14:49.1126771+02:00" testType="13cdc9d9-ddb5-4fa4-a97d-d965ccfc6d4b" outcome="Passed" testListId="8c84fa94-04c1-424b-9868-57a2d4851a1d" relativeResultsDirectory="22303f2c-e7a6-40ca-82ec-d1857213eb84" />
    <UnitTestResult executionId="1c6223fe-3e56-43cf-bab0-2362caa03e14" testId="2b859e28-774d-b8b9-cf97-0ab70a818e1b" testName="ConstructionManagement.Tests.Unit.Services.EmailServiceTests.SendAsync_ShouldLogWarning_WhenSenderEmailIsInvalid(invalidSender: null)" computerName="DESKTOP-P87JOPK" duration="00:00:00.0813770" startTime="2026-01-25T17:14:51.3027410+02:00" endTime="2026-01-25T17:14:51.3027413+02:00" testType="13cdc9d9-ddb5-4fa4-a97d-d965ccfc6d4b" outcome="Passed" testListId="8c84fa94-04c1-424b-9868-57a2d4851a1d" relativeResultsDirectory="1c6223fe-3e56-43cf-bab0-2362caa03e14" />
    <UnitTestResult executionId="c91f94d5-b1e5-4bf9-b1ac-d839156da322" testId="339020e5-f75b-7916-a549-bb5e3c1fb52e" testName="ConstructionManagement.Tests.Unit.Services.DailyLogServiceTests.GetOrCreateDailyLogIdAsync_ShouldCreateNewLog_WhenNotFound" computerName="DESKTOP-P87JOPK" duration="00:00:00.0226067" startTime="2026-01-25T17:14:49.5036599+02:00" endTime="2026-01-25T17:14:49.5036601+02:00" testType="13cdc9d9-ddb5-4fa4-a97d-d965ccfc6d4b" outcome="Passed" testListId="8c84fa94-04c1-424b-9868-57a2d4851a1d" relativeResultsDirectory="c91f94d5-b1e5-4bf9-b1ac-d839156da322" />
    <UnitTestResult executionId="545d9ea8-66c4-4dd7-a4c7-ed092acb19d9" testId="5d6b01c9-df7a-ff97-db4a-a2236ac89e13" testName="ConstructionManagement.Tests.Unit.Domain.BOQItemNoteTests.RelatedMedia_ShouldBeNullable_WhenNoEvidenceProvided" computerName="DESKTOP-P87JOPK" duration="00:00:00.0005548" startTime="2026-01-25T17:14:49.4720090+02:00" endTime="2026-01-25T17:14:49.4720091+02:00" testType="13cdc9d9-ddb5-4fa4-a97d-d965ccfc6d4b" outcome="Passed" testListId="8c84fa94-04c1-424b-9868-57a2d4851a1d" relativeResultsDirectory="545d9ea8-66c4-4dd7-a4c7-ed092acb19d9" />
    <UnitTestResult executionId="3af3851a-8f0c-416b-9493-5895c088f634" testId="25f975e4-265c-33df-14ac-f105c863dd86" testName="ConstructionManagement.Tests.Unit.Services.ProjectServiceTests.CloseProjectAsync_WhenUserIsOwner_UpdatesStatus" computerName="DESKTOP-P87JOPK" duration="00:00:00.0547471" startTime="2026-01-25T17:14:55.3109556+02:00" endTime="2026-01-25T17:14:55.3109559+02:00" testType="13cdc9d9-ddb5-4fa4-a97d-d965ccfc6d4b" outcome="Passed" testListId="8c84fa94-04c1-424b-9868-57a2d4851a1d" relativeResultsDirectory="3af3851a-8f0c-416b-9493-5895c088f634" />
    <UnitTestResult executionId="31756a10-e64b-40d6-bde1-7089f9804e3c" testId="5ea2dfa7-7008-9923-72cd-bdd78f9ec67c" testName="ConstructionManagement.Tests.Unit.Services.BOQItemServiceTests.GetBOQItemWithProgressAsync_WhenDataIsNull_ReturnsZeroProgress" computerName="DESKTOP-P87JOPK" duration="00:00:00.0037269" startTime="2026-01-25T17:14:49.5493319+02:00" endTime="2026-01-25T17:14:49.5493322+02:00" testType="13cdc9d9-ddb5-4fa4-a97d-d965ccfc6d4b" outcome="Passed" testListId="8c84fa94-04c1-424b-9868-57a2d4851a1d" relativeResultsDirectory="31756a10-e64b-40d6-bde1-7089f9804e3c" />
    <UnitTestResult executionId="f9a5f3dd-ea7d-4fb9-8d23-be339e2759bb" testId="7edf6678-438f-8761-0ce3-503787d813d1" testName="ConstructionManagement.Tests.Integration.EscalationIntegrationTests.CheckProjectAndItemDelaysAsync_WhenNotificationsDisabled_DoesNothing" computerName="DESKTOP-P87JOPK" duration="00:00:00.1657554" startTime="2026-01-25T17:14:58.0034330+02:00" endTime="2026-01-25T17:14:58.0034331+02:00" testType="13cdc9d9-ddb5-4fa4-a97d-d965ccfc6d4b" outcome="Passed" testListId="8c84fa94-04c1-424b-9868-57a2d4851a1d" relativeResultsDirectory="f9a5f3dd-ea7d-4fb9-8d23-be339e2759bb" />
    <UnitTestResult executionId="9598999d-f084-469e-933f-12addd462c7c" testId="29d79f26-92f1-1b3e-82e2-ead0830da3c8" testName="ConstructionManagement.Tests.Unit.Services.UserServiceTests.AddUserAsync_ShouldHashPasswordAndSaveThroughUnitOfWork" computerName="DESKTOP-P87JOPK" duration="00:00:00.3870928" startTime="2026-01-25T17:14:51.9159541+02:00" endTime="2026-01-25T17:14:51.9159543+02:00" testType="13cdc9d9-ddb5-4fa4-a97d-d965ccfc6d4b" outcome="Passed" testListId="8c84fa94-04c1-424b-9868-57a2d4851a1d" relativeResultsDirectory="9598999d-f084-469e-933f-12addd462c7c" />
    <UnitTestResult executionId="a638ee6b-86a1-4ef9-a937-182e740d13cf" testId="f07a253f-6298-f114-f1da-44c416a9be47" testName="ConstructionManagement.Tests.Unit.Services.BOQItemServiceTests.GetBOQItemWithProgressAsync_WhenAgreedQuantityIsZero_ReturnsZeroProgress" computerName="DESKTOP-P87JOPK" duration="00:00:00.0057380" startTime="2026-01-25T17:14:49.5559381+02:00" endTime="2026-01-25T17:14:49.5559384+02:00" testType="13cdc9d9-ddb5-4fa4-a97d-d965ccfc6d4b" outcome="Passed" testListId="8c84fa94-04c1-424b-9868-57a2d4851a1d" relativeResultsDirectory="a638ee6b-86a1-4ef9-a937-182e740d13cf" />
    <UnitTestResult executionId="83c733e7-0557-4540-ad13-90f28693e51e" testId="72a0e0d2-7829-cd55-dcbb-1de6a9d3440b" testName="ConstructionManagement.Tests.Unit.Services.ProjectTeamServiceTests.AddTeamMemberAsync_WhenValid_ShouldSaveAndCallUnitOfWork" computerName="DESKTOP-P87JOPK" duration="00:00:00.0095981" startTime="2026-01-25T17:14:56.7696071+02:00" endTime="2026-01-25T17:14:56.7696076+02:00" testType="13cdc9d9-ddb5-4fa4-a97d-d965ccfc6d4b" outcome="Passed" testListId="8c84fa94-04c1-424b-9868-57a2d4851a1d" relativeResultsDirectory="83c733e7-0557-4540-ad13-90f28693e51e" />
    <UnitTestResult executionId="0e4f648a-f2b3-4fff-8020-acf1047d86e8" testId="f048dc3f-60b8-bfdf-7109-15f584d8417f" testName="ConstructionManagement.Tests.Unit.Services.RoleServiceTests.DeleteRoleAsync_WhenValid_ShouldCallSaveChangesAsync" computerName="DESKTOP-P87JOPK" duration="00:00:00.0049889" startTime="2026-01-25T17:14:49.4650007+02:00" endTime="2026-01-25T17:14:49.4650009+02:00" testType="13cdc9d9-ddb5-4fa4-a97d-d965ccfc6d4b" outcome="Passed" testListId="8c84fa94-04c1-424b-9868-57a2d4851a1d" relativeResultsDirectory="0e4f648a-f2b3-4fff-8020-acf1047d86e8" />
    <UnitTestResult executionId="934b0fc6-38f0-40f1-b8da-c1c038178387" testId="3d39c860-72bb-56ee-7327-38a40726665c" testName="ConstructionManagement.Tests.Unit.Services.ProjectServiceTests.GetProjectsByUserAsync_ShouldFilterByTeamMember" computerName="DESKTOP-P87JOPK" duration="00:00:00.0120865" startTime="2026-01-25T17:14:55.3293020+02:00" endTime="2026-01-25T17:14:55.3293024+02:00" testType="13cdc9d9-ddb5-4fa4-a97d-d965ccfc6d4b" outcome="Passed" testListId="8c84fa94-04c1-424b-9868-57a2d4851a1d" relativeResultsDirectory="934b0fc6-38f0-40f1-b8da-c1c038178387" />
    <UnitTestResult executionId="23bfae46-4b64-4ee8-8f4a-4ae72a9bf8f4" testId="185ee420-d5be-67be-af88-fc95e8594aad" testName="ConstructionManagement.Tests.Unit.Services.ProjectServiceTests.CreateProjectAsync_ValidRequest_CommitsTransaction" computerName="DESKTOP-P87JOPK" duration="00:00:00.0035766" startTime="2026-01-25T17:14:55.3157068+02:00" endTime="2026-01-25T17:14:55.3157070+02:00" testType="13cdc9d9-ddb5-4fa4-a97d-d965ccfc6d4b" outcome="Passed" testListId="8c84fa94-04c1-424b-9868-57a2d4851a1d" relativeResultsDirectory="23bfae46-4b64-4ee8-8f4a-4ae72a9bf8f4" />
    <UnitTestResult executionId="44a0a3de-c221-4485-b8bb-ba5de9042cd7" testId="7b293b46-ce66-a099-72bd-2aa5004a39db" testName="ConstructionManagement.Tests.Unit.Services.DailyLogServiceTests.GetOrCreateDailyLogIdAsync_ShouldReturnExistingId_WhenFound" computerName="DESKTOP-P87JOPK" duration="00:00:00.0060362" startTime="2026-01-25T17:14:49.5098420+02:00" endTime="2026-01-25T17:14:49.5098424+02:00" testType="13cdc9d9-ddb5-4fa4-a97d-d965ccfc6d4b" outcome="Passed" testListId="8c84fa94-04c1-424b-9868-57a2d4851a1d" relativeResultsDirectory="44a0a3de-c221-4485-b8bb-ba5de9042cd7" />
    <UnitTestResult executionId="02e87a9f-825f-483f-9324-33c6e0744957" testId="b00b89b2-653f-6e09-ac29-4fde520ac7f7" testName="ConstructionManagement.Tests.Unit.Services.RoleServiceTests.AddRoleAsync_ShouldSaveCorrectlyAndCallUnitOfWork" computerName="DESKTOP-P87JOPK" duration="00:00:00.0196316" startTime="2026-01-25T17:14:49.4366724+02:00" endTime="2026-01-25T17:14:49.4366726+02:00" testType="13cdc9d9-ddb5-4fa4-a97d-d965ccfc6d4b" outcome="Passed" testListId="8c84fa94-04c1-424b-9868-57a2d4851a1d" relativeResultsDirectory="02e87a9f-825f-483f-9324-33c6e0744957" />
    <UnitTestResult executionId="dfb66ebd-7f25-4800-8115-265c24e22d3f" testId="62caaa8a-9783-f431-e20c-6ac1605cf8c2" testName="ConstructionManagement.Tests.Unit.Services.ProjectApprovalRuleServiceTests.GetRulesForProjectAsync_ShouldReturnList" computerName="DESKTOP-P87JOPK" duration="00:00:00.0048367" startTime="2026-01-25T17:14:49.3513772+02:00" endTime="2026-01-25T17:14:49.3513775+02:00" testType="13cdc9d9-ddb5-4fa4-a97d-d965ccfc6d4b" outcome="Passed" testListId="8c84fa94-04c1-424b-9868-57a2d4851a1d" relativeResultsDirectory="dfb66ebd-7f25-4800-8115-265c24e22d3f" />
    <UnitTestResult executionId="fc7fb403-b7ef-4a9a-9cbd-13f874495f97" testId="3cae27b0-1320-4199-cdd3-5f33c0811286" testName="ConstructionManagement.Tests.Unit.Services.ProjectTransactionServiceTests.CreateTransactionAsync_WhenBudgetExceeded_SendsNotification" computerName="DESKTOP-P87JOPK" duration="00:00:00.8107040" startTime="2026-01-25T17:14:48.7889250+02:00" endTime="2026-01-25T17:14:48.7889255+02:00" testType="13cdc9d9-ddb5-4fa4-a97d-d965ccfc6d4b" outcome="Passed" testListId="8c84fa94-04c1-424b-9868-57a2d4851a1d" relativeResultsDirectory="fc7fb403-b7ef-4a9a-9cbd-13f874495f97" />
    <UnitTestResult executionId="775c7a76-70ca-4ce5-9b8a-1c0d11658309" testId="13a468f7-14ba-fec1-97f8-6d66301e185d" testName="ConstructionManagement.Tests.Unit.Services.ProjectServiceTests.UpdateProjectAsync_WhenValid_ShouldUpdateFields" computerName="DESKTOP-P87JOPK" duration="00:00:00.0158130" startTime="2026-01-25T17:14:55.2560777+02:00" endTime="2026-01-25T17:14:55.2560781+02:00" testType="13cdc9d9-ddb5-4fa4-a97d-d965ccfc6d4b" outcome="Passed" testListId="8c84fa94-04c1-424b-9868-57a2d4851a1d" relativeResultsDirectory="775c7a76-70ca-4ce5-9b8a-1c0d11658309" />
    <UnitTestResult executionId="d93bf880-4be4-428d-bb79-7b4a37f3726a" testId="684c7c31-fac8-07c3-6661-d1a26c85d6c8" testName="ConstructionManagement.Tests.Unit.Domain.BOQItemTests.HelperProperties_ShouldReturnCorrectStatus(type: &quot;Measured&quot;, expectedMeasured: True, expectedSupervision: False)" computerName="DESKTOP-P87JOPK" duration="00:00:00.0003733" startTime="2026-01-25T17:14:49.4699406+02:00" endTime="2026-01-25T17:14:49.4699408+02:00" testType="13cdc9d9-ddb5-4fa4-a97d-d965ccfc6d4b" outcome="Passed" testListId="8c84fa94-04c1-424b-9868-57a2d4851a1d" relativeResultsDirectory="d93bf880-4be4-428d-bb79-7b4a37f3726a" />
    <UnitTestResult executionId="03f2f7a0-8ed0-40c6-9ed9-af52fbafcb52" testId="a790ecde-1301-0c25-5bc6-edadd484cf8a" testName="ConstructionManagement.Tests.Unit.Domain.BOQItemTests.EstimatedBudget_WhenAccountingTypeIsSupervision_ShouldReturnEstimatedTotalCost" computerName="DESKTOP-P87JOPK" duration="00:00:00.0016438" startTime="2026-01-25T17:14:49.4670317+02:00" endTime="2026-01-25T17:14:49.4670318+02:00" testType="13cdc9d9-ddb5-4fa4-a97d-d965ccfc6d4b" outcome="Passed" testListId="8c84fa94-04c1-424b-9868-57a2d4851a1d" relativeResultsDirectory="03f2f7a0-8ed0-40c6-9ed9-af52fbafcb52" />
    <UnitTestResult executionId="58b63a82-a2ff-4462-a2d9-b99f2816f972" testId="53d53d2d-64d1-4797-26f0-d0ca5b368d38" testName="ConstructionManagement.Tests.Integration.TransactionsReviewIntegrationTests.ReviewTransaction_ShouldUpdateReviewFields" computerName="DESKTOP-P87JOPK" duration="00:00:07.1293973" startTime="2026-01-25T17:14:56.7161576+02:00" endTime="2026-01-25T17:14:56.7161581+02:00" testType="13cdc9d9-ddb5-4fa4-a97d-d965ccfc6d4b" outcome="Failed" testListId="8c84fa94-04c1-424b-9868-57a2d4851a1d" relativeResultsDirectory="58b63a82-a2ff-4462-a2d9-b99f2816f972">
      <Output>
        <ErrorInfo>
          <Message>System.DivideByZeroException : Attempted to divide by zero.</Message>
          <StackTrace>   at System.Decimal.DecCalc.VarDecDiv(DecCalc&amp; d1, DecCalc&amp; d2)&#xD;
   at System.Decimal.op_Division(Decimal d1, Decimal d2)&#xD;
   at ConstructionManagement.Infrastructure.Services.ProjectTransactionService.CheckAndSendBudgetNotifications(Int32 projectId, BOQItem boqItem, Decimal totalSpent, Decimal currentProfit, Int32 userId) in D:\Android\ConstructionManagement-main\ConstructionManagement\src\ConstructionManagement.Infrastructure\Services\ProjectTransactionService.cs:line 204&#xD;
   at ConstructionManagement.Infrastructure.Services.ProjectTransactionService.CreateTransactionAsync(Int32 projectId, CreateTransactionRequest request, Int32 userId) in D:\Android\ConstructionManagement-main\ConstructionManagement\src\ConstructionManagement.Infrastructure\Services\ProjectTransactionService.cs:line 109&#xD;
   at ConstructionManagement.Infrastructure.Services.ProjectTransactionService.CreateTransactionAsync(Int32 projectId, CreateTransactionRequest request, Int32 userId) in D:\Android\ConstructionManagement-main\ConstructionManagement\src\ConstructionManagement.Infrastructure\Services\ProjectTransactionService.cs:line 122&#xD;
   at ConstructionManagement.Tests.Integration.TransactionsReviewIntegrationTests.ReviewTransaction_ShouldUpdateReviewFields() in d:\Android\ConstructionManagement-main\ConstructionManagement\tests\ConstructionManagement.Tests\Integration\TransactionsReviewIntegrationTests.cs:line 75&#xD;
--- End of stack trace from previous location ---</StackTrace>
        </ErrorInfo>
      </Output>
    </UnitTestResult>
    <UnitTestResult executionId="e9ee8a4b-8861-4e5d-97b8-211b624343ba" testId="8075c4d5-66d2-9d36-16bd-621c8cb24e0c" testName="ConstructionManagement.Tests.Unit.Services.RoleServiceTests.DeleteRoleAsync_WhenDeletingSuperAdmin_ThrowsException" computerName="DESKTOP-P87JOPK" duration="00:00:00.0154605" startTime="2026-01-25T17:14:49.4599187+02:00" endTime="2026-01-25T17:14:49.4599194+02:00" testType="13cdc9d9-ddb5-4fa4-a97d-d965ccfc6d4b" outcome="Passed" testListId="8c84fa94-04c1-424b-9868-57a2d4851a1d" relativeResultsDirectory="e9ee8a4b-8861-4e5d-97b8-211b624343ba" />
    <UnitTestResult executionId="b07dd6d0-0ef0-48a3-9ecb-bdabd921ed15" testId="135ffd27-e00c-f40b-c385-10a597ebc1b0" testName="ConstructionManagement.Tests.Unit.Services.LocalFileStorageServiceTests.DeleteFileAsync_ShouldReturnTrue_WhenFileExists" computerName="DESKTOP-P87JOPK" duration="00:00:00.0258983" startTime="2026-01-25T17:14:52.0391625+02:00" endTime="2026-01-25T17:14:52.0391629+02:00" testType="13cdc9d9-ddb5-4fa4-a97d-d965ccfc6d4b" outcome="Passed" testListId="8c84fa94-04c1-424b-9868-57a2d4851a1d" relativeResultsDirectory="b07dd6d0-0ef0-48a3-9ecb-bdabd921ed15" />
    <UnitTestResult executionId="7811e6e5-0236-4c05-a7b4-abd80fcf187e" testId="a10b640c-74ae-5ba6-0548-19afe69232ff" testName="ConstructionManagement.Tests.Integration.BOQAndTransactionIntegrationTests.Transaction_ShouldAffect_ProjectProfitability" computerName="DESKTOP-P87JOPK" duration="00:00:00.7250115" startTime="2026-01-25T17:14:57.4499135+02:00" endTime="2026-01-25T17:14:57.4499136+02:00" testType="13cdc9d9-ddb5-4fa4-a97d-d965ccfc6d4b" outcome="Passed" testListId="8c84fa94-04c1-424b-9868-57a2d4851a1d" relativeResultsDirectory="7811e6e5-0236-4c05-a7b4-abd80fcf187e" />
    <UnitTestResult executionId="0e8eba07-c86c-4c5c-83f8-5a9a8fc430ff" testId="0519b757-fa25-bc19-a177-34d55bb74e7b" testName="ConstructionManagement.Tests.Unit.Services.NotificationServiceTests.MarkAsReadAsync_ShouldUpdateStatus_WhenNotificationExistsAndBelongsToUser" computerName="DESKTOP-P87JOPK" duration="00:00:00.0076244" startTime="2026-01-25T17:14:49.1140400+02:00" endTime="2026-01-25T17:14:49.1140402+02:00" testType="13cdc9d9-ddb5-4fa4-a97d-d965ccfc6d4b" outcome="Passed" testListId="8c84fa94-04c1-424b-9868-57a2d4851a1d" relativeResultsDirectory="0e8eba07-c86c-4c5c-83f8-5a9a8fc430ff" />
    <UnitTestResult executionId="1328ac77-589c-4558-98cf-1001f7c46a04" testId="42683b93-1dc5-17dc-53f9-73e82c4c26cc" testName="ConstructionManagement.Tests.Unit.Services.DailyLogServiceTests.GetDailyLogHistoryAsync_ShouldReturnMappedDtos" computerName="DESKTOP-P87JOPK" duration="00:00:00.0192392" startTime="2026-01-25T17:14:49.5533821+02:00" endTime="2026-01-25T17:14:49.5533826+02:00" testType="13cdc9d9-ddb5-4fa4-a97d-d965ccfc6d4b" outcome="Passed" testListId="8c84fa94-04c1-424b-9868-57a2d4851a1d" relativeResultsDirectory="1328ac77-589c-4558-98cf-1001f7c46a04" />
    <UnitTestResult executionId="60abc9b9-943c-40a1-9c43-90d7c35f5df5" testId="c0e2e34e-8348-696a-0570-dae40990f828" testName="ConstructionManagement.Tests.Unit.Services.BOQItemServiceTests.GetBOQItemWithProgressAsync_Supervision_CalculatesCorrectly" computerName="DESKTOP-P87JOPK" duration="00:00:00.0272355" startTime="2026-01-25T17:14:49.5000559+02:00" endTime="2026-01-25T17:14:49.5000562+02:00" testType="13cdc9d9-ddb5-4fa4-a97d-d965ccfc6d4b" outcome="Passed" testListId="8c84fa94-04c1-424b-9868-57a2d4851a1d" relativeResultsDirectory="60abc9b9-943c-40a1-9c43-90d7c35f5df5" />
    <UnitTestResult executionId="20b71357-f4bf-414e-9003-e1993203bd5b" testId="2853d161-6227-282e-f4d5-205ae5447041" testName="ConstructionManagement.Tests.Unit.Services.ProjectApprovalRuleServiceTests.GetApplicableRuleAsync_ShouldFallbackToDefaultRule_WhenSpecificRuleDoesNotExist" computerName="DESKTOP-P87JOPK" duration="00:00:00.0050091" startTime="2026-01-25T17:14:49.3411806+02:00" endTime="2026-01-25T17:14:49.3411811+02:00" testType="13cdc9d9-ddb5-4fa4-a97d-d965ccfc6d4b" outcome="Passed" testListId="8c84fa94-04c1-424b-9868-57a2d4851a1d" relativeResultsDirectory="20b71357-f4bf-414e-9003-e1993203bd5b" />
  </Results>
  <TestDefinitions>
    <UnitTest name="ConstructionManagement.Tests.Integration.FullSystemIntegrationTests.Auth_LoginFullProcess_ShouldSucceed" storage="d:\android\constructionmanagement-main\constructionmanagement\tests\constructionmanagement.tests\bin\debug\net9.0\constructionmanagement.tests.dll" id="929c3f5a-cc84-459c-8759-cb996984216a">
      <Execution id="ce6e7614-ccdf-43a1-9873-3b41376d4151" />
      <TestMethod codeBase="D:\Android\ConstructionManagement-main\ConstructionManagement\tests\ConstructionManagement.Tests\bin\Debug\net9.0\ConstructionManagement.Tests.dll" adapterTypeName="executor://xunit/VsTestRunner2/netcoreapp" className="ConstructionManagement.Tests.Integration.FullSystemIntegrationTests" name="Auth_LoginFullProcess_ShouldSucceed" />
    </UnitTest>
    <UnitTest name="ConstructionManagement.Tests.Unit.Domain.BOQItemNoteTests.RelatedMedia_ShouldBeNullable_WhenNoEvidenceProvided" storage="d:\android\constructionmanagement-main\constructionmanagement\tests\constructionmanagement.tests\bin\debug\net9.0\constructionmanagement.tests.dll" id="5d6b01c9-df7a-ff97-db4a-a2236ac89e13">
      <Execution id="545d9ea8-66c4-4dd7-a4c7-ed092acb19d9" />
      <TestMethod codeBase="D:\Android\ConstructionManagement-main\ConstructionManagement\tests\ConstructionManagement.Tests\bin\Debug\net9.0\ConstructionManagement.Tests.dll" adapterTypeName="executor://xunit/VsTestRunner2/netcoreapp" className="ConstructionManagement.Tests.Unit.Domain.BOQItemNoteTests" name="RelatedMedia_ShouldBeNullable_WhenNoEvidenceProvided" />
    </UnitTest>
    <UnitTest name="ConstructionManagement.Tests.Unit.Services.ProjectServiceTests.GetProjectsByUserAsync_ShouldFilterByTeamMember" storage="d:\android\constructionmanagement-main\constructionmanagement\tests\constructionmanagement.tests\bin\debug\net9.0\constructionmanagement.tests.dll" id="3d39c860-72bb-56ee-7327-38a40726665c">
      <Execution id="934b0fc6-38f0-40f1-b8da-c1c038178387" />
      <TestMethod codeBase="D:\Android\ConstructionManagement-main\ConstructionManagement\tests\ConstructionManagement.Tests\bin\Debug\net9.0\ConstructionManagement.Tests.dll" adapterTypeName="executor://xunit/VsTestRunner2/netcoreapp" className="ConstructionManagement.Tests.Unit.Services.ProjectServiceTests" name="GetProjectsByUserAsync_ShouldFilterByTeamMember" />
    </UnitTest>
    <UnitTest name="ConstructionManagement.Tests.Unit.Services.EmailServiceTests.SendAsync_ShouldLogWarning_WhenSenderEmailIsInvalid(invalidSender: null)" storage="d:\android\constructionmanagement-main\constructionmanagement\tests\constructionmanagement.tests\bin\debug\net9.0\constructionmanagement.tests.dll" id="2b859e28-774d-b8b9-cf97-0ab70a818e1b">
      <Execution id="1c6223fe-3e56-43cf-bab0-2362caa03e14" />
      <TestMethod codeBase="D:\Android\ConstructionManagement-main\ConstructionManagement\tests\ConstructionManagement.Tests\bin\Debug\net9.0\ConstructionManagement.Tests.dll" adapterTypeName="executor://xunit/VsTestRunner2/netcoreapp" className="ConstructionManagement.Tests.Unit.Services.EmailServiceTests" name="SendAsync_ShouldLogWarning_WhenSenderEmailIsInvalid" />
    </UnitTest>
    <UnitTest name="ConstructionManagement.Tests.Unit.Services.EmailServiceTests.SendAsync_ShouldLogWarning_WhenInputArgumentsAreInvalid(to: &quot;invalid-email&quot;, subject: &quot;Sub&quot;, body: &quot;Body&quot;)" storage="d:\android\constructionmanagement-main\constructionmanagement\tests\constructionmanagement.tests\bin\debug\net9.0\constructionmanagement.tests.dll" id="00d26d9a-1b79-2436-2543-82b8820cbbc1">
      <Execution id="c2021827-c236-499f-b884-6be30a9782e6" />
      <TestMethod codeBase="D:\Android\ConstructionManagement-main\ConstructionManagement\tests\ConstructionManagement.Tests\bin\Debug\net9.0\ConstructionManagement.Tests.dll" adapterTypeName="executor://xunit/VsTestRunner2/netcoreapp" className="ConstructionManagement.Tests.Unit.Services.EmailServiceTests" name="SendAsync_ShouldLogWarning_WhenInputArgumentsAreInvalid" />
    </UnitTest>
    <UnitTest name="ConstructionManagement.Tests.Unit.Domain.BOQItemNoteTests.BOQItemNote_ShouldAssignPropertiesCorrectly" storage="d:\android\constructionmanagement-main\constructionmanagement\tests\constructionmanagement.tests\bin\debug\net9.0\constructionmanagement.tests.dll" id="07f321d7-0e3d-bbdd-1327-f73d3796e609">
      <Execution id="b8eb5ac6-b645-4159-acc6-603f50a0b041" />
      <TestMethod codeBase="D:\Android\ConstructionManagement-main\ConstructionManagement\tests\ConstructionManagement.Tests\bin\Debug\net9.0\ConstructionManagement.Tests.dll" adapterTypeName="executor://xunit/VsTestRunner2/netcoreapp" className="ConstructionManagement.Tests.Unit.Domain.BOQItemNoteTests" name="BOQItemNote_ShouldAssignPropertiesCorrectly" />
    </UnitTest>
    <UnitTest name="ConstructionManagement.Tests.Unit.Services.InvoiceServiceTests.GetInvoicesForItemAsync_ShouldReturnOrderedListByDateDescending" storage="d:\android\constructionmanagement-main\constructionmanagement\tests\constructionmanagement.tests\bin\debug\net9.0\constructionmanagement.tests.dll" id="ae5d045c-5fc9-cced-03f9-d2caa4f1a276">
      <Execution id="6981353a-8e74-4739-8c0c-e0c67e3c50e4" />
      <TestMethod codeBase="D:\Android\ConstructionManagement-main\ConstructionManagement\tests\ConstructionManagement.Tests\bin\Debug\net9.0\ConstructionManagement.Tests.dll" adapterTypeName="executor://xunit/VsTestRunner2/netcoreapp" className="ConstructionManagement.Tests.Unit.Services.InvoiceServiceTests" name="GetInvoicesForItemAsync_ShouldReturnOrderedListByDateDescending" />
    </UnitTest>
    <UnitTest name="ConstructionManagement.Tests.Unit.Services.ProjectServiceTests.UpdateProjectAsync_WhenValid_ShouldUpdateFields" storage="d:\android\constructionmanagement-main\constructionmanagement\tests\constructionmanagement.tests\bin\debug\net9.0\constructionmanagement.tests.dll" id="13a468f7-14ba-fec1-97f8-6d66301e185d">
      <Execution id="775c7a76-70ca-4ce5-9b8a-1c0d11658309" />
      <TestMethod codeBase="D:\Android\ConstructionManagement-main\ConstructionManagement\tests\ConstructionManagement.Tests\bin\Debug\net9.0\ConstructionManagement.Tests.dll" adapterTypeName="executor://xunit/VsTestRunner2/netcoreapp" className="ConstructionManagement.Tests.Unit.Services.ProjectServiceTests" name="UpdateProjectAsync_WhenValid_ShouldUpdateFields" />
    </UnitTest>
    <UnitTest name="ConstructionManagement.Tests.Integration.FullSystemIntegrationTests.BOQ_CreateAndProgress_ShouldPersistCorrectData" storage="d:\android\constructionmanagement-main\constructionmanagement\tests\constructionmanagement.tests\bin\debug\net9.0\constructionmanagement.tests.dll" id="b00f92e2-7038-fe38-a2e7-a6872001e556">
      <Execution id="afa25b19-776c-4b71-86bf-b4527e1d3f5f" />
      <TestMethod codeBase="D:\Android\ConstructionManagement-main\ConstructionManagement\tests\ConstructionManagement.Tests\bin\Debug\net9.0\ConstructionManagement.Tests.dll" adapterTypeName="executor://xunit/VsTestRunner2/netcoreapp" className="ConstructionManagement.Tests.Integration.FullSystemIntegrationTests" name="BOQ_CreateAndProgress_ShouldPersistCorrectData" />
    </UnitTest>
    <UnitTest name="ConstructionManagement.Tests.Unit.Services.AuthServiceTests.LoginAsync_ShouldThrowException_WhenJwtKeyIsMissing" storage="d:\android\constructionmanagement-main\constructionmanagement\tests\constructionmanagement.tests\bin\debug\net9.0\constructionmanagement.tests.dll" id="e448f8bc-dee0-9153-0bdf-dcfc20600950">
      <Execution id="3429f408-77df-4985-9afa-581e3f72f73a" />
      <TestMethod codeBase="D:\Android\ConstructionManagement-main\ConstructionManagement\tests\ConstructionManagement.Tests\bin\Debug\net9.0\ConstructionManagement.Tests.dll" adapterTypeName="executor://xunit/VsTestRunner2/netcoreapp" className="ConstructionManagement.Tests.Unit.Services.AuthServiceTests" name="LoginAsync_ShouldThrowException_WhenJwtKeyIsMissing" />
    </UnitTest>
    <UnitTest name="ConstructionManagement.Tests.Unit.Services.ProjectApprovalRuleServiceTests.GetRulesForProjectAsync_ShouldReturnList" storage="d:\android\constructionmanagement-main\constructionmanagement\tests\constructionmanagement.tests\bin\debug\net9.0\constructionmanagement.tests.dll" id="62caaa8a-9783-f431-e20c-6ac1605cf8c2">
      <Execution id="dfb66ebd-7f25-4800-8115-265c24e22d3f" />
      <TestMethod codeBase="D:\Android\ConstructionManagement-main\ConstructionManagement\tests\ConstructionManagement.Tests\bin\Debug\net9.0\ConstructionManagement.Tests.dll" adapterTypeName="executor://xunit/VsTestRunner2/netcoreapp" className="ConstructionManagement.Tests.Unit.Services.ProjectApprovalRuleServiceTests" name="GetRulesForProjectAsync_ShouldReturnList" />
    </UnitTest>
    <UnitTest name="ConstructionManagement.Tests.Integration.MediaUploadAndReviewIntegrationTests.ReviewMedia_Approve_SetsApprovedStatus" storage="d:\android\constructionmanagement-main\constructionmanagement\tests\constructionmanagement.tests\bin\debug\net9.0\constructionmanagement.tests.dll" id="5caf9aef-e377-6426-2c52-54d115cde48b">
      <Execution id="212e6c5d-8514-416b-b9c1-d92db23420cb" />
      <TestMethod codeBase="D:\Android\ConstructionManagement-main\ConstructionManagement\tests\ConstructionManagement.Tests\bin\Debug\net9.0\ConstructionManagement.Tests.dll" adapterTypeName="executor://xunit/VsTestRunner2/netcoreapp" className="ConstructionManagement.Tests.Integration.MediaUploadAndReviewIntegrationTests" name="ReviewMedia_Approve_SetsApprovedStatus" />
    </UnitTest>
    <UnitTest name="ConstructionManagement.Tests.Unit.Services.BOQItemServiceTests.GetBOQItemWithProgressAsync_Supervision_CalculatesCorrectly" storage="d:\android\constructionmanagement-main\constructionmanagement\tests\constructionmanagement.tests\bin\debug\net9.0\constructionmanagement.tests.dll" id="c0e2e34e-8348-696a-0570-dae40990f828">
      <Execution id="60abc9b9-943c-40a1-9c43-90d7c35f5df5" />
      <TestMethod codeBase="D:\Android\ConstructionManagement-main\ConstructionManagement\tests\ConstructionManagement.Tests\bin\Debug\net9.0\ConstructionManagement.Tests.dll" adapterTypeName="executor://xunit/VsTestRunner2/netcoreapp" className="ConstructionManagement.Tests.Unit.Services.BOQItemServiceTests" name="GetBOQItemWithProgressAsync_Supervision_CalculatesCorrectly" />
    </UnitTest>
    <UnitTest name="ConstructionManagement.Tests.Unit.Services.ProjectTransactionServiceTests.CreateTransactionAsync_ShouldCommit_WhenValidRequest" storage="d:\android\constructionmanagement-main\constructionmanagement\tests\constructionmanagement.tests\bin\debug\net9.0\constructionmanagement.tests.dll" id="62bbbb98-88c4-5cd2-2251-c2b51d68a697">
      <Execution id="d0109b7b-e38a-46eb-abb2-551cf8a98a1f" />
      <TestMethod codeBase="D:\Android\ConstructionManagement-main\ConstructionManagement\tests\ConstructionManagement.Tests\bin\Debug\net9.0\ConstructionManagement.Tests.dll" adapterTypeName="executor://xunit/VsTestRunner2/netcoreapp" className="ConstructionManagement.Tests.Unit.Services.ProjectTransactionServiceTests" name="CreateTransactionAsync_ShouldCommit_WhenValidRequest" />
    </UnitTest>
    <UnitTest name="ConstructionManagement.Tests.Unit.Services.EmailServiceTests.SendAsync_ShouldLogWarning_WhenSenderEmailIsInvalid(invalidSender: &quot;&quot;)" storage="d:\android\constructionmanagement-main\constructionmanagement\tests\constructionmanagement.tests\bin\debug\net9.0\constructionmanagement.tests.dll" id="4468b247-e469-b782-36ca-edda3dcde5f5">
      <Execution id="d9ce537c-00a8-4560-9f2a-4d99d24354e1" />
      <TestMethod codeBase="D:\Android\ConstructionManagement-main\ConstructionManagement\tests\ConstructionManagement.Tests\bin\Debug\net9.0\ConstructionManagement.Tests.dll" adapterTypeName="executor://xunit/VsTestRunner2/netcoreapp" className="ConstructionManagement.Tests.Unit.Services.EmailServiceTests" name="SendAsync_ShouldLogWarning_WhenSenderEmailIsInvalid" />
    </UnitTest>
    <UnitTest name="ConstructionManagement.Tests.Unit.Services.ProjectApprovalRuleServiceTests.CreateRuleAsync_ShouldThrowException_WhenRolesAreMissing(uploader: &quot;Engineer&quot;, approver: &quot; &quot;)" storage="d:\android\constructionmanagement-main\constructionmanagement\tests\constructionmanagement.tests\bin\debug\net9.0\constructionmanagement.tests.dll" id="031ccc19-f8ad-891f-b80c-16a91df2881a">
      <Execution id="4e661c88-80cc-481f-82c1-9cc0f93c096b" />
      <TestMethod codeBase="D:\Android\ConstructionManagement-main\ConstructionManagement\tests\ConstructionManagement.Tests\bin\Debug\net9.0\ConstructionManagement.Tests.dll" adapterTypeName="executor://xunit/VsTestRunner2/netcoreapp" className="ConstructionManagement.Tests.Unit.Services.ProjectApprovalRuleServiceTests" name="CreateRuleAsync_ShouldThrowException_WhenRolesAreMissing" />
    </UnitTest>
    <UnitTest name="ConstructionManagement.Tests.Unit.Services.ProjectApprovalRuleServiceTests.GetApplicableRuleAsync_ShouldFallbackToDefaultRule_WhenSpecificRuleDoesNotExist" storage="d:\android\constructionmanagement-main\constructionmanagement\tests\constructionmanagement.tests\bin\debug\net9.0\constructionmanagement.tests.dll" id="2853d161-6227-282e-f4d5-205ae5447041">
      <Execution id="20b71357-f4bf-414e-9003-e1993203bd5b" />
      <TestMethod codeBase="D:\Android\ConstructionManagement-main\ConstructionManagement\tests\ConstructionManagement.Tests\bin\Debug\net9.0\ConstructionManagement.Tests.dll" adapterTypeName="executor://xunit/VsTestRunner2/netcoreapp" className="ConstructionManagement.Tests.Unit.Services.ProjectApprovalRuleServiceTests" name="GetApplicableRuleAsync_ShouldFallbackToDefaultRule_WhenSpecificRuleDoesNotExist" />
    </UnitTest>
    <UnitTest name="ConstructionManagement.Tests.Integration.EscalationIntegrationTests.CheckProjectAndItemDelaysAsync_ShouldDetectDelayedProjects" storage="d:\android\constructionmanagement-main\constructionmanagement\tests\constructionmanagement.tests\bin\debug\net9.0\constructionmanagement.tests.dll" id="828b2d57-9b50-d758-c0dc-324de269e4a5">
      <Execution id="45c2a66a-d6cd-4e26-a4b2-97e9206055b5" />
      <TestMethod codeBase="D:\Android\ConstructionManagement-main\ConstructionManagement\tests\ConstructionManagement.Tests\bin\Debug\net9.0\ConstructionManagement.Tests.dll" adapterTypeName="executor://xunit/VsTestRunner2/netcoreapp" className="ConstructionManagement.Tests.Integration.EscalationIntegrationTests" name="CheckProjectAndItemDelaysAsync_ShouldDetectDelayedProjects" />
    </UnitTest>
    <UnitTest name="ConstructionManagement.Tests.Integration.AuthServiceIntegrationTests.LoginAsync_WithValidCredentials_ReturnsToken" storage="d:\android\constructionmanagement-main\constructionmanagement\tests\constructionmanagement.tests\bin\debug\net9.0\constructionmanagement.tests.dll" id="70bf519a-7b7b-36da-821d-b2e5c11c892b">
      <Execution id="67f2365d-50cb-45be-ab8a-ba1f00144ce0" />
      <TestMethod codeBase="D:\Android\ConstructionManagement-main\ConstructionManagement\tests\ConstructionManagement.Tests\bin\Debug\net9.0\ConstructionManagement.Tests.dll" adapterTypeName="executor://xunit/VsTestRunner2/netcoreapp" className="ConstructionManagement.Tests.Integration.AuthServiceIntegrationTests" name="LoginAsync_WithValidCredentials_ReturnsToken" />
    </UnitTest>
    <UnitTest name="ConstructionManagement.Tests.Unit.Services.AuthServiceTests.LoginAsync_WhenUserDoesNotExist_ReturnsFailure" storage="d:\android\constructionmanagement-main\constructionmanagement\tests\constructionmanagement.tests\bin\debug\net9.0\constructionmanagement.tests.dll" id="3975f291-d64b-a903-3800-7bf4da57c1e5">
      <Execution id="88a76740-172b-4ecf-a4b5-69a4618df7f7" />
      <TestMethod codeBase="D:\Android\ConstructionManagement-main\ConstructionManagement\tests\ConstructionManagement.Tests\bin\Debug\net9.0\ConstructionManagement.Tests.dll" adapterTypeName="executor://xunit/VsTestRunner2/netcoreapp" className="ConstructionManagement.Tests.Unit.Services.AuthServiceTests" name="LoginAsync_WhenUserDoesNotExist_ReturnsFailure" />
    </UnitTest>
    <UnitTest name="ConstructionManagement.Tests.Unit.Services.DailyLogServiceTests.GetOrCreateDailyLogIdAsync_ShouldReturnExistingId_WhenFound" storage="d:\android\constructionmanagement-main\constructionmanagement\tests\constructionmanagement.tests\bin\debug\net9.0\constructionmanagement.tests.dll" id="7b293b46-ce66-a099-72bd-2aa5004a39db">
      <Execution id="44a0a3de-c221-4485-b8bb-ba5de9042cd7" />
[...]
    <TestEntry testId="ab69df4f-6fad-7528-a058-7b533a7a02df" executionId="44ec9d32-0f56-4c13-b37c-5e76c1a307e3" testListId="8c84fa94-04c1-424b-9868-57a2d4851a1d" />
    <TestEntry testId="3a60a5fb-4fbb-d413-e138-f52ffe2457be" executionId="ac09bc55-c77b-410b-9fc0-768b43b20ba1" testListId="8c84fa94-04c1-424b-9868-57a2d4851a1d" />
    <TestEntry testId="36dd82e1-4cce-f54a-dfdd-38825058f5ab" executionId="326a2a47-3829-4526-bb94-aceafbfeddd0" testListId="8c84fa94-04c1-424b-9868-57a2d4851a1d" />
    <TestEntry testId="5caf9aef-e377-6426-2c52-54d115cde48b" executionId="212e6c5d-8514-416b-b9c1-d92db23420cb" testListId="8c84fa94-04c1-424b-9868-57a2d4851a1d" />
    <TestEntry testId="aa9312b0-b7e5-d271-e823-74c0eeac1df2" executionId="7b2ee8dd-d6ac-4886-a64e-1738e518077c" testListId="8c84fa94-04c1-424b-9868-57a2d4851a1d" />
    <TestEntry testId="114ea961-bf1f-bc72-d633-b630ccf5545e" executionId="c6430774-7cf9-4f56-8e29-68c615574456" testListId="8c84fa94-04c1-424b-9868-57a2d4851a1d" />
    <TestEntry testId="0faa077a-155c-b7d8-dc8e-89ef56902aab" executionId="3575a989-fb39-487c-8ba0-bd70662d8145" testListId="8c84fa94-04c1-424b-9868-57a2d4851a1d" />
    <TestEntry testId="23e84b07-6b60-0ec6-43a0-b5cc9c5670e8" executionId="508acd26-b429-4791-8a5f-053eeaeb7672" testListId="8c84fa94-04c1-424b-9868-57a2d4851a1d" />
    <TestEntry testId="7e13f458-7a85-edc8-ed8c-98bc4528686c" executionId="dc449290-0bae-4395-bac9-14a533196bc1" testListId="8c84fa94-04c1-424b-9868-57a2d4851a1d" />
    <TestEntry testId="4bd221bf-937e-7391-2b13-d64f5e7721b9" executionId="84c27659-a645-4ff5-a521-fd8c0066c6e0" testListId="8c84fa94-04c1-424b-9868-57a2d4851a1d" />
    <TestEntry testId="be1fcf7a-c2f3-431c-017b-6914350cf204" executionId="4062144a-cb90-468a-a507-592966b6f5c9" testListId="8c84fa94-04c1-424b-9868-57a2d4851a1d" />
    <TestEntry testId="e39eec21-d317-87b8-cd4e-0c18aa5ef5ed" executionId="6ea8333d-e793-454a-bb29-c5d22ab254ec" testListId="8c84fa94-04c1-424b-9868-57a2d4851a1d" />
    <TestEntry testId="b27855f4-b213-bc36-8e57-4340474c4650" executionId="e3cc193f-d1ee-4dc9-b4d6-ed81aee80fb0" testListId="8c84fa94-04c1-424b-9868-57a2d4851a1d" />
    <TestEntry testId="b6fd6807-eb71-1f91-1aad-0d8bfb74e16a" executionId="701029a6-33c0-4874-8d25-c55f40bfdbe5" testListId="8c84fa94-04c1-424b-9868-57a2d4851a1d" />
    <TestEntry testId="1155aaca-c3c0-ec6f-62d0-abb4c4f495b5" executionId="391cde9c-9101-4ed1-addc-2d5de0cb9323" testListId="8c84fa94-04c1-424b-9868-57a2d4851a1d" />
    <TestEntry testId="90cddf36-2c80-5db4-9a83-c89516bbdfb4" executionId="dc0026a3-7974-4f43-846b-dd82af7ed72b" testListId="8c84fa94-04c1-424b-9868-57a2d4851a1d" />
    <TestEntry testId="ad9c1318-1ff6-4478-e087-97c333773ace" executionId="a4a1d245-1009-4523-be8b-75510be9f21e" testListId="8c84fa94-04c1-424b-9868-57a2d4851a1d" />
    <TestEntry testId="a07a1c27-2f31-ca7b-ff45-636ce12b5ecf" executionId="dc629db8-8b84-44a9-95b1-d5e3ea1335e5" testListId="8c84fa94-04c1-424b-9868-57a2d4851a1d" />
    <TestEntry testId="4468b247-e469-b782-36ca-edda3dcde5f5" executionId="d9ce537c-00a8-4560-9f2a-4d99d24354e1" testListId="8c84fa94-04c1-424b-9868-57a2d4851a1d" />
    <TestEntry testId="b5b2a675-66ad-13ce-4493-74502ce4d6db" executionId="fe271b52-953f-475b-9119-c649ae52bdd4" testListId="8c84fa94-04c1-424b-9868-57a2d4851a1d" />
    <TestEntry testId="96744c73-8793-fb64-afb4-7d8866aff5b2" executionId="c8faf97e-9adc-4b8d-907c-a4503f0faa9b" testListId="8c84fa94-04c1-424b-9868-57a2d4851a1d" />
    <TestEntry testId="e448f8bc-dee0-9153-0bdf-dcfc20600950" executionId="3429f408-77df-4985-9afa-581e3f72f73a" testListId="8c84fa94-04c1-424b-9868-57a2d4851a1d" />
    <TestEntry testId="7e24ea30-2b92-ec8e-d326-a66246dbf4bc" executionId="d9801811-7749-47a7-891d-61216e372b75" testListId="8c84fa94-04c1-424b-9868-57a2d4851a1d" />
    <TestEntry testId="ae5d045c-5fc9-cced-03f9-d2caa4f1a276" executionId="6981353a-8e74-4739-8c0c-e0c67e3c50e4" testListId="8c84fa94-04c1-424b-9868-57a2d4851a1d" />
    <TestEntry testId="8f4c072b-217d-f568-5d44-924c41be968e" executionId="b88be75d-957e-4cef-9650-e665de9eace1" testListId="8c84fa94-04c1-424b-9868-57a2d4851a1d" />
    <TestEntry testId="b00f92e2-7038-fe38-a2e7-a6872001e556" executionId="afa25b19-776c-4b71-86bf-b4527e1d3f5f" testListId="8c84fa94-04c1-424b-9868-57a2d4851a1d" />
    <TestEntry testId="973376f7-7650-8eb9-3615-e37d9da03cd3" executionId="132e7661-3c5c-421b-879c-30ffa1cc8b1f" testListId="8c84fa94-04c1-424b-9868-57a2d4851a1d" />
    <TestEntry testId="962cdcb7-8b6e-eda6-b113-c6d98dc57a87" executionId="2f264823-24ca-4aa5-8821-9a136f606eae" testListId="8c84fa94-04c1-424b-9868-57a2d4851a1d" />
    <TestEntry testId="6ba39f1e-a1b0-47cf-60e5-ebf92f79337f" executionId="65b4caa2-5503-4e30-b2ed-4c9a1be241ac" testListId="8c84fa94-04c1-424b-9868-57a2d4851a1d" />
    <TestEntry testId="19de9228-f5c7-c239-86aa-d6265a116748" executionId="da3cf552-0ffa-45df-a35e-de550e840ffd" testListId="8c84fa94-04c1-424b-9868-57a2d4851a1d" />
    <TestEntry testId="9a2a463b-c650-6ea0-dc45-2fc3ca053d3b" executionId="f12f333a-6ab4-4409-8ca3-1236d40d7f64" testListId="8c84fa94-04c1-424b-9868-57a2d4851a1d" />
    <TestEntry testId="00d26d9a-1b79-2436-2543-82b8820cbbc1" executionId="c2021827-c236-499f-b884-6be30a9782e6" testListId="8c84fa94-04c1-424b-9868-57a2d4851a1d" />
    <TestEntry testId="322cb825-9b3b-6760-1f7c-177d403e5a1c" executionId="2da564cb-fb8d-4933-b853-75475d4a84e7" testListId="8c84fa94-04c1-424b-9868-57a2d4851a1d" />
    <TestEntry testId="be7899fe-11fa-8798-a7a1-7b59851a8181" executionId="b1c987d8-6b18-4dac-8879-6198902fd2f5" testListId="8c84fa94-04c1-424b-9868-57a2d4851a1d" />
    <TestEntry testId="8039185b-6c51-2bb7-0fb7-d1a8631f3491" executionId="7f1a776e-15ad-4e6e-a176-b095337a0c52" testListId="8c84fa94-04c1-424b-9868-57a2d4851a1d" />
    <TestEntry testId="2824c8d7-49fe-3f7d-02e3-3a1cc7172b04" executionId="6ae42913-355b-4b20-b8fc-038a36b16e48" testListId="8c84fa94-04c1-424b-9868-57a2d4851a1d" />
    <TestEntry testId="e90fc49d-225c-bd51-675c-7d976d2caa43" executionId="d316fd79-8256-466e-9e1c-09cad2753199" testListId="8c84fa94-04c1-424b-9868-57a2d4851a1d" />
    <TestEntry testId="f8212655-d7d7-41c9-9b64-0a5ed2d31ed3" executionId="78a80da9-61eb-4ef0-9333-cd87aa91d866" testListId="8c84fa94-04c1-424b-9868-57a2d4851a1d" />
    <TestEntry testId="1c84a5ca-0b98-31d2-956d-de42336d668c" executionId="d5de95f6-2f75-438f-a15b-8fa53ff7d125" testListId="8c84fa94-04c1-424b-9868-57a2d4851a1d" />
    <TestEntry testId="a1f29375-d3f3-00fe-291a-9db3ee73f09b" executionId="9fd2ef55-4e04-4c66-b49d-5bb3734c9156" testListId="8c84fa94-04c1-424b-9868-57a2d4851a1d" />
    <TestEntry testId="06956daf-2b1f-06f5-c682-5f6b638ae6bc" executionId="30eb493b-049a-41d4-b62b-f5b3174ade01" testListId="8c84fa94-04c1-424b-9868-57a2d4851a1d" />
    <TestEntry testId="828b2d57-9b50-d758-c0dc-324de269e4a5" executionId="45c2a66a-d6cd-4e26-a4b2-97e9206055b5" testListId="8c84fa94-04c1-424b-9868-57a2d4851a1d" />
    <TestEntry testId="3c44c027-b969-6dc5-0362-0f2e96847c4d" executionId="f1df9f0a-0693-45a5-bb39-eb7b2e1e0b20" testListId="8c84fa94-04c1-424b-9868-57a2d4851a1d" />
    <TestEntry testId="2e6ac51e-6633-98cb-b0be-1c6068a47eb8" executionId="20914e9c-76bb-4858-855e-3185613c96b5" testListId="8c84fa94-04c1-424b-9868-57a2d4851a1d" />
    <TestEntry testId="86ce7f05-dab7-ec8c-43e9-01a8693486c3" executionId="cde4cbd0-d263-4953-9759-c55c7e122f58" testListId="8c84fa94-04c1-424b-9868-57a2d4851a1d" />
    <TestEntry testId="76128b34-2895-5a90-43ff-53cb28908af3" executionId="7782994c-f13a-4aa3-9584-9a020b35cc2b" testListId="8c84fa94-04c1-424b-9868-57a2d4851a1d" />
    <TestEntry testId="23e20834-e283-1525-dd23-375d078f0ca0" executionId="2606ae33-307b-4fe7-a027-5dc891d50b8c" testListId="8c84fa94-04c1-424b-9868-57a2d4851a1d" />
    <TestEntry testId="54ebb129-0653-ef1d-af53-1f972924c086" executionId="4ac0c017-8bcc-4e1c-9a85-786b24bd861b" testListId="8c84fa94-04c1-424b-9868-57a2d4851a1d" />
    <TestEntry testId="9821bebc-acbd-1c29-9bde-dcc55d04260d" executionId="2126831e-da7c-4e1c-9950-2b9c27e93e50" testListId="8c84fa94-04c1-424b-9868-57a2d4851a1d" />
    <TestEntry testId="929c3f5a-cc84-459c-8759-cb996984216a" executionId="ce6e7614-ccdf-43a1-9873-3b41376d4151" testListId="8c84fa94-04c1-424b-9868-57a2d4851a1d" />
    <TestEntry testId="b796699e-78ec-adee-5be3-441dceb657ae" executionId="19ddc528-b97a-468e-a4f8-588239328549" testListId="8c84fa94-04c1-424b-9868-57a2d4851a1d" />
    <TestEntry testId="919e7289-67d3-470e-b018-4bd7cfeb3115" executionId="6506658d-5c10-483c-9e0e-e52ab2b403f3" testListId="8c84fa94-04c1-424b-9868-57a2d4851a1d" />
    <TestEntry testId="07f321d7-0e3d-bbdd-1327-f73d3796e609" executionId="b8eb5ac6-b645-4159-acc6-603f50a0b041" testListId="8c84fa94-04c1-424b-9868-57a2d4851a1d" />
    <TestEntry testId="80664208-44a4-62b7-784c-ad4e51b4f471" executionId="d63b1f87-fcaa-45be-818b-66049ec4d7ba" testListId="8c84fa94-04c1-424b-9868-57a2d4851a1d" />
    <TestEntry testId="d4cb6838-9d7c-5f51-b8ef-28695a108a1c" executionId="7eb3328a-7ce7-4ebf-83f8-056a781d3a89" testListId="8c84fa94-04c1-424b-9868-57a2d4851a1d" />
    <TestEntry testId="8ad5b2f4-c9cd-25d7-270d-820010fa721c" executionId="ce183b77-43e4-4301-85b9-03bb8625a8f6" testListId="8c84fa94-04c1-424b-9868-57a2d4851a1d" />
    <TestEntry testId="2739ddab-19ed-d87a-f063-5f4a7440c3e7" executionId="98f94c85-3c5e-4f93-963d-817443b44b84" testListId="8c84fa94-04c1-424b-9868-57a2d4851a1d" />
    <TestEntry testId="3975f291-d64b-a903-3800-7bf4da57c1e5" executionId="88a76740-172b-4ecf-a4b5-69a4618df7f7" testListId="8c84fa94-04c1-424b-9868-57a2d4851a1d" />
    <TestEntry testId="baa9d16d-8d04-c0bd-9245-a50f56a49357" executionId="46277337-2d7a-4c57-99c4-06842af8eb85" testListId="8c84fa94-04c1-424b-9868-57a2d4851a1d" />
    <TestEntry testId="658f4c61-11bf-b0ff-b876-3026c2aacddc" executionId="fb17316d-df41-4812-ae99-8c70b6f80bfe" testListId="8c84fa94-04c1-424b-9868-57a2d4851a1d" />
    <TestEntry testId="031ccc19-f8ad-891f-b80c-16a91df2881a" executionId="4e661c88-80cc-481f-82c1-9cc0f93c096b" testListId="8c84fa94-04c1-424b-9868-57a2d4851a1d" />
    <TestEntry testId="ae22f963-d601-7cf3-45f0-af99eb2001c6" executionId="22303f2c-e7a6-40ca-82ec-d1857213eb84" testListId="8c84fa94-04c1-424b-9868-57a2d4851a1d" />
    <TestEntry testId="2b859e28-774d-b8b9-cf97-0ab70a818e1b" executionId="1c6223fe-3e56-43cf-bab0-2362caa03e14" testListId="8c84fa94-04c1-424b-9868-57a2d4851a1d" />
    <TestEntry testId="339020e5-f75b-7916-a549-bb5e3c1fb52e" executionId="c91f94d5-b1e5-4bf9-b1ac-d839156da322" testListId="8c84fa94-04c1-424b-9868-57a2d4851a1d" />
    <TestEntry testId="5d6b01c9-df7a-ff97-db4a-a2236ac89e13" executionId="545d9ea8-66c4-4dd7-a4c7-ed092acb19d9" testListId="8c84fa94-04c1-424b-9868-57a2d4851a1d" />
    <TestEntry testId="25f975e4-265c-33df-14ac-f105c863dd86" executionId="3af3851a-8f0c-416b-9493-5895c088f634" testListId="8c84fa94-04c1-424b-9868-57a2d4851a1d" />
    <TestEntry testId="5ea2dfa7-7008-9923-72cd-bdd78f9ec67c" executionId="31756a10-e64b-40d6-bde1-7089f9804e3c" testListId="8c84fa94-04c1-424b-9868-57a2d4851a1d" />
    <TestEntry testId="7edf6678-438f-8761-0ce3-503787d813d1" executionId="f9a5f3dd-ea7d-4fb9-8d23-be339e2759bb" testListId="8c84fa94-04c1-424b-9868-57a2d4851a1d" />
    <TestEntry testId="29d79f26-92f1-1b3e-82e2-ead0830da3c8" executionId="9598999d-f084-469e-933f-12addd462c7c" testListId="8c84fa94-04c1-424b-9868-57a2d4851a1d" />
    <TestEntry testId="f07a253f-6298-f114-f1da-44c416a9be47" executionId="a638ee6b-86a1-4ef9-a937-182e740d13cf" testListId="8c84fa94-04c1-424b-9868-57a2d4851a1d" />
    <TestEntry testId="72a0e0d2-7829-cd55-dcbb-1de6a9d3440b" executionId="83c733e7-0557-4540-ad13-90f28693e51e" testListId="8c84fa94-04c1-424b-9868-57a2d4851a1d" />
    <TestEntry testId="f048dc3f-60b8-bfdf-7109-15f584d8417f" executionId="0e4f648a-f2b3-4fff-8020-acf1047d86e8" testListId="8c84fa94-04c1-424b-9868-57a2d4851a1d" />
    <TestEntry testId="3d39c860-72bb-56ee-7327-38a40726665c" executionId="934b0fc6-38f0-40f1-b8da-c1c038178387" testListId="8c84fa94-04c1-424b-9868-57a2d4851a1d" />
    <TestEntry testId="185ee420-d5be-67be-af88-fc95e8594aad" executionId="23bfae46-4b64-4ee8-8f4a-4ae72a9bf8f4" testListId="8c84fa94-04c1-424b-9868-57a2d4851a1d" />
    <TestEntry testId="7b293b46-ce66-a099-72bd-2aa5004a39db" executionId="44a0a3de-c221-4485-b8bb-ba5de9042cd7" testListId="8c84fa94-04c1-424b-9868-57a2d4851a1d" />
    <TestEntry testId="b00b89b2-653f-6e09-ac29-4fde520ac7f7" executionId="02e87a9f-825f-483f-9324-33c6e0744957" testListId="8c84fa94-04c1-424b-9868-57a2d4851a1d" />
    <TestEntry testId="62caaa8a-9783-f431-e20c-6ac1605cf8c2" executionId="dfb66ebd-7f25-4800-8115-265c24e22d3f" testListId="8c84fa94-04c1-424b-9868-57a2d4851a1d" />
    <TestEntry testId="3cae27b0-1320-4199-cdd3-5f33c0811286" executionId="fc7fb403-b7ef-4a9a-9cbd-13f874495f97" testListId="8c84fa94-04c1-424b-9868-57a2d4851a1d" />
    <TestEntry testId="13a468f7-14ba-fec1-97f8-6d66301e185d" executionId="775c7a76-70ca-4ce5-9b8a-1c0d11658309" testListId="8c84fa94-04c1-424b-9868-57a2d4851a1d" />
    <TestEntry testId="684c7c31-fac8-07c3-6661-d1a26c85d6c8" executionId="d93bf880-4be4-428d-bb79-7b4a37f3726a" testListId="8c84fa94-04c1-424b-9868-57a2d4851a1d" />
    <TestEntry testId="a790ecde-1301-0c25-5bc6-edadd484cf8a" executionId="03f2f7a0-8ed0-40c6-9ed9-af52fbafcb52" testListId="8c84fa94-04c1-424b-9868-57a2d4851a1d" />
    <TestEntry testId="53d53d2d-64d1-4797-26f0-d0ca5b368d38" executionId="58b63a82-a2ff-4462-a2d9-b99f2816f972" testListId="8c84fa94-04c1-424b-9868-57a2d4851a1d" />
    <TestEntry testId="8075c4d5-66d2-9d36-16bd-621c8cb24e0c" executionId="e9ee8a4b-8861-4e5d-97b8-211b624343ba" testListId="8c84fa94-04c1-424b-9868-57a2d4851a1d" />
    <TestEntry testId="135ffd27-e00c-f40b-c385-10a597ebc1b0" executionId="b07dd6d0-0ef0-48a3-9ecb-bdabd921ed15" testListId="8c84fa94-04c1-424b-9868-57a2d4851a1d" />
    <TestEntry testId="a10b640c-74ae-5ba6-0548-19afe69232ff" executionId="7811e6e5-0236-4c05-a7b4-abd80fcf187e" testListId="8c84fa94-04c1-424b-9868-57a2d4851a1d" />
    <TestEntry testId="0519b757-fa25-bc19-a177-34d55bb74e7b" executionId="0e8eba07-c86c-4c5c-83f8-5a9a8fc430ff" testListId="8c84fa94-04c1-424b-9868-57a2d4851a1d" />
    <TestEntry testId="42683b93-1dc5-17dc-53f9-73e82c4c26cc" executionId="1328ac77-589c-4558-98cf-1001f7c46a04" testListId="8c84fa94-04c1-424b-9868-57a2d4851a1d" />
    <TestEntry testId="c0e2e34e-8348-696a-0570-dae40990f828" executionId="60abc9b9-943c-40a1-9c43-90d7c35f5df5" testListId="8c84fa94-04c1-424b-9868-57a2d4851a1d" />
    <TestEntry testId="2853d161-6227-282e-f4d5-205ae5447041" executionId="20b71357-f4bf-414e-9003-e1993203bd5b" testListId="8c84fa94-04c1-424b-9868-57a2d4851a1d" />
  </TestEntries>
  <TestLists>
    <TestList name="Results Not in a List" id="8c84fa94-04c1-424b-9868-57a2d4851a1d" />
    <TestList name="All Loaded Results" id="19431567-8539-422a-85d7-44ee4e166bda" />
  </TestLists>
  <ResultSummary outcome="Failed">
    <Counters total="102" executed="102" passed="100" failed="2" error="0" timeout="0" aborted="0" inconclusive="0" passedButRunAborted="0" notRunnable="0" notExecuted="0" disconnected="0" warning="0" completed="0" inProgress="0" pending="0" />
    <Output>
      <StdOut>[xUnit.net 00:00:00.00] xUnit.net VSTest Adapter v2.8.2+699d445a1a (64-bit .NET 9.0.12)&#xD;
[xUnit.net 00:00:00.19]   Discovering: ConstructionManagement.Tests&#xD;
[xUnit.net 00:00:00.29]   Discovered:  ConstructionManagement.Tests&#xD;
[xUnit.net 00:00:00.31]   Starting:    ConstructionManagement.Tests&#xD;
[xUnit.net 00:00:09.12]       System.DivideByZeroException : Attempted to divide by zero.&#xD;
[xUnit.net 00:00:09.12]       Stack Trace:&#xD;
[xUnit.net 00:00:09.12]            at System.Decimal.DecCalc.VarDecDiv(DecCalc&amp; d1, DecCalc&amp; d2)&#xD;
[xUnit.net 00:00:09.12]            at System.Decimal.op_Division(Decimal d1, Decimal d2)&#xD;
[xUnit.net 00:00:09.12]         D:\Android\ConstructionManagement-main\ConstructionManagement\src\ConstructionManagement.Infrastructure\Services\ProjectTransactionService.cs(204,0): at ConstructionManagement.Infrastructure.Services.ProjectTransactionService.CheckAndSendBudgetNotifications(Int32 projectId, BOQItem boqItem, Decimal totalSpent, Decimal currentProfit, Int32 userId)&#xD;
[xUnit.net 00:00:09.12]         D:\Android\ConstructionManagement-main\ConstructionManagement\src\ConstructionManagement.Infrastructure\Services\ProjectTransactionService.cs(109,0): at ConstructionManagement.Infrastructure.Services.ProjectTransactionService.CreateTransactionAsync(Int32 projectId, CreateTransactionRequest request, Int32 userId)&#xD;
[xUnit.net 00:00:09.12]         D:\Android\ConstructionManagement-main\ConstructionManagement\src\ConstructionManagement.Infrastructure\Services\ProjectTransactionService.cs(122,0): at ConstructionManagement.Infrastructure.Services.ProjectTransactionService.CreateTransactionAsync(Int32 projectId, CreateTransactionRequest request, Int32 userId)&#xD;
[xUnit.net 00:00:09.12]         d:\Android\ConstructionManagement-main\ConstructionManagement\tests\ConstructionManagement.Tests\Integration\TransactionsReviewIntegrationTests.cs(75,0): at ConstructionManagement.Tests.Integration.TransactionsReviewIntegrationTests.ReviewTransaction_ShouldUpdateReviewFields()&#xD;
[xUnit.net 00:00:09.12]         --- End of stack trace from previous location ---&#xD;
[xUnit.net 00:00:10.25]       Expected log not to be &lt;null&gt; because يجب تسجيل التصعيد في جدول EscalationLogs.&#xD;
[xUnit.net 00:00:10.25]       Stack Trace:&#xD;
[xUnit.net 00:00:10.25]            at FluentAssertions.Execution.XUnit2TestFramework.Throw(String message)&#xD;
[xUnit.net 00:00:10.25]            at FluentAssertions.Execution.TestFrameworkProvider.Throw(String message)&#xD;
[xUnit.net 00:00:10.25]            at FluentAssertions.Execution.DefaultAssertionStrategy.HandleFailure(String message)&#xD;
[xUnit.net 00:00:10.25]            at FluentAssertions.Execution.AssertionScope.FailWith(Func`1 failReasonFunc)&#xD;
[xUnit.net 00:00:10.25]            at FluentAssertions.Execution.AssertionScope.FailWith(Func`1 failReasonFunc)&#xD;
[xUnit.net 00:00:10.25]            at FluentAssertions.Execution.AssertionScope.FailWith(String message)&#xD;
[xUnit.net 00:00:10.25]            at FluentAssertions.Primitives.ReferenceTypeAssertions`2.NotBeNull(String because, Object[] becauseArgs)&#xD;
[xUnit.net 00:00:10.25]         d:\Android\ConstructionManagement-main\ConstructionManagement\tests\ConstructionManagement.Tests\Integration\EscalationIntegrationTests.cs(73,0): at ConstructionManagement.Tests.Integration.EscalationIntegrationTests.CheckProjectAndItemDelaysAsync_ShouldDetectDelayedProjects()&#xD;
[xUnit.net 00:00:10.25]         --- End of stack trace from previous location ---&#xD;
[xUnit.net 00:00:10.42]   Finished:    ConstructionManagement.Tests&#xD;
</StdOut>
    </Output>
    <RunInfos>
      <RunInfo computerName="DESKTOP-P87JOPK" outcome="Error" timestamp="2026-01-25T17:14:56.7118817+02:00">
        <Text>[xUnit.net 00:00:09.12]     ConstructionManagement.Tests.Integration.TransactionsReviewIntegrationTests.ReviewTransaction_ShouldUpdateReviewFields [FAIL]</Text>
      </RunInfo>
      <RunInfo computerName="DESKTOP-P87JOPK" outcome="Error" timestamp="2026-01-25T17:14:57.8403700+02:00">
        <Text>[xUnit.net 00:00:10.24]     ConstructionManagement.Tests.Integration.EscalationIntegrationTests.CheckProjectAndItemDelaysAsync_ShouldDetectDelayedProjects [FAIL]</Text>
      </RunInfo>
    </RunInfos>
    <CollectorDataEntries>
      <Collector agentName="DESKTOP-P87JOPK" uri="datacollector://microsoft/CoverletCodeCoverage/1.0" collectorDisplayName="XPlat code coverage">
        <UriAttachments>
          <UriAttachment>
            <A href="DESKTOP-P87JOPK\coverage.cobertura.xml"></A>
          </UriAttachment>
        </UriAttachments>
      </Collector>
    </CollectorDataEntries>
  </ResultSummary>
</TestRun>